00:24:59.929 >   Receiving: {"result":true,"id":8}
00:24:59.929 > >>> shares:0  valids:0  Khashes:1966  avg:366.4 KH/s
00:24:59.929 > Pool workers:0  poolHash:0.0000
00:24:59.929 > WiFi: IoT 192.168.0.185
00:24:59.929 >   Receiving: {"jsonrpc":"2.0","method":"mining.notify","params":["0000c6a5","a585a432f3db6a3f8bd7a858c8e5b362367a8e700000525f0000000000000000","01000000010000000000000000000000000000000000000000000000000000000000000000ffffffff1d03501f0e042b32296900","0a4d696e696e67636f726500000000020000000000000000266a24aa21a9edd1c7e243ce539b690fce274a25d476537b3ae35ed531a943c4bc07d6edf5553c1b57b01200000000160014a0a75500479fe2e6ebf5d6504542c19b46fba57200000000",["cd46b2a5452f8fb849250514c7ac07f08a8df53b4df8cc8c93674d150eab0466","a5142477dd1a4342452cf08e629e56502431a5f536319910be023fe316cb09a7","9c3a7d18491b78a7d8deab0b27d47b591f69fd40e36624628833f947979a8d7c","068825eca17f47db9443fb2c97b014b3a9e9d3d768a38054e722d079475cdad2","5116d2e07f68d1c102c076de9003d83ac2656c354c65d12377a1a74b77b3dcd5","220f99fa21b6975845b582880dd37b8f2ed77594cc1e9fa8638fa5ad23fbb745","640813633e139a230b7632a0f613ef2a74f50608f3937a77f4cb3eb3df8568ee","2b787eebdb06acc742bd920b60c5292a9ef089252ba5309f00908469dde856da","aa18d89381e1fb862cf3f4d433889dcf46d862add5364d8ca1752c48f642b0a9","469a23352c5f7807b37d6c93abcafbc9419ae559c0966df888de3797efce1a60","a330c8aab8541c2e90b7d163762b796eca838198e16f50e80c554975899d3a47"],"20000000","1701e2a0","6929322b",true],"id":null}
00:24:59.930 >     Parsing Method [MINING NOTIFY]
00:24:59.930 >     target: 00000000000000000001e2a00000000000000000000000000000000000000000
00:24:59.930 >     coinbase: 01000000010000000000000000000000000000000000000000000000000000000000000000ffffffff1d03501f0e042b3229690020b99819000000010a4d696e696e67636f726500000000020000000000000000266a24aa21a9edd1c7e243ce539b690fce274a25d476537b3ae35ed531a943c4bc07d6edf5553c1b57b01200000000160014a0a75500479fe2e6ebf5d6504542c19b46fba57200000000
00:24:59.930 >     merkle sha         : 19b0d62832934b284104be645daa11c0d607bfe166f98bbad0521c15439094db
00:24:59.930 > >>> shares:0  valids:0  Khashes:2326  avg:360.1 KH/s
00:24:59.930 > Pool workers:0  poolHash:0.0000
00:24:59.930 > WiFi: IoT 192.168.0.185
00:24:59.930 >   Sending  : {"id":9,"method":"mining.submit","params":["bc1qrx29kdm75ek69zs29m9pp08z0kkczcg286t7kl.IoT 2.w3","0000c6a5","00000001","6929322b","da5a25ae"]}
00:24:59.930 >    - Current diff share: 0.000850554961
00:24:59.930 >    - Current pool diff : 0.000150000000
00:24:59.930 >    - TX SHARE: 5ef70c6ca59394ee1d5b717a831551f6eb0decdf7a8615a345a05eaf97040000
00:24:59.930 >   Receiving: {"result":true,"id":9}
00:25:00.695 > >>> shares:0  valids:0  Khashes:2719  avg:360.1 KH/s
00:25:00.698 > Pool workers:0  poolHash:0.0000
00:25:00.701 > WiFi: IoT 192.168.0.185
00:25:01.344 >   Sending  : {"id":10,"method":"mining.submit","params":["bc1qrx29kdm75ek69zs29m9pp08z0kkczcg286t7kl.IoT 2.w2","0000c6a5","00000001","6929322b","da602c3f"]}
00:25:01.355 >    - Current diff share: 0.000785704100
00:25:01.360 >    - Current pool diff : 0.000150000000
00:25:01.364 >    - TX SHARE: afed33eec86092649a00b6a19e53197eb6c5d5fb1a532e2061226fb9f8040000
00:25:01.520 >   Receiving: {"result":true,"id":10}
00:25:01.734 > >>> shares:0  valids:0  Khashes:3112  avg:359.9 KH/s
00:25:01.736 > Pool workers:0  poolHash:0.0000
00:25:01.739 > WiFi: IoT 192.168.0.185
00:25:02.772 > >>> shares:0  valids:0  Khashes:3440  avg:360.0 KH/s
00:25:02.776 > Pool workers:0  poolHash:0.0000
00:25:02.777 > WiFi: IoT 192.168.0.185
00:25:03.120 >   Sending  : {"id":11,"method":"mining.submit","params":["bc1qrx29kdm75ek69zs29m9pp08z0kkczcg286t7kl.IoT 2.w3","0000c6a5","00000001","6929322b","da678e78"]}
00:25:03.131 >    - Current diff share: 0.000478659385
00:25:03.136 >    - Current pool diff : 0.000150000000
00:25:03.139 >    - TX SHARE: 1f639b48555b7452be2eb71e754bb86166118fd3b316730d6691ea2229080000
00:25:03.296 >   Receiving: {"result":true,"id":11}
00:25:03.809 > >>> shares:0  valids:0  Khashes:3833  avg:359.8 KH/s
00:25:03.811 > Pool workers:0  poolHash:0.0000
00:25:03.815 > WiFi: IoT 192.168.0.185
00:25:04.847 > >>> shares:0  valids:0  Khashes:4226  avg:366.1 KH/s
00:25:04.850 > Pool workers:0  poolHash:0.0000
00:25:04.852 > WiFi: IoT 192.168.0.185
00:25:05.885 > >>> shares:0  valids:0  Khashes:4619  avg:366.1 KH/s
00:25:05.890 > Pool workers:0  poolHash:0.0000
00:25:05.890 > WiFi: IoT 192.168.0.185
00:25:06.924 > >>> shares:0  valids:0  Khashes:4947  avg:353.6 KH/s
00:25:06.926 > Pool workers:0  poolHash:0.0000
00:25:06.930 > WiFi: IoT 192.168.0.185
00:25:07.963 > >>> shares:0  valids:0  Khashes:5340  avg:366.1 KH/s
00:25:07.964 > Pool workers:0  poolHash:0.0000
00:25:07.967 > WiFi: IoT 192.168.0.185
00:25:08.999 > >>> shares:0  valids:0  Khashes:5733  avg:366.1 KH/s
00:25:09.001 > Pool workers:0  poolHash:0.0000
00:25:09.004 > WiFi: IoT 192.168.0.185
00:25:09.200 >   Receiving: {"jsonrpc":"2.0","method":"mining.notify","params":["0000c6a6","a585a432f3db6a3f8bd7a858c8e5b362367a8e700000525f0000000000000000","01000000010000000000000000000000000000000000000000000000000000000000000000ffffffff1d03501f0e043532296900","0a4d696e696e67636f726500000000020000000000000000266a24aa21a9edacf460ec9e42b63dcd0cece0222b62934a85d30fc84cdbe31bcbc6be41c2227f259ab01200000000160014a0a75500479fe2e6ebf5d6504542c19b46fba57200000000",["cd46b2a5452f8fb849250514c7ac07f08a8df53b4df8cc8c93674d150eab0466","a5142477dd1a4342452cf08e629e56502431a5f536319910be023fe316cb09a7","9c3a7d18491b78a7d8deab0b27d47b591f69fd40e36624628833f947979a8d7c","068825eca17f47db9443fb2c97b014b3a9e9d3d768a38054e722d079475cdad2","abd9048584e9fd5d76ace458f07615770603f274241777e9bf0c4274f39d34a4","d048a0e9d5754df78240f682c98f48ebb8ac57dcafaa8fce88f8287697e4429d","3809c678920eaee2ebaed2c3cdd8536be7b5cfd64836f0907669c7af4dd1f2bf","c1a3097659276a6736dcef32a289dcc944dc8f26881743257b2fb62a4c9b9ddb","038447ca375c7851c4ef452251d7bc4371004f45a1847e724de67b9e667376fd","6a3e79367eab36dff626a750aead5ccad7977c3fede07e4a98bb9e53233ec230","cc814260e1990662d734093831b4720b8d78e85e525347b2e150f9ac02bf6681"],"20000000","1701e2a0","69293235",false],"id":null}
00:25:09.305 >     Parsing Method [MINING NOTIFY]
00:25:09.308 >     target: 00000000000000000001e2a00000000000000000000000000000000000000000
00:25:09.316 >     coinbase: 01000000010000000000000000000000000000000000000000000000000000000000000000ffffffff1d03501f0e04353229690020b99819000000010a4d696e696e67636f726500000000020000000000000000266a24aa21a9edacf460ec9e42b63dcd0cece0222b62934a85d30fc84cdbe31bcbc6be41c2227f259ab01200000000160014a0a75500479fe2e6ebf5d6504542c19b46fba57200000000
00:25:09.344 >     merkle sha         : d2fd6ec148439e97553214cfc1c44cc7b3a66a264567cca27b77f98dc5b490cf
00:25:10.037 > >>> shares:0  valids:0  Khashes:6093  avg:359.8 KH/s
00:25:10.039 > Pool workers:0  poolHash:0.0000
00:25:10.042 > WiFi: IoT 192.168.0.185
00:25:10.253 >   Sending  : {"id":12,"method":"mining.submit","params":["bc1qrx29kdm75ek69zs29m9pp08z0kkczcg286t7kl.IoT 2.w1","0000c6a6","00000001","69293235","da56ad5a"]}
00:25:10.263 >    - Current diff share: 0.000222131985
00:25:10.268 >    - Current pool diff : 0.000150000000
00:25:10.271 >    - TX SHARE: 349810d42824331cdc13bc2eb7ca55bcfecbbe0104fb366ceea865c295110000
00:25:10.427 >   Receiving: {"result":true,"id":12}
00:25:11.075 > >>> shares:0  valids:0  Khashes:6486  avg:359.8 KH/s
00:25:11.079 > Pool workers:0  poolHash:0.0000
00:25:11.080 > WiFi: IoT 192.168.0.185
00:25:11.180 >   Sending  : {"id":13,"method":"mining.submit","params":["bc1qrx29kdm75ek69zs29m9pp08z0kkczcg286t7kl.IoT 2.w1","0000c6a6","00000001","69293235","da5f0230"]}
00:25:11.190 >    - Current diff share: 0.000153194360
00:25:11.195 >    - Current pool diff : 0.000150000000
00:25:11.197 >    - TX SHARE: ca2a4aab31a8ebf18dc6f170d00e692a52437080c18f503f40374b8e7f190000
00:25:11.356 >   Receiving: {"result":true,"id":13}
00:25:11.904 >   Sending  : {"id":14,"method":"mining.submit","params":["bc1qrx29kdm75ek69zs29m9pp08z0kkczcg286t7kl.IoT 2.w3","0000c6a6","00000001","69293235","da66739a"]}
00:25:11.915 >    - Current diff share: 0.001419893325
00:25:11.920 >    - Current pool diff : 0.000150000000
00:25:11.923 >    - TX SHARE: f2515ab8e4b88ef248a49970916e6a3f28406910a1e97834e2be7b44c0020000
00:25:12.080 >   Receiving: {"result":true,"id":14}
00:25:12.114 > >>> shares:0  valids:0  Khashes:6813  avg:359.6 KH/s
00:25:12.116 > Pool workers:0  poolHash:0.0000
00:25:12.118 > WiFi: IoT 192.168.0.185
00:25:13.150 > >>> shares:0  valids:0  Khashes:7207  avg:359.8 KH/s
00:25:13.152 > Pool workers:0  poolHash:0.0000
00:25:13.156 > WiFi: IoT 192.168.0.185
00:25:14.188 > >>> shares:0  valids:0  Khashes:7600  avg:359.9 KH/s
00:25:14.190 > Pool workers:0  poolHash:0.0000
00:25:14.193 > WiFi: IoT 192.168.0.185
00:25:14.581 >   Sending  : {"id":15,"method":"mining.submit","params":["bc1qrx29kdm75ek69zs29m9pp08z0kkczcg286t7kl.IoT 2.w3","0000c6a6","00000001","69293235","da6fde5d"]}
00:25:14.592 >    - Current diff share: 0.000200451491
00:25:14.598 >    - Current pool diff : 0.000150000000
00:25:14.600 >    - TX SHARE: 9daa8bb4876e0448065e5d310f0b2f225bb195f0492e8ca5872a7aa97c130000
00:25:14.756 >   Receiving: {"result":true,"id":15}
00:25:15.226 > >>> shares:0  valids:0  Khashes:7993  avg:366.2 KH/s
00:25:15.228 > Pool workers:0  poolHash:0.0000
00:25:15.231 > WiFi: IoT 192.168.0.185
00:25:15.307 >   Sending  : {"id":16,"method":"mining.submit","params":["bc1qrx29kdm75ek69zs29m9pp08z0kkczcg286t7kl.IoT 2.w1","0000c6a6","00000001","69293235","da72e988"]}
00:25:15.318 >    - Current diff share: 0.000438046370
00:25:15.324 >    - Current pool diff : 0.000150000000
00:25:15.326 >    - TX SHARE: 076a2bfe8a238cb48afc65df5400ad66fc5ff48115eba063e21a19d4ea080000
00:25:15.485 >   Receiving: {"result":true,"id":16}
00:25:16.265 > >>> shares:0  valids:0  Khashes:8386  avg:366.2 KH/s
00:25:16.268 > Pool workers:0  poolHash:0.0000
00:25:16.269 > WiFi: IoT 192.168.0.185
00:25:17.302 > >>> shares:0  valids:0  Khashes:8714  avg:366.4 KH/s
00:25:17.304 > Pool workers:0  poolHash:0.0000
00:25:17.307 > WiFi: IoT 192.168.0.185
00:25:17.341 > >>> shares:0  valids:0  Khashes:8714  avg:2147483647 KH/s
00:25:17.343 > Pool workers:0  poolHash:0.0000
00:25:17.345 > WiFi: IoT 192.168.0.185
00:25:18.379 > >>> shares:0  valids:0  Khashes:9173  avg:2147483647 KH/s
00:25:18.381 > Pool workers:0  poolHash:0.0000
00:25:18.388 > WiFi: IoT 192.168.0.185
00:25:18.735 >   Sending  : {"id":17,"method":"mining.submit","params":["bc1qrx29kdm75ek69zs29m9pp08z0kkczcg286t7kl.IoT 2.w3","0000c6a6","00000001","69293235","da89d5ad"]}
00:25:18.744 >    - Current diff share: 0.001719778330
00:25:18.750 >    - Current pool diff : 0.000150000000
00:25:18.753 >    - TX SHARE: a4716724afd70bf562a8b41de8720de4412854107a95ed490c491f7645020000
00:25:18.910 >   Receiving: {"result":true,"id":17}
00:25:19.164 >   Receiving: {"jsonrpc":"2.0","method":"mining.notify","params":["0000c6a7","a585a432f3db6a3f8bd7a858c8e5b362367a8e700000525f0000000000000000","01000000010000000000000000000000000000000000000000000000000000000000000000ffffffff1d03501f0e043f32296900","0a4d696e696e67636f726500000000020000000000000000266a24aa21a9ed36c476d9937319649417b304d6e7d639d8287493f9c7e800ab199f667e82046013f5b01200000000160014a0a75500479fe2e6ebf5d6504542c19b46fba57200000000",["cd46b2a5452f8fb849250514c7ac07f08a8df53b4df8cc8c93674d150eab0466","a5142477dd1a4342452cf08e629e56502431a5f536319910be023fe316cb09a7","9c3a7d18491b78a7d8deab0b27d47b591f69fd40e36624628833f947979a8d7c","068825eca17f47db9443fb2c97b014b3a9e9d3d768a38054e722d079475cdad2","abd9048584e9fd5d76ace458f07615770603f274241777e9bf0c4274f39d34a4","d048a0e9d5754df78240f682c98f48ebb8ac57dcafaa8fce88f8287697e4429d","bdf771e11d9b2cf65b88eb04693ea0a9f299856d5e85042412a8abea82f0301c","cef2edcdc8079dd689ae9dfa557c0c39f4a869a1cf863854ddc6efd1ab1d8722","0fda642ccaca34e293e2571e684106e7851b2329b116fe35222a2f08066ba464","bfa9b24d05cbc80ebcf3b475c9442d0294f2462e42dbf4b62a0f29296e524f90","1de8b00fef2284841cbbf7ad8478241edbceaeba92d504fe608230e8a365a0dd"],"20000000","1701e2a0","6929323f",false],"id":null}
00:25:19.268 >     Parsing Method [MINING NOTIFY]
00:25:19.271 >     target: 00000000000000000001e2a00000000000000000000000000000000000000000
00:25:19.279 >     coinbase: 01000000010000000000000000000000000000000000000000000000000000000000000000ffffffff1d03501f0e043f3229690020b99819000000010a4d696e696e67636f726500000000020000000000000000266a24aa21a9ed36c476d9937319649417b304d6e7d639d8287493f9c7e800ab199f667e82046013f5b01200000000160014a0a75500479fe2e6ebf5d6504542c19b46fba57200000000
00:25:19.307 >     merkle sha         : b1b62eb9d9c983f73775a2dc956f695dc25f0eb8dc7f81eff5ed5e0d95bd04b4
00:25:19.417 > >>> shares:0  valids:0  Khashes:9512  avg:2147483647 KH/s
00:25:19.419 > Pool workers:0  poolHash:0.0000
00:25:19.422 > WiFi: IoT 192.168.0.185
00:25:19.514 >   Sending  : {"id":18,"method":"mining.submit","params":["bc1qrx29kdm75ek69zs29m9pp08z0kkczcg286t7kl.IoT 2.w2","0000c6a7","00000001","6929323f","da559408"]}
00:25:19.525 >    - Current diff share: 0.001355946629
00:25:19.530 >    - Current pool diff : 0.000150000000
00:25:19.533 >    - TX SHARE: c185ce6843b4156304836c578ff27e4ef36e91c431bf9895444e1c7be1020000
00:25:19.690 >   Receiving: {"result":true,"id":18}
00:25:20.454 > >>> shares:0  valids:0  Khashes:9905  avg:2147483647 KH/s
00:25:20.457 > Pool workers:0  poolHash:0.0000
00:25:20.460 > WiFi: IoT 192.168.0.185
00:25:21.493 > >>> shares:0  valids:0  Khashes:10233  avg:2147483647 KH/s
00:25:21.496 > Pool workers:0  poolHash:0.0000
00:25:21.501 > WiFi: IoT 192.168.0.185
00:25:21.846 >   Sending  : {"id":19,"method":"mining.submit","params":["bc1qrx29kdm75ek69zs29m9pp08z0kkczcg286t7kl.IoT 2.w3","0000c6a7","00000001","6929323f","da60563d"]}
00:25:21.851 >    - Current diff share: 0.000405922918
00:25:21.857 >    - Current pool diff : 0.000150000000
00:25:21.860 >    - TX SHARE: 4da2cd959ac17f18822f4545a5edfd3ec73e2dd233e85f5605f3fb7b9f090000
00:25:22.018 >   Receiving: {"result":true,"id":19}
00:25:22.531 > >>> shares:0  valids:0  Khashes:10626  avg:0 KH/s
00:25:22.535 > Pool workers:0  poolHash:0.0000
00:25:22.538 > WiFi: IoT 192.168.0.185
00:25:23.568 > >>> shares:0  valids:0  Khashes:11019  avg:0 KH/s
00:25:23.570 > Pool workers:0  poolHash:0.0000
00:25:23.573 > WiFi: IoT 192.168.0.185
00:25:24.366 >   Sending  : {"id":20,"method":"mining.submit","params":["bc1qrx29kdm75ek69zs29m9pp08z0kkczcg286t7kl.IoT 2.w1","0000c6a7","00000001","6929323f","da71699e"]}
00:25:24.377 >    - Current diff share: 0.001683919933
00:25:24.383 >    - Current pool diff : 0.000150000000
00:25:24.385 >    - TX SHARE: 8c9ace73cecbf94ac8c1c568ccc06f68b6200040771565153b2de9d751020000
00:25:24.542 >   Receiving: {"result":true,"id":20}
00:25:24.613 > >>> shares:0  valids:0  Khashes:11412  avg:0 KH/s
00:25:24.613 > Pool workers:0  poolHash:0.0000
00:25:24.613 > WiFi: IoT 192.168.0.185
00:25:25.643 > >>> shares:0  valids:0  Khashes:11740  avg:0 KH/s
00:25:25.646 > Pool workers:0  poolHash:0.0000
00:25:25.648 > WiFi: IoT 192.168.0.185
00:25:25.653 >   Sending  : {"id":21,"method":"mining.submit","params":["bc1qrx29kdm75ek69zs29m9pp08z0kkczcg286t7kl.IoT 2.w0","0000c6a7","00000001","6929323f","da78249f"]}
00:25:25.666 >    - Current diff share: 0.000306172633
00:25:25.668 >    - Current pool diff : 0.000150000000
00:25:25.671 >    - TX SHARE: c28fb465eff94d360cd4d0d2b5a4db582a56dad252b9d085ab9ad614c20c0000
00:25:25.830 >   Receiving: {"result":true,"id":21}
00:25:26.683 > >>> shares:0  valids:0  Khashes:12133  avg:0 KH/s
00:25:26.685 > Pool workers:0  poolHash:0.0000
00:25:26.688 > WiFi: IoT 192.168.0.185
00:25:27.080 >   Sending  : {"id":22,"method":"mining.submit","params":["bc1qrx29kdm75ek69zs29m9pp08z0kkczcg286t7kl.IoT 2.w0","0000c6a7","00000001","6929323f","da80b0ca"]}
00:25:27.093 >    - Current diff share: 0.000449100071
00:25:27.096 >    - Current pool diff : 0.000150000000
00:25:27.099 >    - TX SHARE: 83fc805f28381716509e1ae45dd5aef5679d86a8a54418573b9228a4b2080000
00:25:27.256 >   Receiving: {"result":true,"id":22}
00:25:27.722 > >>> shares:0  valids:0  Khashes:12526  avg:0 KH/s
00:25:27.725 > Pool workers:0  poolHash:0.0000
00:25:27.726 > WiFi: IoT 192.168.0.185
00:25:28.759 > >>> shares:0  valids:0  Khashes:12920  avg:0 KH/s
00:25:28.764 > Pool workers:0  poolHash:0.0000
00:25:28.765 > WiFi: IoT 192.168.0.185
00:25:29.056 >   Sending  : {"id":23,"method":"mining.submit","params":["bc1qrx29kdm75ek69zs29m9pp08z0kkczcg286t7kl.IoT 2.w3","0000c6a7","00000001","6929323f","da8bb394"]}
00:25:29.067 >    - Current diff share: 0.000180828442
00:25:29.073 >    - Current pool diff : 0.000150000000
00:25:29.075 >    - TX SHARE: 57f6bd49b13a36a20fa3d59236bb518ed59fdee553745fceadb1e4049a150000
00:25:29.188 >   Receiving: {"jsonrpc":"2.0","method":"mining.notify","params":["0000c6a8","a585a432f3db6a3f8bd7a858c8e5b362367a8e700000525f0000000000000000","01000000010000000000000000000000000000000000000000000000000000000000000000ffffffff1d03501f0e044932296900","0a4d696e696e67636f726500000000020000000000000000266a24aa21a9edbd8f7b30d9e1699a0723a3920cd255781f543e1eb05ac359aecfef0647676b2e992eb11200000000160014a0a75500479fe2e6ebf5d6504542c19b46fba57200000000",["cd46b2a5452f8fb849250514c7ac07f08a8df53b4df8cc8c93674d150eab0466","a5142477dd1a4342452cf08e629e56502431a5f536319910be023fe316cb09a7","9c3a7d18491b78a7d8deab0b27d47b591f69fd40e36624628833f947979a8d7c","068825eca17f47db9443fb2c97b014b3a9e9d3d768a38054e722d079475cdad2","abd9048584e9fd5d76ace458f07615770603f274241777e9bf0c4274f39d34a4","d048a0e9d5754df78240f682c98f48ebb8ac57dcafaa8fce88f8287697e4429d","8a71bd96d118f3cceb830b5b1d019e0ee3b9c2f67ea43a4be95414e52c93fcac","a0e87e9cfa8f766266ba8b4e60050277682bce607408c4665fb6cd936c038cec","d97e25a060acf96febdbee115fa2b3afba9d8137535989f35448b479260954aa","869ff78766c740677941daa0122bc76b80029e987621e98ccb4c73b64f90b40b","cf27cfad6dab295f46daa43d28e81ef784ea7dbc4a745b0df44f072597cacdc3"],"20000000","1701e2a0","69293249",false],"id":null}
00:25:29.291 >     Parsing Method [MINING NOTIFY]
00:25:29.294 >     target: 00000000000000000001e2a00000000000000000000000000000000000000000
00:25:29.302 >     coinbase: 01000000010000000000000000000000000000000000000000000000000000000000000000ffffffff1d03501f0e04493229690020b99819000000010a4d696e696e67636f726500000000020000000000000000266a24aa21a9edbd8f7b30d9e1699a0723a3920cd255781f543e1eb05ac359aecfef0647676b2e992eb11200000000160014a0a75500479fe2e6ebf5d6504542c19b46fba57200000000
00:25:29.330 >     merkle sha         : 6a62aa3b441b0dc629fae3f59d27231ac048437f10f57068a99dbaf4cbcd9b85
00:25:29.339 >   Receiving: {"result":true,"id":23}
00:25:29.797 > >>> shares:0  valids:0  Khashes:13275  avg:0 KH/s
00:25:29.801 > Pool workers:0  poolHash:0.0000
00:25:29.802 > WiFi: IoT 192.168.0.185
00:25:30.838 > >>> shares:0  valids:0  Khashes:13668  avg:0 KH/s
00:25:30.839 > Pool workers:0  poolHash:0.0000
00:25:30.842 > WiFi: IoT 192.168.0.185
00:25:31.876 > >>> shares:0  valids:0  Khashes:13996  avg:0 KH/s
00:25:31.877 > Pool workers:0  poolHash:0.0000
00:25:31.879 > WiFi: IoT 192.168.0.185
00:25:32.913 > >>> shares:0  valids:0  Khashes:14389  avg:0 KH/s
00:25:32.916 > Pool workers:0  poolHash:0.0000
00:25:32.919 > WiFi: IoT 192.168.0.185
00:25:32.940 >   Sending  : {"id":24,"method":"mining.submit","params":["bc1qrx29kdm75ek69zs29m9pp08z0kkczcg286t7kl.IoT 2.w2","0000c6a8","00000001","69293249","da69823e"]}
00:25:32.951 >    - Current diff share: 0.000770396029
00:25:32.957 >    - Current pool diff : 0.000150000000
00:25:32.959 >    - TX SHARE: 4db1e1c7acb83f62d1ca46dec0efaeef98dba3d3e7b662bb1be38d0312050000
00:25:33.115 >   Receiving: {"result":true,"id":24}
00:25:33.951 > >>> shares:0  valids:0  Khashes:14782  avg:0 KH/s
00:25:33.955 > Pool workers:0  poolHash:0.0000
00:25:33.957 > WiFi: IoT 192.168.0.185
00:25:34.017 >   Sending  : {"id":25,"method":"mining.submit","params":["bc1qrx29kdm75ek69zs29m9pp08z0kkczcg286t7kl.IoT 2.w1","0000c6a8","00000001","69293249","da6c6c6f"]}
00:25:34.028 >    - Current diff share: 0.006225099893
00:25:34.034 >    - Current pool diff : 0.000150000000
00:25:34.036 >    - TX SHARE: 443dc54072309e73ae2e53e52b7f1df4514e785e020de3e514e835a3a0000000
00:25:34.193 >   Receiving: {"result":true,"id":25}
00:25:34.394 >   Sending  : {"id":26,"method":"mining.submit","params":["bc1qrx29kdm75ek69zs29m9pp08z0kkczcg286t7kl.IoT 2.w2","0000c6a8","00000001","69293249","da71de21"]}
00:25:34.405 >    - Current diff share: 0.000392097227
00:25:34.411 >    - Current pool diff : 0.000150000000
00:25:34.413 >    - TX SHARE: 013e847156c534cdd4c3868296ee70af44bd5a38ce09e750f6325359f6090000
00:25:34.570 >   Receiving: {"result":true,"id":26}
00:25:34.990 > >>> shares:0  valids:0  Khashes:15176  avg:0 KH/s
00:25:34.993 > Pool workers:0  poolHash:0.0000
00:25:34.996 > WiFi: IoT 192.168.0.185
00:25:36.028 > >>> shares:0  valids:0  Khashes:15503  avg:0 KH/s
00:25:36.030 > Pool workers:0  poolHash:0.0000
00:25:36.033 > WiFi: IoT 192.168.0.185
00:25:36.921 >   Sending  : {"id":27,"method":"mining.submit","params":["bc1qrx29kdm75ek69zs29m9pp08z0kkczcg286t7kl.IoT 2.w1","0000c6a8","00000001","69293249","da7c16d8"]}
00:25:36.931 >    - Current diff share: 0.000329387606
00:25:36.937 >    - Current pool diff : 0.000150000000
00:25:36.940 >    - TX SHARE: e32cd50f286da3a0b1d2288c4ed353fbe085799b96ba503576fefee3db0b0000
00:25:37.067 > >>> shares:0  valids:0  Khashes:15897  avg:0 KH/s
00:25:37.068 > Pool workers:0  poolHash:0.0000
00:25:37.071 > WiFi: IoT 192.168.0.185
00:25:37.096 >   Receiving: {"result":true,"id":27}
00:25:37.296 >   Sending  : {"id":28,"method":"mining.submit","params":["bc1qrx29kdm75ek69zs29m9pp08z0kkczcg286t7kl.IoT 2.w2","0000c6a8","00000001","69293249","da8106f6"]}
00:25:37.308 >    - Current diff share: 0.000151420899
00:25:37.313 >    - Current pool diff : 0.000150000000
00:25:37.316 >    - TX SHARE: 692573553928655d6cf019e261d1508013c87d82d78a0f02001ce701cc190000
00:25:37.472 >   Receiving: {"result":true,"id":28}
00:25:37.673 >   Sending  : {"id":29,"method":"mining.submit","params":["bc1qrx29kdm75ek69zs29m9pp08z0kkczcg286t7kl.IoT 2.w1","0000c6a8","00000001","69293249","da83e0d2"]}
00:25:37.683 >    - Current diff share: 0.000426343211
00:25:37.689 >    - Current pool diff : 0.000150000000
00:25:37.692 >    - TX SHARE: bd4ae517b5675c60d3177701beade176046c95880d29486b69050b7e29090000
00:25:37.848 >   Receiving: {"result":true,"id":29}
00:25:38.104 > >>> shares:0  valids:0  Khashes:16290  avg:0 KH/s
00:25:38.107 > Pool workers:0  poolHash:0.0000
00:25:38.111 > WiFi: IoT 192.168.0.185
00:25:39.142 > >>> shares:0  valids:0  Khashes:16683  avg:0 KH/s
00:25:39.146 > Pool workers:0  poolHash:0.0000
00:25:39.148 > WiFi: IoT 192.168.0.185
00:25:39.202 >   Receiving: {"jsonrpc":"2.0","method":"mining.notify","params":["0000c6a9","a585a432f3db6a3f8bd7a858c8e5b362367a8e700000525f0000000000000000","01000000010000000000000000000000000000000000000000000000000000000000000000ffffffff1d03501f0e045332296900","0a4d696e696e67636f726500000000020000000000000000266a24aa21a9ed9e9a5d9e767e9519ccc78a68e23e5bd8437598601de0175bb9fd879e36d487082152b11200000000160014a0a75500479fe2e6ebf5d6504542c19b46fba57200000000",["cd46b2a5452f8fb849250514c7ac07f08a8df53b4df8cc8c93674d150eab0466","a5142477dd1a4342452cf08e629e56502431a5f536319910be023fe316cb09a7","9c3a7d18491b78a7d8deab0b27d47b591f69fd40e36624628833f947979a8d7c","068825eca17f47db9443fb2c97b014b3a9e9d3d768a38054e722d079475cdad2","abd9048584e9fd5d76ace458f07615770603f274241777e9bf0c4274f39d34a4","d048a0e9d5754df78240f682c98f48ebb8ac57dcafaa8fce88f8287697e4429d","63ad9951c5d68d21e9d560b2aa7fdc6cb1c9e93b8610d495e1eec2a9de9eb841","801c2b05a5d3f5c39963c1634ed70413538adecaf80e5507cf5c0de9dca038f1","b7250102e106de02daa46e491a2b6e0a65da374c23fa2037c4b96cc173bdc08b","91c29b188ed86d75e525cdcc6a6054291542a54f61ad83eb238b5cb28cbe7361","c0d9d28bc87d38f59dc1af59e5c1cd410a94e4a2c587a96467f74414f3d6c163"],"20000000","1701e2a0","69293253",true],"id":null}
00:25:39.307 >     Parsing Method [MINING NOTIFY]
00:25:39.310 >     target: 00000000000000000001e2a00000000000000000000000000000000000000000
00:25:39.318 >     coinbase: 01000000010000000000000000000000000000000000000000000000000000000000000000ffffffff1d03501f0e04533229690020b99819000000010a4d696e696e67636f726500000000020000000000000000266a24aa21a9ed9e9a5d9e767e9519ccc78a68e23e5bd8437598601de0175bb9fd879e36d487082152b11200000000160014a0a75500479fe2e6ebf5d6504542c19b46fba57200000000
00:25:39.346 >     merkle sha         : a629b1d0c3bede31a04456e8162d7bf97334df4f156944e955ddd75a1c8b9521
00:25:40.179 > >>> shares:0  valids:0  Khashes:17031  avg:0 KH/s
00:25:40.182 > Pool workers:0  poolHash:0.0000
00:25:40.184 > WiFi: IoT 192.168.0.185
00:25:40.304 >   Sending  : {"id":30,"method":"mining.submit","params":["bc1qrx29kdm75ek69zs29m9pp08z0kkczcg286t7kl.IoT 2.w1","0000c6a9","00000001","69293253","da5cfef1"]}
00:25:40.315 >    - Current diff share: 0.000186054536
00:25:40.320 >    - Current pool diff : 0.000150000000
00:25:40.323 >    - TX SHARE: 6ce8a5291452192a1e169e761f23f6437d804252937c1af044dba8affe140000
00:25:40.480 >   Receiving: {"result":true,"id":30}
00:25:40.680 >   Sending  : {"id":31,"method":"mining.submit","params":["bc1qrx29kdm75ek69zs29m9pp08z0kkczcg286t7kl.IoT 2.w0","0000c6a9","00000001","69293253","da5c9cad"]}
00:25:40.690 >    - Current diff share: 0.000247132862
00:25:40.696 >    - Current pool diff : 0.000150000000
00:25:40.699 >    - TX SHARE: e02090d68abd72cfb28786734d98c1b2295cdf2db2ce2b28d8853c58ce0f0000
00:25:40.854 >   Sending  : {"id":32,"method":"mining.submit","params":["bc1qrx29kdm75ek69zs29m9pp08z0kkczcg286t7kl.IoT 2.w3","0000c6a9","00000001","69293253","da5a5982"]}
00:25:40.865 >    - Current diff share: 0.000159525160
00:25:40.871 >    - Current pool diff : 0.000150000000
00:25:40.874 >    - TX SHARE: 85504a9f753413f77456742172591ec6bc6da80651d7f7d454340d827c180000
00:25:40.882 >   Receiving: {"result":true,"id":31}
00:25:41.031 >   Receiving: {"result":true,"id":32}
00:25:41.218 > >>> shares:0  valids:0  Khashes:17358  avg:0 KH/s
00:25:41.220 > Pool workers:0  poolHash:0.0000
00:25:41.223 > WiFi: IoT 192.168.0.185
00:25:42.255 > >>> shares:0  valids:0  Khashes:17752  avg:0 KH/s
00:25:42.259 > Pool workers:0  poolHash:0.0000
00:25:42.261 > WiFi: IoT 192.168.0.185
00:25:43.294 > >>> shares:0  valids:0  Khashes:18145  avg:0 KH/s
00:25:43.297 > Pool workers:0  poolHash:0.0000
00:25:43.301 > WiFi: IoT 192.168.0.185
00:25:44.331 > >>> shares:0  valids:0  Khashes:18538  avg:0 KH/s
00:25:44.334 > Pool workers:0  poolHash:0.0000
00:25:44.336 > WiFi: IoT 192.168.0.185
00:25:45.371 > >>> shares:0  valids:0  Khashes:18866  avg:0 KH/s
00:25:45.373 > Pool workers:0  poolHash:0.0000
00:25:45.376 > WiFi: IoT 192.168.0.185
00:25:46.036 >   Sending  : {"id":33,"method":"mining.submit","params":["bc1qrx29kdm75ek69zs29m9pp08z0kkczcg286t7kl.IoT 2.w3","0000c6a9","00000001","69293253","da7a3300"]}
00:25:46.047 >    - Current diff share: 0.000161771123
00:25:46.052 >    - Current pool diff : 0.000150000000
00:25:46.055 >    - TX SHARE: 2ece7ee11ecfd17ac79cc0026de484a01848309d8cb5ae5f9b86887a25180000
00:25:46.211 >   Receiving: {"result":true,"id":33}
00:25:46.410 > >>> shares:0  valids:0  Khashes:19259  avg:0 KH/s
00:25:46.410 > Pool workers:0  poolHash:0.0000
00:25:46.413 > WiFi: IoT 192.168.0.185
00:25:47.445 > >>> shares:0  valids:0  Khashes:19652  avg:0 KH/s
00:25:47.448 > Pool workers:0  poolHash:0.0000
00:25:47.452 > WiFi: IoT 192.168.0.185
00:25:47.482 > >>> shares:0  valids:0  Khashes:19652  avg:0 KH/s
00:25:47.485 > Pool workers:0  poolHash:0.0000
00:25:47.487 > WiFi: IoT 192.168.0.185
00:25:48.061 >   Sending  : {"id":34,"method":"mining.submit","params":["bc1qrx29kdm75ek69zs29m9pp08z0kkczcg286t7kl.IoT 2.w3","0000c6a9","00000001","69293253","da85c165"]}
00:25:48.073 >    - Current diff share: 0.000578177818
00:25:48.078 >    - Current pool diff : 0.000150000000
00:25:48.081 >    - TX SHARE: 18ea4ef742296072b08b7afd17a425f0b50fcf62142e5da0f5629a8bc1060000
00:25:48.238 >   Receiving: {"result":true,"id":34}
00:25:48.522 > >>> shares:0  valids:0  Khashes:20045  avg:0 KH/s
00:25:48.524 > Pool workers:0  poolHash:0.0000
00:25:48.526 > WiFi: IoT 192.168.0.185
00:25:48.587 >   Sending  : {"id":35,"method":"mining.submit","params":["bc1qrx29kdm75ek69zs29m9pp08z0kkczcg286t7kl.IoT 2.w0","0000c6a9","00000001","69293253","da87f073"]}
00:25:48.598 >    - Current diff share: 0.000419785364
00:25:48.604 >    - Current pool diff : 0.000150000000
00:25:48.606 >    - TX SHARE: e82eb704f121ec70fc6de5863ca1d9d9ddf5d77104826cae6e4a27224e090000
00:25:48.764 >   Receiving: {"result":true,"id":35}
00:25:49.117 >   Receiving: {"jsonrpc":"2.0","method":"mining.notify","params":["0000c6aa","a585a432f3db6a3f8bd7a858c8e5b362367a8e700000525f0000000000000000","01000000010000000000000000000000000000000000000000000000000000000000000000ffffffff1d03501f0e045d32296900","0a4d696e696e67636f726500000000020000000000000000266a24aa21a9edf6fbcd9ef62bab7261de7bc12965a91a5fcc1a30d93b2e284d136dca8d1e3a91ac8fb11200000000160014a0a75500479fe2e6ebf5d6504542c19b46fba57200000000",["cd46b2a5452f8fb849250514c7ac07f08a8df53b4df8cc8c93674d150eab0466","a5142477dd1a4342452cf08e629e56502431a5f536319910be023fe316cb09a7","9c3a7d18491b78a7d8deab0b27d47b591f69fd40e36624628833f947979a8d7c","068825eca17f47db9443fb2c97b014b3a9e9d3d768a38054e722d079475cdad2","abd9048584e9fd5d76ace458f07615770603f274241777e9bf0c4274f39d34a4","ef7d577399f3abfbf93aca25035a5e7bb9471c38731e55a11a952e53318e3a5b","7bc9564a3213c9e95103f2bfc97e1efa4008fa2493d6adc559f82b6471d8d3f8","0752c33c2f4aa0e2a4b9a212431b2580145a831a22e4ae7fbedf6f6318b6bd48","66f3ad0a2e558376eb1794af945526f750575999dc705a9674506438e6381955","0be223836cb98505fa74fdd1443d16e92d4db6b800b9dc8f7574aa258d8f4d95","dd7c8090457ff329fec092ea60557a5eafbdd29019c890e6299cd4fef202ef2c"],"20000000","1701e2a0","6929325d",false],"id":null}
00:25:49.222 >     Parsing Method [MINING NOTIFY]
00:25:49.225 >     target: 00000000000000000001e2a00000000000000000000000000000000000000000
00:25:49.233 >     coinbase: 01000000010000000000000000000000000000000000000000000000000000000000000000ffffffff1d03501f0e045d3229690020b99819000000010a4d696e696e67636f726500000000020000000000000000266a24aa21a9edf6fbcd9ef62bab7261de7bc12965a91a5fcc1a30d93b2e284d136dca8d1e3a91ac8fb11200000000160014a0a75500479fe2e6ebf5d6504542c19b46fba57200000000
00:25:49.261 >     merkle sha         : 20cae422bb53249c936a8ee15449b11c3c4f1982830f4c39d8a54df83a75a50a
00:25:49.469 >   Sending  : {"id":36,"method":"mining.submit","params":["bc1qrx29kdm75ek69zs29m9pp08z0kkczcg286t7kl.IoT 2.w1","0000c6aa","00000001","6929325d","da56217e"]}
00:25:49.479 >    - Current diff share: 0.000263318309
00:25:49.485 >    - Current pool diff : 0.000150000000
00:25:49.487 >    - TX SHARE: a5dee838140c201f35a1b00524b188cd00d3ac67a481761ff1f887a0d50e0000
00:25:49.558 > >>> shares:0  valids:0  Khashes:20412  avg:0 KH/s
00:25:49.646 >   Receiving: {"result":true,"id":36}
00:25:50.864 >   Sending  : {"id":37,"method":"mining.submit","params":["bc1qrx29kdm75ek69zs29m9pp08z0kkczcg286t7kl.IoT 2.w2","0000c6aa","00000001","6929325d","da57d303"]}
00:25:50.875 >    - Current diff share: 0.000198277761
00:25:50.880 >    - Current pool diff : 0.000150000000
00:25:50.883 >    - TX SHARE: 8d3dfa1ea46bb39f83d299819a3e6826c063b95d2b9466e110b25e5ab3130000
00:25:51.043 >   Receiving: {"result":true,"id":37}
00:25:51.048 > 
00:25:51.048 > ####### Pool Data OK!
00:25:51.048 > Pool workers:0  poolHash:0.0000
00:25:51.052 > WiFi: IoT 192.168.0.185
00:25:51.189 > >>> shares:0  valids:0  Khashes:20871  avg:0 KH/s
00:25:51.193 > Pool workers:0  poolHash:0.0000
00:25:51.194 > WiFi: IoT 192.168.0.185
00:25:52.226 > >>> shares:0  valids:0  Khashes:20936  avg:0 KH/s
00:25:52.229 > Pool workers:0  poolHash:0.0000
00:25:52.232 > WiFi: IoT 192.168.0.185
00:25:52.711 >   Sending  : {"id":38,"method":"mining.submit","params":["bc1qrx29kdm75ek69zs29m9pp08z0kkczcg286t7kl.IoT 2.w2","0000c6aa","00000001","6929325d","da60ef6b"]}
00:25:52.721 >    - Current diff share: 0.000205884662
00:25:52.727 >    - Current pool diff : 0.000150000000
00:25:52.730 >    - TX SHARE: 5d3d3254a46cf9ba5374815c87c80f361e42f17da1f81a3f0ab9a603f9120000
00:25:52.885 >   Receiving: {"result":true,"id":38}
00:25:53.267 > >>> shares:0  valids:0  Khashes:21264  avg:0 KH/s
00:25:53.268 > Pool workers:0  poolHash:0.0000
00:25:53.271 > WiFi: IoT 192.168.0.185
00:25:54.303 > >>> shares:0  valids:0  Khashes:21657  avg:0 KH/s
00:25:54.305 > Pool workers:0  poolHash:0.0000
00:25:54.308 > WiFi: IoT 192.168.0.185
00:25:54.687 >   Sending  : {"id":39,"method":"mining.submit","params":["bc1qrx29kdm75ek69zs29m9pp08z0kkczcg286t7kl.IoT 2.w3","0000c6aa","00000001","6929325d","da6ca3cd"]}
00:25:54.697 >    - Current diff share: 0.000238483459
00:25:54.703 >    - Current pool diff : 0.000150000000
00:25:54.706 >    - TX SHARE: 66fbbe98a9bf6d7a2f2def73712052e0f2cb98eb118220bda0fe541961100000
00:25:54.862 >   Receiving: {"result":true,"id":39}
00:25:55.212 >   Sending  : {"id":40,"method":"mining.submit","params":["bc1qrx29kdm75ek69zs29m9pp08z0kkczcg286t7kl.IoT 2.w0","0000c6aa","00000001","6929325d","da6f0a96"]}
00:25:55.223 >    - Current diff share: 0.001474246716
00:25:55.229 >    - Current pool diff : 0.000150000000
00:25:55.231 >    - TX SHARE: f54a4a1b647251b97b8fa1e83526917b2ae45f47c3f8c0e678c85a4da6020000
00:25:55.340 > >>> shares:0  valids:0  Khashes:22051  avg:0 KH/s
00:25:55.343 > Pool workers:0  poolHash:0.0000
00:25:55.345 > WiFi: IoT 192.168.0.185
00:25:55.388 >   Receiving: {"result":true,"id":40}
00:25:56.380 > >>> shares:0  valids:0  Khashes:22444  avg:0 KH/s
00:25:56.381 > Pool workers:0  poolHash:0.0000
00:25:56.384 > WiFi: IoT 192.168.0.185
00:25:56.689 >   Sending  : {"id":41,"method":"mining.submit","params":["bc1qrx29kdm75ek69zs29m9pp08z0kkczcg286t7kl.IoT 2.w0","0000c6aa","00000001","6929325d","da773f5c"]}
00:25:56.700 >    - Current diff share: 0.000151472990
00:25:56.705 >    - Current pool diff : 0.000150000000
00:25:56.708 >    - TX SHARE: d128b322faf4a10a7c7659c6d13e4ffae528c0963d9a5a4a428d7fbcc9190000
00:25:56.864 >   Sending  : {"id":42,"method":"mining.submit","params":["bc1qrx29kdm75ek69zs29m9pp08z0kkczcg286t7kl.IoT 2.w3","0000c6aa","00000001","6929325d","da783ac0"]}
00:25:56.874 >    - Current diff share: 0.000152401697
00:25:56.880 >    - Current pool diff : 0.000150000000
00:25:56.883 >    - TX SHARE: 91c358d063c328c34c771aeb769533b78fa681d8c90b0e5e9d03b181a1190000
00:25:56.891 >   Receiving: {"result":true,"id":41}
00:25:57.040 >   Receiving: {"result":true,"id":42}
00:25:57.417 > >>> shares:0  valids:0  Khashes:22771  avg:0 KH/s
00:25:57.419 > Pool workers:0  poolHash:0.0000
00:25:57.422 > WiFi: IoT 192.168.0.185
00:25:58.458 > >>> shares:0  valids:0  Khashes:23165  avg:0 KH/s
00:25:58.458 > Pool workers:0  poolHash:0.0000
00:25:58.460 > WiFi: IoT 192.168.0.185
00:25:59.147 >   Receiving: {"jsonrpc":"2.0","method":"mining.notify","params":["0000c6ab","a585a432f3db6a3f8bd7a858c8e5b362367a8e700000525f0000000000000000","01000000010000000000000000000000000000000000000000000000000000000000000000ffffffff1d03501f0e046732296900","0a4d696e696e67636f726500000000020000000000000000266a24aa21a9edeef4240c8da99592b09afd21bf053aa7c6bebdea7ca9c11f68fa6e2ab3e4f0d9afc7b11200000000160014a0a75500479fe2e6ebf5d6504542c19b46fba57200000000",["cd46b2a5452f8fb849250514c7ac07f08a8df53b4df8cc8c93674d150eab0466","a5142477dd1a4342452cf08e629e56502431a5f536319910be023fe316cb09a7","9c3a7d18491b78a7d8deab0b27d47b591f69fd40e36624628833f947979a8d7c","068825eca17f47db9443fb2c97b014b3a9e9d3d768a38054e722d079475cdad2","791e798d0b17c6028929e029684e35e98bb318665270331121389c914b1c1b8f","e8df4c2da8342f30c5c442ba1403be59fb2ab5c841d1da0734a8c8df55be3c89","a10d4a29aa30b946bff04fd54f50fc9b9271252ab761fcb4f029ae5f12f14a96","1561cdef845995ec1e4cd885f629027204d92a229b86dbb5f89303648128a5bc","06108f61a5e0afd5be96323b943fa80d28ef18a5e96c779345b5710ddcf6b119","abbde200601a652c3854945d3e6b45c953d4821d9428f282f0c255a40c966afc","bd7960a575c5ac3372cf9f772c849de6555dd755a25b00bcf7093c01e1f2542f"],"20000000","1701e2a0","69293267",true],"id":null}
00:25:59.251 >     Parsing Method [MINING NOTIFY]
00:25:59.253 >     target: 00000000000000000001e2a00000000000000000000000000000000000000000
00:25:59.262 >     coinbase: 01000000010000000000000000000000000000000000000000000000000000000000000000ffffffff1d03501f0e04673229690020b99819000000010a4d696e696e67636f726500000000020000000000000000266a24aa21a9edeef4240c8da99592b09afd21bf053aa7c6bebdea7ca9c11f68fa6e2ab3e4f0d9afc7b11200000000160014a0a75500479fe2e6ebf5d6504542c19b46fba57200000000
00:25:59.289 >     merkle sha         : b608a33cf05b5d2c51626f16d536b1197ec1551ee5d25f402b913d650d55a9be
00:25:59.492 > >>> shares:0  valids:0  Khashes:23519  avg:0 KH/s
00:25:59.495 > Pool workers:0  poolHash:0.0000
00:25:59.497 > WiFi: IoT 192.168.0.185
00:26:00.532 > >>> shares:0  valids:0  Khashes:23912  avg:0 KH/s
00:26:00.534 > Pool workers:0  poolHash:0.0000
00:26:00.536 > WiFi: IoT 192.168.0.185
00:26:01.568 > >>> shares:0  valids:0  Khashes:24305  avg:0 KH/s
00:26:01.572 > Pool workers:0  poolHash:0.0000
00:26:01.574 > WiFi: IoT 192.168.0.185
00:26:02.597 >   Sending  : {"id":43,"method":"mining.submit","params":["bc1qrx29kdm75ek69zs29m9pp08z0kkczcg286t7kl.IoT 2.w0","0000c6ab","00000001","69293267","da64bcdc"]}
00:26:02.608 > >>> shares:0  valids:0  Khashes:24633  avg:0 KH/s
00:26:02.614 > Pool workers:0  poolHash:0.0000
00:26:02.616 > WiFi: IoT 192.168.0.185
00:26:02.619 >    - Current diff share: 0.001169628716
00:26:02.622 >    - Current pool diff : 0.000150000000
00:26:02.625 >    - TX SHARE: 2ae49fb0536ad212cb2403ada6ef445a6ed8b86e7ff4495a3d1389f556030000
00:26:02.782 >   Receiving: {"result":true,"id":43}
00:26:02.933 >   Sending  : {"id":44,"method":"mining.submit","params":["bc1qrx29kdm75ek69zs29m9pp08z0kkczcg286t7kl.IoT 2.w3","0000c6ab","00000001","69293267","da66b591"]}
00:26:02.943 >    - Current diff share: 0.000393921277
00:26:02.949 >    - Current pool diff : 0.000150000000
00:26:02.952 >    - TX SHARE: 748d106f22b9b82e6960962b4bb05222bdf3299325472d3dc40d208aea090000
00:26:03.108 >   Receiving: {"result":true,"id":44}
00:26:03.655 > >>> shares:0  valids:0  Khashes:25026  avg:0 KH/s
00:26:03.658 > Pool workers:0  poolHash:0.0000
00:26:03.660 > WiFi: IoT 192.168.0.185
00:26:04.358 >   Sending  : {"id":45,"method":"mining.submit","params":["bc1qrx29kdm75ek69zs29m9pp08z0kkczcg286t7kl.IoT 2.w3","0000c6ab","00000001","69293267","da6e2f1f"]}
00:26:04.369 >    - Current diff share: 0.004257501212
00:26:04.375 >    - Current pool diff : 0.000150000000
00:26:04.378 >    - TX SHARE: 65d6058fa87982dd5a3475421d19a7a9c46392131dd7e6b627ca3fe0ea000000
00:26:04.534 >   Receiving: {"result":true,"id":45}
00:26:04.693 > >>> shares:0  valids:0  Khashes:25419  avg:0 KH/s
00:26:04.696 > Pool workers:0  poolHash:0.0000
00:26:04.698 > WiFi: IoT 192.168.0.185
00:26:05.731 > >>> shares:0  valids:0  Khashes:25813  avg:0 KH/s
00:26:05.734 > Pool workers:0  poolHash:0.0000
00:26:05.736 > WiFi: IoT 192.168.0.185
00:26:06.769 > >>> shares:0  valids:0  Khashes:26206  avg:0 KH/s
00:26:06.772 > Pool workers:0  poolHash:0.0000
00:26:06.776 > WiFi: IoT 192.168.0.185
00:26:07.807 > >>> shares:0  valids:0  Khashes:26533  avg:0 KH/s
00:26:07.810 > Pool workers:0  poolHash:0.0000
00:26:07.813 > WiFi: IoT 192.168.0.185
00:26:08.335 >   Sending  : {"id":46,"method":"mining.submit","params":["bc1qrx29kdm75ek69zs29m9pp08z0kkczcg286t7kl.IoT 2.w2","0000c6ab","00000001","69293267","da8770c4"]}
00:26:08.345 >    - Current diff share: 0.000169681709
00:26:08.351 >    - Current pool diff : 0.000150000000
00:26:08.354 >    - TX SHARE: 56da88091a9def573773b035e112abde3dc134e95b54514ed1c9154c05170000
00:26:08.511 >   Receiving: {"result":true,"id":46}
00:26:08.845 > >>> shares:0  valids:0  Khashes:26927  avg:0 KH/s
00:26:08.848 > Pool workers:0  poolHash:0.0000
00:26:08.851 > WiFi: IoT 192.168.0.185
00:26:09.216 >   Receiving: {"jsonrpc":"2.0","method":"mining.notify","params":["0000c6ac","a585a432f3db6a3f8bd7a858c8e5b362367a8e700000525f0000000000000000","01000000010000000000000000000000000000000000000000000000000000000000000000ffffffff1d03501f0e047132296900","0a4d696e696e67636f726500000000020000000000000000266a24aa21a9ed1be44bd131eb05e7f71126f0c731cfabec6a640c192f13e95b254e1cc191741c06deb11200000000160014a0a75500479fe2e6ebf5d6504542c19b46fba57200000000",["cd46b2a5452f8fb849250514c7ac07f08a8df53b4df8cc8c93674d150eab0466","a5142477dd1a4342452cf08e629e56502431a5f536319910be023fe316cb09a7","9c3a7d18491b78a7d8deab0b27d47b591f69fd40e36624628833f947979a8d7c","068825eca17f47db9443fb2c97b014b3a9e9d3d768a38054e722d079475cdad2","791e798d0b17c6028929e029684e35e98bb318665270331121389c914b1c1b8f","e8df4c2da8342f30c5c442ba1403be59fb2ab5c841d1da0734a8c8df55be3c89","e8ac41c14d19ecbc1da8e09c7d70a5e350f709e77b3d0f56f0a8c182903d51b2","47f8d78955a59ac517e7363f2f4175ad7e18398bb4a7e48d95e8535cdc4f8fd6","7577779cf375cfee5eda64f2017fad92925456a4949afdcf339322a487fd9007","63ca1291809a35ae2fc2fe1c79d954cf26560e64b03842f00f6aaac191f521ad","1ad5328e89475215df06c959503d46143598d872203e207afd36061d47ab84bb"],"20000000","1701e2a0","69293271",false],"id":null}
00:26:09.321 >     Parsing Method [MINING NOTIFY]
00:26:09.323 >     target: 00000000000000000001e2a00000000000000000000000000000000000000000
00:26:09.332 >     coinbase: 01000000010000000000000000000000000000000000000000000000000000000000000000ffffffff1d03501f0e04713229690020b99819000000010a4d696e696e67636f726500000000020000000000000000266a24aa21a9ed1be44bd131eb05e7f71126f0c731cfabec6a640c192f13e95b254e1cc191741c06deb11200000000160014a0a75500479fe2e6ebf5d6504542c19b46fba57200000000
00:26:09.360 >     merkle sha         : 7bb89396e48f4ace63585bb5244c8fbd1231973f2ce5b37e4a320ac84dd5a629
00:26:09.884 > >>> shares:0  valids:0  Khashes:27294  avg:0 KH/s
00:26:09.886 > Pool workers:0  poolHash:0.0000
00:26:09.889 > WiFi: IoT 192.168.0.185
00:26:10.921 > >>> shares:0  valids:0  Khashes:27687  avg:0 KH/s
00:26:10.925 > Pool workers:0  poolHash:0.0000
00:26:10.927 > WiFi: IoT 192.168.0.185
00:26:11.960 > >>> shares:0  valids:0  Khashes:28080  avg:0 KH/s
00:26:11.964 > Pool workers:0  poolHash:0.0000
00:26:11.964 > WiFi: IoT 192.168.0.185
00:26:12.618 >   Sending  : {"id":47,"method":"mining.submit","params":["bc1qrx29kdm75ek69zs29m9pp08z0kkczcg286t7kl.IoT 2.w2","0000c6ac","00000001","69293271","da67bce2"]}
00:26:12.628 >    - Current diff share: 0.000155211759
00:26:12.633 >    - Current pool diff : 0.000150000000
00:26:12.636 >    - TX SHARE: 76114ea6f33f1f70c5ceedeb22cc0a962acb5d1a71d607c00af667b62a190000
00:26:12.792 >   Receiving: {"result":true,"id":47}
00:26:12.994 >   Sending  : {"id":48,"method":"mining.submit","params":["bc1qrx29kdm75ek69zs29m9pp08z0kkczcg286t7kl.IoT 2.w3","0000c6ac","00000001","69293271","da66a396"]}
00:26:13.004 > >>> shares:0  valids:0  Khashes:28408  avg:0 KH/s
00:26:13.009 > Pool workers:0  poolHash:0.0000
00:26:13.013 > WiFi: IoT 192.168.0.185
00:26:13.015 >    - Current diff share: 0.000494328814
00:26:13.018 >    - Current pool diff : 0.000150000000
00:26:13.021 >    - TX SHARE: 2bc7bc01aaed1eeba1e21bc1609c7df297a98fb048d206529b2104eae6070000
00:26:13.177 >   Receiving: {"result":true,"id":48}
00:26:14.053 > >>> shares:0  valids:0  Khashes:28801  avg:0 KH/s
00:26:14.055 > Pool workers:0  poolHash:0.0000
00:26:14.060 > WiFi: IoT 192.168.0.185
00:26:14.778 >   Sending  : {"id":49,"method":"mining.submit","params":["bc1qrx29kdm75ek69zs29m9pp08z0kkczcg286t7kl.IoT 2.w2","0000c6ac","00000001","69293271","da7345ae"]}
00:26:14.789 >    - Current diff share: 0.001689602545
00:26:14.794 >    - Current pool diff : 0.000150000000
00:26:14.797 >    - TX SHARE: 7f4ad1944df6ef21711214a694d1dd10ca7fa67c416232f678809cd84f020000
00:26:14.953 >   Receiving: {"result":true,"id":49}
00:26:15.090 > >>> shares:0  valids:0  Khashes:29195  avg:0 KH/s
00:26:15.093 > Pool workers:0  poolHash:0.0000
00:26:15.095 > WiFi: IoT 192.168.0.185
00:26:16.128 > >>> shares:0  valids:0  Khashes:29588  avg:0 KH/s
00:26:16.131 > Pool workers:0  poolHash:0.0000
00:26:16.134 > WiFi: IoT 192.168.0.185
00:26:16.756 >   Sending  : {"id":50,"method":"mining.submit","params":["bc1qrx29kdm75ek69zs29m9pp08z0kkczcg286t7kl.IoT 2.w3","0000c6ac","00000001","69293271","da819527"]}
00:26:16.767 >    - Current diff share: 0.000576856524
00:26:16.772 >    - Current pool diff : 0.000150000000
00:26:16.775 >    - TX SHARE: 83c6932d7a8f45e4fff8fda2050be80430eac5dac9616faee584c181c5060000
00:26:16.931 >   Receiving: {"result":true,"id":50}
00:26:17.165 > >>> shares:0  valids:0  Khashes:29915  avg:0 KH/s
00:26:17.168 > Pool workers:0  poolHash:0.0000
00:26:17.170 > WiFi: IoT 192.168.0.185
00:26:17.882 >   Sending  : {"id":51,"method":"mining.submit","params":["bc1qrx29kdm75ek69zs29m9pp08z0kkczcg286t7kl.IoT 2.w0","0000c6ac","00000001","69293271","da83f58d"]}
00:26:17.894 >    - Current diff share: 0.000196752421
00:26:17.898 >    - Current pool diff : 0.000150000000
00:26:17.901 >    - TX SHARE: e542999ff9ec4bd4729898792e2f73dfbd13d9988c62b6cc337bb773da130000
00:26:18.057 >   Receiving: {"result":true,"id":51}
00:26:18.204 > >>> shares:0  valids:0  Khashes:30309  avg:0 KH/s
00:26:18.206 > Pool workers:0  poolHash:0.0000
00:26:18.209 > WiFi: IoT 192.168.0.185
00:26:18.241 > >>> shares:0  valids:0  Khashes:30309  avg:0 KH/s
00:26:18.243 > Pool workers:0  poolHash:0.0000
00:26:18.246 > WiFi: IoT 192.168.0.185
00:26:19.165 >   Receiving: {"jsonrpc":"2.0","method":"mining.notify","params":["0000c6ad","a585a432f3db6a3f8bd7a858c8e5b362367a8e700000525f0000000000000000","01000000010000000000000000000000000000000000000000000000000000000000000000ffffffff1d03501f0e047b32296900","0a4d696e696e67636f726500000000020000000000000000266a24aa21a9eddf94d90aafc3e0804e6e6f28254c3f5db9905e5052c096246e54b427f234c2207f2cb21200000000160014a0a75500479fe2e6ebf5d6504542c19b46fba57200000000",["cd46b2a5452f8fb849250514c7ac07f08a8df53b4df8cc8c93674d150eab0466","a5142477dd1a4342452cf08e629e56502431a5f536319910be023fe316cb09a7","9c3a7d18491b78a7d8deab0b27d47b591f69fd40e36624628833f947979a8d7c","068825eca17f47db9443fb2c97b014b3a9e9d3d768a38054e722d079475cdad2","791e798d0b17c6028929e029684e35e98bb318665270331121389c914b1c1b8f","c32bd5fee90a20f07c67348906be0552a910d8f9b8c15f9378926bc6f6a5b763","a34f28fc3d38a0cf3476eca7d5cff72e9bc4499572b95e55c6bcf4b117fdf96c","bf94ad31a14e66c56324020efd380f02e1410e5085986d2e7bc09843316d3278","085d35a6f0f9407bb07cb9a724fa870f63e034a504ee9763bbe37154eb3a2e34","73b051f9a9f4529b873520e5a56a83973a5a80626427583a00da082ffb2cedf0","ddcd3eda46ba614b573f54a99a8dcc0ddcda36dfcd1d62e728192cd6fa902f0f"],"20000000","1701e2a0","6929327b",true],"id":null}
00:26:19.267 >     Parsing Method [MINING NOTIFY]
00:26:19.270 >     target: 00000000000000000001e2a00000000000000000000000000000000000000000
00:26:19.278 >     coinbase: 01000000010000000000000000000000000000000000000000000000000000000000000000ffffffff1d03501f0e047b3229690020b99819000000010a4d696e696e67636f726500000000020000000000000000266a24aa21a9eddf94d90aafc3e0804e6e6f28254c3f5db9905e5052c096246e54b427f234c2207f2cb21200000000160014a0a75500479fe2e6ebf5d6504542c19b46fba57200000000>>> shares:0  valids:0  Khashes:30702  avg:0 KH/s
00:26:19.311 > Pool workers:0  poolHash:0.0000
00:26:19.314 > 
00:26:19.314 > WiFi: IoT 192.168.0.185
00:26:19.314 >     merkle sha         : 3bfc66e2143780881715f13b7aa2895142aa0bf226af53a74dd635d2db3b4b6b
00:26:20.351 > >>> shares:0  valids:0  Khashes:31080  avg:0 KH/s
00:26:20.353 > Pool workers:0  poolHash:0.0000
00:26:20.356 > WiFi: IoT 192.168.0.185
00:26:20.968 >   Sending  : {"id":52,"method":"mining.submit","params":["bc1qrx29kdm75ek69zs29m9pp08z0kkczcg286t7kl.IoT 2.w1","0000c6ad","00000001","6929327b","da5ebfa9"]}
00:26:20.978 >    - Current diff share: 0.000716596983
00:26:20.983 >    - Current pool diff : 0.000150000000
00:26:20.986 >    - TX SHARE: dd14e707317b17d6c1d336d9cf0eb26b905f0699ab1aea56db4d967673050000
00:26:21.143 >   Receiving: {"result":true,"id":52}
00:26:21.390 > >>> shares:0  valids:0  Khashes:31473  avg:0 KH/s
00:26:21.394 > Pool workers:0  poolHash:0.0000
00:26:21.395 > WiFi: IoT 192.168.0.185
00:26:22.428 > >>> shares:0  valids:0  Khashes:31801  avg:0 KH/s
00:26:22.431 > Pool workers:0  poolHash:0.0000
00:26:22.433 > WiFi: IoT 192.168.0.185
00:26:22.594 >   Sending  : {"id":53,"method":"mining.submit","params":["bc1qrx29kdm75ek69zs29m9pp08z0kkczcg286t7kl.IoT 2.w3","0000c6ad","00000001","6929327b","da6a119c"]}
00:26:22.605 >    - Current diff share: 0.000254491711
00:26:22.611 >    - Current pool diff : 0.000150000000
00:26:22.614 >    - TX SHARE: a1797d6b06f5416d9249055edce11adfe63e623217dff4098f165357590f0000
00:26:22.772 >   Receiving: {"result":true,"id":53}
00:26:23.469 > >>> shares:0  valids:0  Khashes:32194  avg:0 KH/s
00:26:23.469 > Pool workers:0  poolHash:0.0000
00:26:23.471 > WiFi: IoT 192.168.0.185
00:26:24.221 >   Sending  : {"id":54,"method":"mining.submit","params":["bc1qrx29kdm75ek69zs29m9pp08z0kkczcg286t7kl.IoT 2.w0","0000c6ad","00000001","6929327b","da7035bc"]}
00:26:24.232 >    - Current diff share: 0.000474315430
00:26:24.237 >    - Current pool diff : 0.000150000000
00:26:24.240 >    - TX SHARE: 6b65584b64c044c05e01c69a3feb7d68c33ba8af884ad1cb0d24fc443c080000
00:26:24.396 >   Receiving: {"result":true,"id":54}
00:26:24.504 > >>> shares:0  valids:0  Khashes:32587  avg:0 KH/s
00:26:24.506 > Pool workers:0  poolHash:0.0000
00:26:24.509 > WiFi: IoT 192.168.0.185
00:26:24.597 >   Sending  : {"id":55,"method":"mining.submit","params":["bc1qrx29kdm75ek69zs29m9pp08z0kkczcg286t7kl.IoT 2.w1","0000c6ad","00000001","6929327b","da6f26e5"]}
00:26:24.610 >    - Current diff share: 0.000504269107
00:26:24.613 >    - Current pool diff : 0.000150000000
00:26:24.616 >    - TX SHARE: 2252ddaa096555a2b4b470c533039cca5c783ee2075fda15b391b209bf070000
00:26:24.772 >   Receiving: {"result":true,"id":55}
00:26:24.923 >   Sending  : {"id":56,"method":"mining.submit","params":["bc1qrx29kdm75ek69zs29m9pp08z0kkczcg286t7kl.IoT 2.w0","0000c6ad","00000001","6929327b","da74de7b"]}
00:26:24.934 >    - Current diff share: 0.000213589167
00:26:24.939 >    - Current pool diff : 0.000150000000
00:26:24.942 >    - TX SHARE: d7dfab67bd476e8aed9be9fc8bba3f9f7da94193a8bbcfd85c005fd049120000
00:26:25.098 >   Receiving: {"result":true,"id":56}
00:26:25.543 > >>> shares:0  valids:0  Khashes:32981  avg:0 KH/s
00:26:25.547 > Pool workers:0  poolHash:0.0000
00:26:25.548 > WiFi: IoT 192.168.0.185
00:26:25.849 >   Sending  : {"id":57,"method":"mining.submit","params":["bc1qrx29kdm75ek69zs29m9pp08z0kkczcg286t7kl.IoT 2.w2","0000c6ad","00000001","6929327b","da79b7d2"]}
00:26:25.860 >    - Current diff share: 0.000505457862
00:26:25.865 >    - Current pool diff : 0.000150000000
00:26:25.868 >    - TX SHARE: 52b43d3b6a9e6fe652775644983f9f20678431097c56d6ecfcb5c45fba070000
00:26:26.024 >   Receiving: {"result":true,"id":57}
00:26:26.575 >   Sending  : {"id":58,"method":"mining.submit","params":["bc1qrx29kdm75ek69zs29m9pp08z0kkczcg286t7kl.IoT 2.w2","0000c6ad","00000001","6929327b","da7d4068"]}
00:26:26.586 > >>> shares:0  valids:0  Khashes:33308  avg:0 KH/s
00:26:26.592 > Pool workers:0  poolHash:0.0000
00:26:26.595 > WiFi: IoT 192.168.0.185
00:26:26.597 >    - Current diff share: 0.000371425493
00:26:26.600 >    - Current pool diff : 0.000150000000
00:26:26.603 >    - TX SHARE: de966fd32771c2bf7a3511b7dc2172cfe575d5e8c0bead6d59faf649840a0000
00:26:26.759 >   Receiving: {"result":true,"id":58}
00:26:27.634 > >>> shares:0  valids:0  Khashes:33701  avg:0 KH/s
00:26:27.636 > Pool workers:0  poolHash:0.0000
00:26:27.640 > WiFi: IoT 192.168.0.185
00:26:28.673 > >>> shares:0  valids:0  Khashes:34095  avg:0 KH/s
00:26:28.676 > Pool workers:0  poolHash:0.0000
00:26:28.680 > WiFi: IoT 192.168.0.185
00:26:29.165 >   Receiving: {"jsonrpc":"2.0","method":"mining.notify","params":["0000c6ae","a585a432f3db6a3f8bd7a858c8e5b362367a8e700000525f0000000000000000","01000000010000000000000000000000000000000000000000000000000000000000000000ffffffff1d03501f0e048532296900","0a4d696e696e67636f726500000000020000000000000000266a24aa21a9ed3d4ba796f4e272826336971cd895993aaeaf9aa17d74333a8ebc6c92b45ea2d4bea8b21200000000160014a0a75500479fe2e6ebf5d6504542c19b46fba57200000000",["cd46b2a5452f8fb849250514c7ac07f08a8df53b4df8cc8c93674d150eab0466","a5142477dd1a4342452cf08e629e56502431a5f536319910be023fe316cb09a7","9c3a7d18491b78a7d8deab0b27d47b591f69fd40e36624628833f947979a8d7c","068825eca17f47db9443fb2c97b014b3a9e9d3d768a38054e722d079475cdad2","791e798d0b17c6028929e029684e35e98bb318665270331121389c914b1c1b8f","c32bd5fee90a20f07c67348906be0552a910d8f9b8c15f9378926bc6f6a5b763","ce4567028d00227270186b12a6a7f7ff4b61309f63dd6f3614a12f109434ff75","9cbda07f55b8792c4f729fa4c152784a37fbdcaa9920839fcdf5ae26ebe575bc","bb313db47dbe4517cbc80d20f1f7db4b56e2133638a54c74a53b94f05916ac54","fca6f955d5c55f0357e0b3d1d513ecb225e0af65f3aa4aaf5d3b670a024676f5","e9b431172ba2f0b4a43a002f3206fbf696e8bf530ed85b9ef1790547ec8ea942"],"20000000","1701e2a0","69293285",false],"id":null}
00:26:29.269 >     Parsing Method [MINING NOTIFY]
00:26:29.271 >     target: 00000000000000000001e2a00000000000000000000000000000000000000000
00:26:29.280 >     coinbase: 01000000010000000000000000000000000000000000000000000000000000000000000000ffffffff1d03501f0e04853229690020b99819000000010a4d696e696e67636f726500000000020000000000000000266a24aa21a9ed3d4ba796f4e272826336971cd895993aaeaf9aa17d74333a8ebc6c92b45ea2d4bea8b21200000000160014a0a75500479fe2e6ebf5d6504542c19b46fba57200000000
00:26:29.308 >     merkle sha         : 71ea3b868dbe10fb7f528631a0d64e481bfb15e8d34e3e625b4d8c079bdea5f1
00:26:29.712 > >>> shares:0  valids:0  Khashes:34430  avg:0 KH/s
00:26:29.714 > Pool workers:0  poolHash:0.0000
00:26:29.717 > WiFi: IoT 192.168.0.185
00:26:30.751 > >>> shares:0  valids:0  Khashes:34823  avg:0 KH/s
00:26:30.752 > Pool workers:0  poolHash:0.0000
00:26:30.755 > WiFi: IoT 192.168.0.185
00:26:30.765 >   Sending  : {"id":59,"method":"mining.submit","params":["bc1qrx29kdm75ek69zs29m9pp08z0kkczcg286t7kl.IoT 2.w0","0000c6ae","00000001","69293285","da5d77df"]}
00:26:30.777 >    - Current diff share: 0.001093292928
00:26:30.782 >    - Current pool diff : 0.000150000000
00:26:30.785 >    - TX SHARE: 707912a75dbdc6fb57b3e981a20e0067ce59b927ba5d76ca000a6ca792030000
00:26:30.948 >   Sending  : {"id":60,"method":"mining.submit","params":["bc1qrx29kdm75ek69zs29m9pp08z0kkczcg286t7kl.IoT 2.w3","0000c6ae","00000001","69293285","da5b1167"]}
00:26:30.952 >    - Current diff share: 0.000292237543
00:26:30.959 >    - Current pool diff : 0.000150000000
00:26:30.960 >    - TX SHARE: 3b8cd337001f27010867115b1c19c086499ec723d7b52514354c55d25d0d0000
00:26:30.968 >   Receiving: {"result":true,"id":59}
00:26:30.971 >   Receiving: {"jsonrpc":"2.0","method":"mining.set_difficulty","params":[0.0013919352196563749],"id":null}
00:26:30.979 >     Parsing Method [SET DIFFICULTY]
00:26:30.982 >     difficulty: 0.001391935220
00:26:30.985 >   Receiving: {"jsonrpc":"2.0","method":"mining.notify","params":["0000c6ae","a585a432f3db6a3f8bd7a858c8e5b362367a8e700000525f0000000000000000","01000000010000000000000000000000000000000000000000000000000000000000000000ffffffff1d03501f0e048532296900","0a4d696e696e67636f726500000000020000000000000000266a24aa21a9ed3d4ba796f4e272826336971cd895993aaeaf9aa17d74333a8ebc6c92b45ea2d4bea8b21200000000160014a0a75500479fe2e6ebf5d6504542c19b46fba57200000000",["cd46b2a5452f8fb849250514c7ac07f08a8df53b4df8cc8c93674d150eab0466","a5142477dd1a4342452cf08e629e56502431a5f536319910be023fe316cb09a7","9c3a7d18491b78a7d8deab0b27d47b591f69fd40e36624628833f947979a8d7c","068825eca17f47db9443fb2c97b014b3a9e9d3d768a38054e722d079475cdad2","791e798d0b17c6028929e029684e35e98bb318665270331121389c914b1c1b8f","c32bd5fee90a20f07c67348906be0552a910d8f9b8c15f9378926bc6f6a5b763","ce4567028d00227270186b12a6a7f7ff4b61309f63dd6f3614a12f109434ff75","9cbda07f55b8792c4f729fa4c152784a37fbdcaa9920839fcdf5ae26ebe575bc","bb313db47dbe4517cbc80d20f1f7db4b56e2133638a54c74a53b94f05916ac54","fca6f955d5c55f0357e0b3d1d513ecb225e0af65f3aa4aaf5d3b670a024676f5","e9b431172ba2f0b4a43a002f3206fbf696e8bf530ed85b9ef1790547ec8ea942"],"20000000","1701e2a0","69293285",false],"id":null}
00:26:31.093 >     Parsing Method [MINING NOTIFY]
00:26:31.096 >     target: 00000000000000000001e2a00000000000000000000000000000000000000000
00:26:31.104 >     coinbase: 01000000010000000000000000000000000000000000000000000000000000000000000000ffffffff1d03501f0e04853229690020b99819000000010a4d696e696e67636f726500000000020000000000000000266a24aa21a9ed3d4ba796f4e272826336971cd895993aaeaf9aa17d74333a8ebc6c92b45ea2d4bea8b21200000000160014a0a75500479fe2e6ebf5d6504542c19b46fba57200000000
00:26:31.132 >     merkle sha         : 71ea3b868dbe10fb7f528631a0d64e481bfb15e8d34e3e625b4d8c079bdea5f1
00:26:31.140 >   Receiving: {"result":true,"id":60}
00:26:31.789 > >>> shares:0  valids:0  Khashes:35205  avg:0 KH/s
00:26:31.791 > Pool workers:0  poolHash:0.0000
00:26:31.793 > WiFi: IoT 192.168.0.185
00:26:32.827 > >>> shares:0  valids:0  Khashes:35598  avg:0 KH/s
00:26:32.831 > Pool workers:0  poolHash:0.0000
00:26:32.832 > WiFi: IoT 192.168.0.185
00:26:33.485 >   Sending  : {"id":61,"method":"mining.submit","params":["bc1qrx29kdm75ek69zs29m9pp08z0kkczcg286t7kl.IoT 2.w1","0000c6ae","00000001","69293285","da656880"]}
00:26:33.496 >    - Current diff share: 0.002670685030
00:26:33.501 >    - Current pool diff : 0.001391935220
00:26:33.504 >    - TX SHARE: b2d9a2f07880788ba5bed3167c703484b69c257580eec833610c186e76010000
00:26:33.660 >   Receiving: {"result":true,"id":61}
00:26:33.864 > >>> shares:0  valids:0  Khashes:35926  avg:0 KH/s
00:26:33.867 > Pool workers:0  poolHash:0.0000
00:26:33.870 > WiFi: IoT 192.168.0.185
00:26:34.902 > >>> shares:0  valids:0  Khashes:36319  avg:0 KH/s
00:26:34.905 > Pool workers:0  poolHash:0.0000
00:26:34.910 > WiFi: IoT 192.168.0.185
00:26:35.940 > >>> shares:0  valids:0  Khashes:36712  avg:0 KH/s
00:26:35.943 > Pool workers:0  poolHash:0.0000
00:26:35.946 > WiFi: IoT 192.168.0.185
00:26:36.978 > >>> shares:0  valids:0  Khashes:37105  avg:0 KH/s
00:26:36.981 > Pool workers:0  poolHash:0.0000
00:26:36.984 > WiFi: IoT 192.168.0.185
00:26:38.018 > >>> shares:0  valids:0  Khashes:37433  avg:0 KH/s
00:26:38.020 > Pool workers:0  poolHash:0.0000
00:26:38.023 > WiFi: IoT 192.168.0.185
00:26:39.055 > >>> shares:0  valids:0  Khashes:37826  avg:0 KH/s
00:26:39.057 > Pool workers:0  poolHash:0.0000
00:26:39.060 > WiFi: IoT 192.168.0.185
00:26:39.165 >   Receiving: {"jsonrpc":"2.0","method":"mining.notify","params":["0000c6af","a585a432f3db6a3f8bd7a858c8e5b362367a8e700000525f0000000000000000","01000000010000000000000000000000000000000000000000000000000000000000000000ffffffff1d03501f0e048f32296900","0a4d696e696e67636f726500000000020000000000000000266a24aa21a9ed57b6466a7fb66198555f27a031be98eaff8aa21ea31875f93aef39842ea1dd006aceb21200000000160014a0a75500479fe2e6ebf5d6504542c19b46fba57200000000",["cd46b2a5452f8fb849250514c7ac07f08a8df53b4df8cc8c93674d150eab0466","a5142477dd1a4342452cf08e629e56502431a5f536319910be023fe316cb09a7","9c3a7d18491b78a7d8deab0b27d47b591f69fd40e36624628833f947979a8d7c","9a1ed3e490f88603712cd7355720c167ba345599fca338f97b2247c9de30b0cc","1ef0b14f4274ab2d60897fc8dd6d4843432b363da29de6a2592d6a96ea06b272","1a0090dc7717c078336f1e0694a80aa471d7aefd7ef369710ca4170a607b3e2f","2cfa617c87af5d47962cf0e6d6ac07651a4d8751918e81cecfc9d81af7b08cf1","932e30963d7be1d6feb6cadecc7e760fbe9a804b204399ef8abe396814994a37","e31da281bd9989dfb2999da412050381d3a007f608aad6af33e47522bc009827","103f25dcdf50e1d0a6186012de01792a26cbe6e0e7164e21b864fcc8040bd913","77eff22ababecbeb6c0f206611e2cb57aa138ad0cfb42e58db1b308dfa4e8d3a"],"20000000","1701e2a0","6929328f",false],"id":null}
00:26:39.270 >     Parsing Method [MINING NOTIFY]
00:26:39.273 >     target: 00000000000000000001e2a00000000000000000000000000000000000000000
00:26:39.281 >     coinbase: 01000000010000000000000000000000000000000000000000000000000000000000000000ffffffff1d03501f0e048f3229690020b99819000000010a4d696e696e67636f726500000000020000000000000000266a24aa21a9ed57b6466a7fb66198555f27a031be98eaff8aa21ea31875f93aef39842ea1dd006aceb21200000000160014a0a75500479fe2e6ebf5d6504542c19b46fba57200000000
00:26:39.308 >     merkle sha         : 27b38c032b4b4ca3a387f99be0aacefb84f4f59404bee310fa324a62450a7eaa
00:26:40.093 > >>> shares:0  valids:0  Khashes:38167  avg:0 KH/s
00:26:40.095 > Pool workers:0  poolHash:0.0000
00:26:40.097 > WiFi: IoT 192.168.0.185
00:26:41.130 > >>> shares:0  valids:0  Khashes:38560  avg:0 KH/s
00:26:41.132 > Pool workers:0  poolHash:0.0000
00:26:41.136 > WiFi: IoT 192.168.0.185
00:26:42.168 > >>> shares:0  valids:0  Khashes:38953  avg:0 KH/s
00:26:42.170 > Pool workers:0  poolHash:0.0000
00:26:42.173 > WiFi: IoT 192.168.0.185
00:26:43.206 > >>> shares:0  valids:0  Khashes:39346  avg:0 KH/s
00:26:43.209 > Pool workers:0  poolHash:0.0000
00:26:43.211 > WiFi: IoT 192.168.0.185
00:26:44.244 > >>> shares:0  valids:0  Khashes:39674  avg:0 KH/s
00:26:44.246 > Pool workers:0  poolHash:0.0000
00:26:44.249 > WiFi: IoT 192.168.0.185
00:26:45.285 > >>> shares:0  valids:0  Khashes:40067  avg:0 KH/s
00:26:45.285 > Pool workers:0  poolHash:0.0000
00:26:45.287 > WiFi: IoT 192.168.0.185
00:26:46.320 > >>> shares:0  valids:0  Khashes:40460  avg:0 KH/s
00:26:46.322 > Pool workers:0  poolHash:0.0000
00:26:46.326 > WiFi: IoT 192.168.0.185
00:26:47.358 > >>> shares:0  valids:0  Khashes:40854  avg:0 KH/s
00:26:47.360 > Pool workers:0  poolHash:0.0000
00:26:47.364 > WiFi: IoT 192.168.0.185
00:26:48.016 >   Sending  : {"id":62,"method":"mining.submit","params":["bc1qrx29kdm75ek69zs29m9pp08z0kkczcg286t7kl.IoT 2.w2","0000c6af","00000001","6929328f","da85e4e4"]}
00:26:48.027 >    - Current diff share: 0.002223499475
00:26:48.032 >    - Current pool diff : 0.001391935220
00:26:48.035 >    - TX SHARE: d170dc277858f98f410e2417eadef39337ccf24f09c3c1e6798711bcc1010000
00:26:48.291 >   Receiving: {"result":true,"id":62}
00:26:48.400 > >>> shares:0  valids:0  Khashes:41247  avg:0 KH/s
00:26:48.400 > Pool workers:0  poolHash:0.0000
00:26:48.401 > WiFi: IoT 192.168.0.185
00:26:48.434 > >>> shares:0  valids:0  Khashes:41247  avg:0 KH/s
00:26:48.436 > Pool workers:0  poolHash:0.0000
00:26:48.439 > WiFi: IoT 192.168.0.185
00:26:49.147 >   Receiving: {"jsonrpc":"2.0","method":"mining.notify","params":["0000c6b0","a585a432f3db6a3f8bd7a858c8e5b362367a8e700000525f0000000000000000","01000000010000000000000000000000000000000000000000000000000000000000000000ffffffff1d03501f0e049932296900","0a4d696e696e67636f726500000000020000000000000000266a24aa21a9eda5abddedd87f5303ee99835426f5cef8f543bfc18c448b778bb57dd18eaca7096b1cb31200000000160014a0a75500479fe2e6ebf5d6504542c19b46fba57200000000",["cd46b2a5452f8fb849250514c7ac07f08a8df53b4df8cc8c93674d150eab0466","a5142477dd1a4342452cf08e629e56502431a5f536319910be023fe316cb09a7","9c3a7d18491b78a7d8deab0b27d47b591f69fd40e36624628833f947979a8d7c","9a1ed3e490f88603712cd7355720c167ba345599fca338f97b2247c9de30b0cc","8a310f6acc2fc3ea9c42d53e0d0e799b1db54e22b53dac8cf758ea25a54e8f3d","d4618404c39650d8d8d861c6e0417560a8b91595f413749c1c629528d694b4a3","1ac2f4a4fa5c9728239664b75f849d9ce4139e4b540b58c9b218068be316d84b","4d9ea4b522b2a3bc28a1407020e8de6c6947d338abc5d7432652726cde6698d8","6e9f7253771e4827aa770b2a40803bc84615882c5ea6efccc66b96a1dbeecdc2","26a9611b258d3f26584831253fbf746f22c6fc298040bc31772a0806d93a8a8b","b746aaf97037f82be143bc243c72b01cf39be94567ebfb544f36b0b4ec25f927"],"20000000","1701e2a0","69293299",false],"id":null}
00:26:49.252 >     Parsing Method [MINING NOTIFY]
00:26:49.255 >     target: 00000000000000000001e2a00000000000000000000000000000000000000000
00:26:49.263 >     coinbase: 01000000010000000000000000000000000000000000000000000000000000000000000000ffffffff1d03501f0e04993229690020b99819000000010a4d696e696e67636f726500000000020000000000000000266a24aa21a9eda5abddedd87f5303ee99835426f5cef8f543bfc18c448b778bb57dd18eaca7096b1cb31200000000160014a0a75500479fe2e6ebf5d6504542c19b46fba57200000000
00:26:49.291 >     merkle sha         : 815e09eb5fb7b94e867d433a2f876de53276a199cf08c17b3f68354fb9c064b7
00:26:49.472 > >>> shares:0  valids:0  Khashes:41586  avg:0 KH/s
00:26:49.474 > Pool workers:0  poolHash:0.0000
00:26:49.477 > WiFi: IoT 192.168.0.185
00:26:50.510 > >>> shares:0  valids:0  Khashes:41979  avg:0 KH/s
00:26:50.512 > Pool workers:0  poolHash:0.0000
00:26:50.515 > WiFi: IoT 192.168.0.185
00:26:51.548 > >>> shares:0  valids:0  Khashes:42372  avg:0 KH/s
00:26:53.144 > 
00:26:53.147 > ####### Pool Data OK!
00:26:53.147 > Pool workers:0  poolHash:0.0000
00:26:53.148 > WiFi: IoT 192.168.0.185
00:26:53.285 > >>> shares:0  valids:0  Khashes:42831  avg:0 KH/s
00:26:53.289 > Pool workers:0  poolHash:0.0000
00:26:53.290 > WiFi: IoT 192.168.0.185
00:26:54.324 > >>> shares:0  valids:0  Khashes:42896  avg:0 KH/s
00:26:54.326 > Pool workers:0  poolHash:0.0000
00:26:54.329 > WiFi: IoT 192.168.0.185
00:26:55.364 > >>> shares:0  valids:0  Khashes:42896  avg:0 KH/s
00:26:55.365 > Pool workers:0  poolHash:0.0000
00:26:55.368 > WiFi: IoT 192.168.0.185
00:26:55.373 > >>> [i] Miner: newJob>true / inRun>true) - Client: connected>true / subscribed>true / wificonnected>true
00:26:55.733 > [132213][E][ssl_client.cpp:37] _handle_error(): [start_ssl_client():273]: (-32384) SSL - Processing of the Finished handshake message failed
00:26:55.745 > [132214][E][WiFiClientSecure.cpp:144] connect(): start_ssl_client: -32384
00:26:56.415 > >>> shares:0  valids:0  Khashes:43159  avg:0 KH/s
00:26:56.415 > Pool workers:0  poolHash:0.0000
00:26:56.418 > WiFi: IoT 192.168.0.185
00:26:57.260 > [133739][E][ssl_client.cpp:37] _handle_error(): [start_ssl_client():273]: (-30592) SSL - A fatal alert message was received from our peer
00:26:57.270 > [133741][E][WiFiClientSecure.cpp:144] connect(): start_ssl_client: -30592
00:26:57.452 > >>> shares:0  valids:0  Khashes:43486  avg:178 KH/s
00:26:57.456 > Pool workers:0  poolHash:0.0000
00:26:57.457 > WiFi: IoT 192.168.0.185
00:26:58.490 > >>> shares:0  valids:0  Khashes:43552  avg:138 KH/s
00:26:58.493 > Pool workers:0  poolHash:0.0000
00:26:58.495 > WiFi: IoT 192.168.0.185
00:26:58.749 > [135229][E][ssl_client.cpp:37] _handle_error(): [start_ssl_client():273]: (-30592) SSL - A fatal alert message was received from our peer
00:26:58.760 > [135230][E][WiFiClientSecure.cpp:144] connect(): start_ssl_client: -30592
00:26:59.206 >   Receiving: {"jsonrpc":"2.0","method":"mining.notify","params":["0000c6b1","a585a432f3db6a3f8bd7a858c8e5b362367a8e700000525f0000000000000000","01000000010000000000000000000000000000000000000000000000000000000000000000ffffffff1d03501f0e04a332296900","0a4d696e696e67636f726500000000020000000000000000266a24aa21a9ed7adc7dc5eb433bb0b0dea94083637b9ec029c1d206e9335e03af4d69050c8bc93459b31200000000160014a0a75500479fe2e6ebf5d6504542c19b46fba57200000000",["cd46b2a5452f8fb849250514c7ac07f08a8df53b4df8cc8c93674d150eab0466","a5142477dd1a4342452cf08e629e56502431a5f536319910be023fe316cb09a7","9c3a7d18491b78a7d8deab0b27d47b591f69fd40e36624628833f947979a8d7c","9a1ed3e490f88603712cd7355720c167ba345599fca338f97b2247c9de30b0cc","8a310f6acc2fc3ea9c42d53e0d0e799b1db54e22b53dac8cf758ea25a54e8f3d","d4618404c39650d8d8d861c6e0417560a8b91595f413749c1c629528d694b4a3","dd3ef118986ff43a7c94a75679287f96be8a7d18df3b5ceb90e13c4e09f3aa72","0113d4927228ae874bd0118ee694dab8f7305f21ee7bdd6f5b97c3c4731b3ea7","8d563e319274cbd28dd4e1394d68eaec2874a43cdf772ba7282a81e4233a43a5","6229672b8c64442c8200849f19efe9ec4e9bba08c56848ee771d2bbc92548521","eb2b1514188e5c8d7ccdec29eefb7efa5c5585c380203d0522e1edceac1d4064"],"20000000","1701e2a0","692932a3",false],"id":null}
00:26:59.311 >     Parsing Method [MINING NOTIFY]
00:26:59.313 >     target: 00000000000000000001e2a00000000000000000000000000000000000000000
00:26:59.322 >     coinbase: 01000000010000000000000000000000000000000000000000000000000000000000000000ffffffff1d03501f0e04a33229690020b99819000000010a4d696e696e67636f726500000000020000000000000000266a24aa21a9ed7adc7dc5eb433bb0b0dea94083637b9ec029c1d206e9335e03af4d69050c8bc93459b31200000000160014a0a75500479fe2e6ebf5d6504542c19b46fba57200000000
00:26:59.350 >     merkle sha         : f354c0bc1d51a9e03ed456553037348ccc9ecbf76f367fb36c02b032a19cfbea
00:26:59.529 > >>> shares:0  valids:0  Khashes:43617  avg:138 KH/s
00:26:59.531 > Pool workers:0  poolHash:0.0000
00:26:59.534 > WiFi: IoT 192.168.0.185
00:27:00.568 > >>> shares:0  valids:0  Khashes:43707  avg:155 KH/s
00:27:00.573 > Pool workers:0  poolHash:0.0000
00:27:00.573 > WiFi: IoT 192.168.0.185
00:27:01.607 > >>> shares:0  valids:0  Khashes:43707  avg:105 KH/s
00:27:01.609 > Pool workers:0  poolHash:0.0000
00:27:01.612 > WiFi: IoT 192.168.0.185
00:27:01.616 > >>> [i] Miner: newJob>true / inRun>true) - Client: connected>true / subscribed>true / wificonnected>true
00:27:02.655 > >>> shares:0  valids:0  Khashes:43969  avg:92 KH/s
00:27:02.658 > Pool workers:0  poolHash:0.0000
00:27:02.661 > WiFi: IoT 192.168.0.185
00:27:03.694 > >>> shares:0  valids:0  Khashes:44362  avg:155 KH/s
00:27:03.697 > Pool workers:0  poolHash:0.0000
00:27:03.699 > WiFi: IoT 192.168.0.185
00:27:04.731 > >>> shares:0  valids:0  Khashes:44755  avg:218 KH/s
00:27:04.734 > Pool workers:0  poolHash:0.0000
00:27:04.739 > WiFi: IoT 192.168.0.185
00:27:05.769 > >>> shares:0  valids:0  Khashes:45148  avg:277 KH/s
00:27:05.772 > Pool workers:0  poolHash:0.0000
00:27:05.775 > WiFi: IoT 192.168.0.185
00:27:06.808 > >>> shares:0  valids:0  Khashes:45476  avg:340 KH/s
00:27:06.810 > Pool workers:0  poolHash:0.0000
00:27:06.814 > WiFi: IoT 192.168.0.185
00:27:07.845 > >>> shares:0  valids:0  Khashes:45869  avg:366 KH/s
00:27:07.849 > Pool workers:0  poolHash:0.0000
00:27:07.850 > WiFi: IoT 192.168.0.185
00:27:08.883 > >>> shares:0  valids:0  Khashes:46263  avg:366 KH/s
00:27:08.885 > Pool workers:0  poolHash:0.0000
00:27:08.892 > WiFi: IoT 192.168.0.185
00:27:09.210 >   Receiving: {"jsonrpc":"2.0","method":"mining.notify","params":["0000c6b2","a585a432f3db6a3f8bd7a858c8e5b362367a8e700000525f0000000000000000","01000000010000000000000000000000000000000000000000000000000000000000000000ffffffff1d03501f0e04ad32296900","0a4d696e696e67636f726500000000020000000000000000266a24aa21a9edacb259fc98747e3ef51f5e9997dcd34214c5d8d4c2edcc952cab79bda00e07eed06bb31200000000160014a0a75500479fe2e6ebf5d6504542c19b46fba57200000000",["cd46b2a5452f8fb849250514c7ac07f08a8df53b4df8cc8c93674d150eab0466","a5142477dd1a4342452cf08e629e56502431a5f536319910be023fe316cb09a7","9c3a7d18491b78a7d8deab0b27d47b591f69fd40e36624628833f947979a8d7c","9a1ed3e490f88603712cd7355720c167ba345599fca338f97b2247c9de30b0cc","8a310f6acc2fc3ea9c42d53e0d0e799b1db54e22b53dac8cf758ea25a54e8f3d","d4618404c39650d8d8d861c6e0417560a8b91595f413749c1c629528d694b4a3","dd3ef118986ff43a7c94a75679287f96be8a7d18df3b5ceb90e13c4e09f3aa72","197b8f67f54fc9388c810e8e5b9660fe48be6ff9e1bfb9da168d99d80c5c496f","a95fae46c49dd78415485d48323e645273125cc8d97aa0b2f34741984b8dfb22","ac647c1714ec7aa48417ee5f145acb0b78951a6083ffa21a5607ccc53c98506c","775eb32c8b8a0aed72c0ecd2bb4dc13df90326cb6fbda85b9ca53be98f344a95"],"20000000","1701e2a0","692932ad",false],"id":null}
00:27:09.314 >     Parsing Method [MINING NOTIFY]
00:27:09.317 >     target: 00000000000000000001e2a00000000000000000000000000000000000000000
00:27:09.326 >     coinbase: 01000000010000000000000000000000000000000000000000000000000000000000000000ffffffff1d03501f0e04ad3229690020b99819000000010a4d696e696e67636f726500000000020000000000000000266a24aa21a9edacb259fc98747e3ef51f5e9997dcd34214c5d8d4c2edcc952cab79bda00e07eed06bb31200000000160014a0a75500479fe2e6ebf5d6504542c19b46fba57200000000
00:27:09.353 >     merkle sha         : 48b8a450f9491f18045696d58fdaf5738b2dfaf1bd29eeac74e56dac28c5c468
00:27:09.922 > >>> shares:0  valids:0  Khashes:46601  avg:355 KH/s
00:27:09.923 > Pool workers:0  poolHash:0.0000
00:27:09.926 > WiFi: IoT 192.168.0.185
00:27:10.959 > >>> shares:0  valids:0  Khashes:46994  avg:355 KH/s
00:27:10.961 > Pool workers:0  poolHash:0.0000
00:27:10.964 > WiFi: IoT 192.168.0.185
00:27:11.996 > >>> shares:0  valids:0  Khashes:47387  avg:368 KH/s
00:27:11.998 > Pool workers:0  poolHash:0.0000
00:27:12.002 > WiFi: IoT 192.168.0.185
00:27:13.035 > >>> shares:0  valids:0  Khashes:47780  avg:368 KH/s
00:27:13.037 > Pool workers:0  poolHash:0.0000
00:27:13.040 > WiFi: IoT 192.168.0.185
00:27:14.072 > >>> shares:0  valids:0  Khashes:48108  avg:355 KH/s
00:27:14.077 > Pool workers:0  poolHash:0.0000
00:27:14.078 > WiFi: IoT 192.168.0.185
00:27:15.110 > >>> shares:0  valids:0  Khashes:48501  avg:366 KH/s
00:27:15.114 > Pool workers:0  poolHash:0.0000
00:27:15.116 > WiFi: IoT 192.168.0.185
00:27:16.148 > >>> shares:0  valids:0  Khashes:48895  avg:366 KH/s
00:27:16.152 > Pool workers:0  poolHash:0.0000
00:27:16.153 > WiFi: IoT 192.168.0.185
00:27:17.189 > >>> shares:0  valids:0  Khashes:49288  avg:366 KH/s
00:27:17.190 > Pool workers:0  poolHash:0.0000
00:27:17.192 > WiFi: IoT 192.168.0.185
00:27:18.227 > >>> shares:0  valids:0  Khashes:49681  avg:366 KH/s
00:27:18.229 > Pool workers:0  poolHash:0.0000
00:27:18.230 > WiFi: IoT 192.168.0.185
00:27:19.168 >   Receiving: {"jsonrpc":"2.0","method":"mining.notify","params":["0000c6b3","a585a432f3db6a3f8bd7a858c8e5b362367a8e700000525f0000000000000000","01000000010000000000000000000000000000000000000000000000000000000000000000ffffffff1d03501f0e04b732296900","0a4d696e696e67636f726500000000020000000000000000266a24aa21a9edb75a5eb3f328b0baf61edfe79e63a3a654c125723be56de359ab43a5c4a8641c7fdeb31200000000160014a0a75500479fe2e6ebf5d6504542c19b46fba57200000000",["cd46b2a5452f8fb849250514c7ac07f08a8df53b4df8cc8c93674d150eab0466","a5142477dd1a4342452cf08e629e56502431a5f536319910be023fe316cb09a7","9c3a7d18491b78a7d8deab0b27d47b591f69fd40e36624628833f947979a8d7c","9a1ed3e490f88603712cd7355720c167ba345599fca338f97b2247c9de30b0cc","7925eebad6ee72c31a1efbc56fd2b4288a147a3bc8985e8fbd6d104671a91808","8c363f557e5c8ad997c91c5385adfead625079a505d315baddb7b1f2a26f8458","6e350d1e0c1a196bad2faabb9ce1a1f17b70d6581ac81d5355586bf94ae3971d","dc56f5b6c1e8488de7935a23c98f87378af60df8f72841b94b98bacd2f3780dc","9900235012e3483b365cdedf4ad6434ce9003346f8f124b77b4235f3e312a29a","8039b0125399b32a945a7c887518aa17753e5b8fc1654227c94f600f6dc3d2c2","4e01d5e154c39a0fae83426ada5d337b0eeaead15fbd58d5948799e3d0b76371"],"20000000","1701e2a0","692932b7",true],"id":null}>>> shares:0  valids:0  Khashes:50009  avg:366 KH/s
00:27:19.279 > Pool workers:0  poolHash:0.0000
00:27:19.281 > 
00:27:19.281 > WiFi: IoT 192.168.0.185
00:27:19.286 >     Parsing Method [MINING NOTIFY]
00:27:19.289 >     target: 00000000000000000001e2a00000000000000000000000000000000000000000
00:27:19.295 >     coinbase: 01000000010000000000000000000000000000000000000000000000000000000000000000ffffffff1d03501f0e04b73229690020b99819000000010a4d696e696e67636f726500000000020000000000000000266a24aa21a9edb75a5eb3f328b0baf61edfe79e63a3a654c125723be56de359ab43a5c4a8641c7fdeb31200000000160014a0a75500479fe2e6ebf5d6504542c19b46fba57200000000>>> shares:0  valids:0  Khashes:50009  avg:2147483647 KH/s
00:27:19.328 > Pool workers:0  poolHash:0.0000
00:27:19.331 > 
00:27:19.331 > WiFi: IoT 192.168.0.185
00:27:19.334 >     merkle sha         : 456cd59be8bea636af2529418d039a893e04e937164d5d05b6eded2f1c6291b0
00:27:20.270 > >>> shares:0  valids:0  Khashes:50351  avg:2147483647 KH/s
00:27:20.272 > Pool workers:0  poolHash:0.0000
00:27:20.277 > WiFi: IoT 192.168.0.185
00:27:21.310 > >>> shares:0  valids:0  Khashes:50744  avg:2147483647 KH/s
00:27:21.311 > Pool workers:0  poolHash:0.0000
00:27:21.314 > WiFi: IoT 192.168.0.185
00:27:22.348 > >>> shares:0  valids:0  Khashes:51137  avg:2147483647 KH/s
00:27:22.349 > Pool workers:0  poolHash:0.0000
00:27:22.352 > WiFi: IoT 192.168.0.185
00:27:23.385 > >>> shares:0  valids:0  Khashes:51530  avg:2147483647 KH/s
00:27:23.387 > Pool workers:0  poolHash:0.0000
00:27:23.390 > WiFi: IoT 192.168.0.185
00:27:24.422 > >>> shares:0  valids:0  Khashes:51858  avg:0 KH/s
00:27:24.425 > Pool workers:0  poolHash:0.0000
00:27:24.427 > WiFi: IoT 192.168.0.185
00:27:25.460 > >>> shares:0  valids:0  Khashes:52251  avg:0 KH/s
00:27:25.463 > Pool workers:0  poolHash:0.0000
00:27:25.467 > WiFi: IoT 192.168.0.185
00:27:26.498 > >>> shares:0  valids:0  Khashes:52644  avg:0 KH/s
00:27:26.501 > Pool workers:0  poolHash:0.0000
00:27:26.506 > WiFi: IoT 192.168.0.185
00:27:27.537 > >>> shares:0  valids:0  Khashes:53038  avg:0 KH/s
00:27:27.539 > Pool workers:0  poolHash:0.0000
00:27:27.543 > WiFi: IoT 192.168.0.185
00:27:28.575 > >>> shares:0  valids:0  Khashes:53431  avg:0 KH/s
00:27:28.577 > Pool workers:0  poolHash:0.0000
00:27:28.579 > WiFi: IoT 192.168.0.185
00:27:29.146 >   Receiving: {"jsonrpc":"2.0","method":"mining.notify","params":["0000c6b4","a585a432f3db6a3f8bd7a858c8e5b362367a8e700000525f0000000000000000","01000000010000000000000000000000000000000000000000000000000000000000000000ffffffff1d03501f0e04c132296900","0a4d696e696e67636f726500000000020000000000000000266a24aa21a9ed007a31de49226e1f1a30f483a9e8608acbaa0a19eeaeb8513ba65735f65abfc2d3fab31200000000160014a0a75500479fe2e6ebf5d6504542c19b46fba57200000000",["cd46b2a5452f8fb849250514c7ac07f08a8df53b4df8cc8c93674d150eab0466","a5142477dd1a4342452cf08e629e56502431a5f536319910be023fe316cb09a7","9c3a7d18491b78a7d8deab0b27d47b591f69fd40e36624628833f947979a8d7c","9a1ed3e490f88603712cd7355720c167ba345599fca338f97b2247c9de30b0cc","7925eebad6ee72c31a1efbc56fd2b4288a147a3bc8985e8fbd6d104671a91808","8c363f557e5c8ad997c91c5385adfead625079a505d315baddb7b1f2a26f8458","05b941d6700850c0cdf11c0326c9944eb91305e8ef3c774889bd33e38585ca34","e9847d8c151ececd0d0a971f4a95d33d2255447f054ee0c3e089bd38a8ef5431","a2c0cb03fdd9f2f8fb1fb85067cb0f7a627666054451f8b038334c7fe780da9e","add20b1b61633082ea192cc25148966ee031e25e1d1ad8a99a9725e45caf08ac","87ad9c473e83c2ab624e683ca80a6190a7b7aee3de26e3f2faae91b6f5fdbc18"],"20000000","1701e2a0","692932c1",true],"id":null}
00:27:29.250 >     Parsing Method [MINING NOTIFY]
00:27:29.253 >     target: 00000000000000000001e2a00000000000000000000000000000000000000000
00:27:29.261 >     coinbase: 01000000010000000000000000000000000000000000000000000000000000000000000000ffffffff1d03501f0e04c13229690020b99819000000010a4d696e696e67636f726500000000020000000000000000266a24aa21a9ed007a31de49226e1f1a30f483a9e8608acbaa0a19eeaeb8513ba65735f65abfc2d3fab31200000000160014a0a75500479fe2e6ebf5d6504542c19b46fba57200000000
00:27:29.289 >     merkle sha         : 02f532fcec9e189f1be5c8d5b610414b83443cd6a700faae81c0421400fa397b
00:27:29.612 > >>> shares:0  valids:0  Khashes:53771  avg:0 KH/s
00:27:29.614 > Pool workers:0  poolHash:0.0000
00:27:29.618 > WiFi: IoT 192.168.0.185
00:27:30.654 > >>> shares:0  valids:0  Khashes:54164  avg:0 KH/s
00:27:30.654 > Pool workers:0  poolHash:0.0000
00:27:30.655 > WiFi: IoT 192.168.0.185
00:27:31.687 > >>> shares:0  valids:0  Khashes:54557  avg:0 KH/s
00:27:31.690 > Pool workers:0  poolHash:0.0000
00:27:31.694 > WiFi: IoT 192.168.0.185
00:27:32.726 > >>> shares:0  valids:0  Khashes:54885  avg:0 KH/s
00:27:32.728 > Pool workers:0  poolHash:0.0000
00:27:32.731 > WiFi: IoT 192.168.0.185
00:27:33.764 > >>> shares:0  valids:0  Khashes:55278  avg:0 KH/s
00:27:33.766 > Pool workers:0  poolHash:0.0000
00:27:33.769 > WiFi: IoT 192.168.0.185
00:27:34.801 > >>> shares:0  valids:0  Khashes:55671  avg:0 KH/s
00:27:34.804 > Pool workers:0  poolHash:0.0000
00:27:34.806 > WiFi: IoT 192.168.0.185
00:27:35.839 > >>> shares:0  valids:0  Khashes:55999  avg:0 KH/s
00:27:35.843 > Pool workers:0  poolHash:0.0000
00:27:35.844 > WiFi: IoT 192.168.0.185
00:27:36.878 > >>> shares:0  valids:0  Khashes:56392  avg:0 KH/s
00:27:36.880 > Pool workers:0  poolHash:0.0000
00:27:36.885 > WiFi: IoT 192.168.0.185
00:27:37.917 > >>> shares:0  valids:0  Khashes:56785  avg:0 KH/s
00:27:37.919 > Pool workers:0  poolHash:0.0000
00:27:37.922 > WiFi: IoT 192.168.0.185
00:27:38.955 > >>> shares:0  valids:0  Khashes:57179  avg:0 KH/s
00:27:38.957 > Pool workers:0  poolHash:0.0000
00:27:38.960 > WiFi: IoT 192.168.0.185
00:27:39.152 >   Receiving: {"jsonrpc":"2.0","method":"mining.notify","params":["0000c6b5","a585a432f3db6a3f8bd7a858c8e5b362367a8e700000525f0000000000000000","01000000010000000000000000000000000000000000000000000000000000000000000000ffffffff1d03501f0e04cb32296900","0a4d696e696e67636f726500000000020000000000000000266a24aa21a9edca6ef36c563962894f778b42616033e2fb31bc7fab70ab9d87caf4446f613ce8121fb41200000000160014a0a75500479fe2e6ebf5d6504542c19b46fba57200000000",["cd46b2a5452f8fb849250514c7ac07f08a8df53b4df8cc8c93674d150eab0466","a5142477dd1a4342452cf08e629e56502431a5f536319910be023fe316cb09a7","9c3a7d18491b78a7d8deab0b27d47b591f69fd40e36624628833f947979a8d7c","9a1ed3e490f88603712cd7355720c167ba345599fca338f97b2247c9de30b0cc","7925eebad6ee72c31a1efbc56fd2b4288a147a3bc8985e8fbd6d104671a91808","0ed9973bbaae98482e1b3e6838a57c59c1a8856d2a6314d1157f71acd3de8670","f259ccc60409caec61c65f8d81c3740651edf41f76979e26191e11cfffb2ca44","880d31c34951fda7b7a321dbed195634540972e2e5872a7212e1dce791b6aff6","7a642611a27bfd4bea087112b7ba41508a948629a6f36c75c9ee427dc99cae4c","8156b46ddae9c60729cfb8ee47f78189492daf3f875895d1a470225cc03d35f8","54b96b3cbd3e4bc29d0ad3788048786be8c1b28e4df3b82937900c1115998074"],"20000000","1701e2a0","692932cb",false],"id":null}
00:27:39.256 >     Parsing Method [MINING NOTIFY]
00:27:39.259 >     target: 00000000000000000001e2a00000000000000000000000000000000000000000
00:27:39.267 >     coinbase: 01000000010000000000000000000000000000000000000000000000000000000000000000ffffffff1d03501f0e04cb3229690020b99819000000010a4d696e696e67636f726500000000020000000000000000266a24aa21a9edca6ef36c563962894f778b42616033e2fb31bc7fab70ab9d87caf4446f613ce8121fb41200000000160014a0a75500479fe2e6ebf5d6504542c19b46fba57200000000
00:27:39.295 >     merkle sha         : 20070a778222034693ab515fb3bb5d41896e51ea880f7fd2ca87d877c45a3296
00:27:39.993 > >>> shares:0  valids:0  Khashes:57521  avg:0 KH/s
00:27:39.999 > Pool workers:0  poolHash:0.0000
00:27:39.999 > WiFi: IoT 192.168.0.185
00:27:41.033 > >>> shares:0  valids:0  Khashes:57914  avg:0 KH/s
00:27:41.034 > Pool workers:0  poolHash:0.0000
00:27:41.036 > WiFi: IoT 192.168.0.185
00:27:42.069 > >>> shares:0  valids:0  Khashes:58307  avg:0 KH/s
00:27:42.072 > Pool workers:0  poolHash:0.0000
00:27:42.075 > WiFi: IoT 192.168.0.185
00:27:43.107 > >>> shares:0  valids:0  Khashes:58635  avg:0 KH/s
00:27:43.110 > Pool workers:0  poolHash:0.0000
00:27:43.113 > WiFi: IoT 192.168.0.185
00:27:44.146 > >>> shares:0  valids:0  Khashes:59028  avg:0 KH/s
00:27:44.148 > Pool workers:0  poolHash:0.0000
00:27:44.152 > WiFi: IoT 192.168.0.185
00:27:45.183 > >>> shares:0  valids:0  Khashes:59422  avg:0 KH/s
00:27:45.186 > Pool workers:0  poolHash:0.0000
00:27:45.189 > WiFi: IoT 192.168.0.185
00:27:46.222 > >>> shares:0  valids:0  Khashes:59815  avg:0 KH/s
00:27:46.224 > Pool workers:0  poolHash:0.0000
00:27:46.228 > WiFi: IoT 192.168.0.185
00:27:47.260 > >>> shares:0  valids:0  Khashes:60142  avg:0 KH/s
00:27:47.263 > Pool workers:0  poolHash:0.0000
00:27:47.265 > WiFi: IoT 192.168.0.185
00:27:48.297 > >>> shares:0  valids:0  Khashes:60536  avg:0 KH/s
00:27:48.301 > Pool workers:0  poolHash:0.0000
00:27:48.303 > WiFi: IoT 192.168.0.185
00:27:49.157 >   Receiving: {"jsonrpc":"2.0","method":"mining.notify","params":["0000c6b6","a585a432f3db6a3f8bd7a858c8e5b362367a8e700000525f0000000000000000","01000000010000000000000000000000000000000000000000000000000000000000000000ffffffff1d03501f0e04d532296900","0a4d696e696e67636f726500000000020000000000000000266a24aa21a9ed830b6fe431bbe721342eb28865cb85af3628a7841baf2f00a7da3aa08ea99fdaba61b41200000000160014a0a75500479fe2e6ebf5d6504542c19b46fba57200000000",["cd46b2a5452f8fb849250514c7ac07f08a8df53b4df8cc8c93674d150eab0466","a5142477dd1a4342452cf08e629e56502431a5f536319910be023fe316cb09a7","9c3a7d18491b78a7d8deab0b27d47b591f69fd40e36624628833f947979a8d7c","9a1ed3e490f88603712cd7355720c167ba345599fca338f97b2247c9de30b0cc","7925eebad6ee72c31a1efbc56fd2b4288a147a3bc8985e8fbd6d104671a91808","0ed9973bbaae98482e1b3e6838a57c59c1a8856d2a6314d1157f71acd3de8670","6fbe03e2fc6e785fd2d5201c877852bf03fe4e9ad044cda1d739b1613ccfea91","9e9d6d54411d13da00739a68576c2d09d031ca82be4cf08dc1c557c9e09420ee","74b2db412bc0e00e35021bfd74bc7a81c2326c0d06df70c831ef719d99fc97b0","32fa715838b8c1983f4a57362dfa0312823dbb87ed33fac8311d1b5a3cac1038","3798774772596811506e4736696d01b9b33d15c98cafa81ffe155db00e493057"],"20000000","1701e2a0","692932d5",false],"id":null}
00:27:49.262 >     Parsing Method [MINING NOTIFY]
00:27:49.265 >     target: 00000000000000000001e2a00000000000000000000000000000000000000000
00:27:49.273 >     coinbase: 01000000010000000000000000000000000000000000000000000000000000000000000000ffffffff1d03501f0e04d53229690020b99819000000010a4d696e696e67636f726500000000020000000000000000266a24aa21a9ed830b6fe431bbe721342eb28865cb85af3628a7841baf2f00a7da3aa08ea99fdaba61b41200000000160014a0a75500479fe2e6ebf5d6504542c19b46fba57200000000
00:27:49.301 >     merkle sha         : 1584b15cc23482f901022cfe0f852963c935416f684deabfce3bc5cf7a912adb
00:27:49.335 > >>> shares:0  valids:0  Khashes:60863  avg:0 KH/s
00:27:49.338 > Pool workers:0  poolHash:0.0000
00:27:49.341 > WiFi: IoT 192.168.0.185
00:27:49.373 > >>> shares:0  valids:0  Khashes:60863  avg:0 KH/s
00:27:49.375 > Pool workers:0  poolHash:0.0000
00:27:49.378 > WiFi: IoT 192.168.0.185
00:27:50.411 > >>> shares:0  valids:0  Khashes:61282  avg:0 KH/s
00:27:50.414 > Pool workers:0  poolHash:0.0000
00:27:50.416 > WiFi: IoT 192.168.0.185
00:27:51.449 > >>> shares:0  valids:0  Khashes:61675  avg:0 KH/s
00:27:51.452 > Pool workers:0  poolHash:0.0000
00:27:51.454 > WiFi: IoT 192.168.0.185
00:27:52.487 > >>> shares:0  valids:0  Khashes:62068  avg:0 KH/s
00:27:52.489 > Pool workers:0  poolHash:0.0000
00:27:52.493 > WiFi: IoT 192.168.0.185
00:27:53.524 > >>> shares:0  valids:0  Khashes:62396  avg:0 KH/s
00:27:55.584 > 
00:27:55.584 > ####### Pool Data OK!
00:27:55.584 > Pool workers:0  poolHash:0.0000
00:27:55.584 > WiFi: IoT 192.168.0.185
00:27:55.722 > >>> shares:0  valids:0  Khashes:62789  avg:0 KH/s
00:27:55.723 > Pool workers:0  poolHash:0.0000
00:27:55.727 > WiFi: IoT 192.168.0.185
00:27:56.759 > >>> shares:0  valids:0  Khashes:62789  avg:0 KH/s
00:27:56.763 > Pool workers:0  poolHash:0.0000
00:27:56.764 > WiFi: IoT 192.168.0.185
00:27:56.769 > >>> [i] Miner: newJob>true / inRun>true) - Client: connected>true / subscribed>true / wificonnected>true
00:27:57.322 >   Receiving: {"jsonrpc":"2.0","method":"mining.notify","params":["0000c6b7","528410e5b83ed556e7fae99b90ee46ac920571c10000f9ca0000000000000000","01000000010000000000000000000000000000000000000000000000000000000000000000ffffffff1d03511f0e04dd32296900","0a4d696e696e67636f726500000000020000000000000000266a24aa21a9ed845c79cd96432a9e5b9937f79f99a346f0ce9f945604a69c8311fa5dc6794dcd67e7a01200000000160014a0a75500479fe2e6ebf5d6504542c19b46fba57200000000",["052666c258b3ff42104bd451bfd4df78b47bb52b97a897acb79eb37286107d69","19d9b50bde6966a103a73b747508d99b3c20c9f0a9616ec9b65ba463f2a1a8fd","f4ce884f2feeddc47b2a498915a2fa45021cf429956b4cacd5cdb7237ef84f2a","732a5da33850a52f94b4970f2947716afcab467c3404b90d2454c9af138bb0dc","86a1ca6af7f43006c71c693c6501a29467f3d6c506c392e974d17dab8142b748","d88681a837b8562c21e32180b29614c64a2247292b2ffe8ec3bc4567834bb49f"],"20000000","1701e2a0","692932dd",true],"id":null}
00:27:57.398 >     Parsing Method [MINING NOTIFY]
00:27:57.400 >     target: 00000000000000000001e2a00000000000000000000000000000000000000000
00:27:57.406 >     coinbase: 01000000010000000000000000000000000000000000000000000000000000000000000000ffffffff1d03511f0e04dd3229690020b99819000000010a4d696e696e67636f726500000000020000000000000000266a24aa21a9ed845c79cd96432a9e5b9937f79f99a346f0ce9f945604a69c8311fa5dc6794dcd67e7a01200000000160014a0a75500479fe2e6ebf5d6504542c19b46fba57200000000
00:27:57.437 >     merkle sha         : 9064232ad32ec6b9e2710871dabb905f5b38e931679302961ada870edc61cb38
00:27:57.808 > >>> shares:0  valids:0  Khashes:63116  avg:0 KH/s
00:27:57.811 > Pool workers:0  poolHash:0.0000
00:27:57.816 > WiFi: IoT 192.168.0.185
00:27:58.845 > >>> shares:0  valids:0  Khashes:63509  avg:0 KH/s
00:27:58.848 > Pool workers:0  poolHash:0.0000
00:27:58.851 > WiFi: IoT 192.168.0.185
00:27:59.883 > >>> shares:0  valids:0  Khashes:63902  avg:0 KH/s
00:27:59.886 > Pool workers:0  poolHash:0.0000
00:27:59.889 > WiFi: IoT 192.168.0.185
00:28:00.140 >   Sending  : {"id":63,"method":"mining.submit","params":["bc1qrx29kdm75ek69zs29m9pp08z0kkczcg286t7kl.IoT 2.w2","0000c6b7","00000001","692932dd","da63f27e"]}
00:28:00.151 >    - Current diff share: 0.001491726298
00:28:00.156 >    - Current pool diff : 0.001391935220
00:28:00.159 >    - TX SHARE: 808756c4cd62b02b254d0a964627266dca0abb9f8088b7925af8a15a9e020000
00:28:00.365 >   Receiving: {"result":true,"id":63}
00:28:00.921 > >>> shares:0  valids:0  Khashes:64296  avg:0 KH/s
00:28:00.923 > Pool workers:0  poolHash:0.0000
00:28:00.928 > WiFi: IoT 192.168.0.185
00:28:01.959 > >>> shares:0  valids:0  Khashes:64623  avg:0 KH/s
00:28:01.962 > Pool workers:0  poolHash:0.0000
00:28:01.965 > WiFi: IoT 192.168.0.185
00:28:02.998 > >>> shares:0  valids:0  Khashes:65016  avg:0 KH/s
00:28:03.001 > Pool workers:0  poolHash:0.0000
00:28:03.002 > WiFi: IoT 192.168.0.185
00:28:04.038 > >>> shares:0  valids:0  Khashes:65410  avg:0 KH/s
00:28:04.038 > Pool workers:0  poolHash:0.0000
00:28:04.040 > WiFi: IoT 192.168.0.185
00:28:04.465 >   Sending  : {"id":64,"method":"mining.submit","params":["bc1qrx29kdm75ek69zs29m9pp08z0kkczcg286t7kl.IoT 2.w2","0000c6b7","00000001","692932dd","da7ca3fc"]}
00:28:04.476 >    - Current diff share: 0.001418405358
00:28:04.482 >    - Current pool diff : 0.001391935220
00:28:04.484 >    - TX SHARE: c43ebdd9016d5cbb565a0cff8f44791be351094241a56d50c22b9e01c1020000
00:28:04.691 >   Receiving: {"result":true,"id":64}
00:28:04.841 >   Sending  : {"id":65,"method":"mining.submit","params":["bc1qrx29kdm75ek69zs29m9pp08z0kkczcg286t7kl.IoT 2.w1","0000c6b7","00000001","692932dd","da7ed5a1"]}
00:28:04.852 >    - Current diff share: 0.003087946607
00:28:04.858 >    - Current pool diff : 0.001391935220
00:28:04.861 >    - TX SHARE: d9b112bfe4f735685690c599f3e8706487db573a9dccf1c6620cb9d543010000
00:28:05.067 >   Receiving: {"result":true,"id":65}
00:28:05.073 > >>> shares:0  valids:0  Khashes:65803  avg:0 KH/s
00:28:05.076 > Pool workers:0  poolHash:0.0000
00:28:05.080 > WiFi: IoT 192.168.0.185
00:28:06.111 > >>> shares:0  valids:0  Khashes:66131  avg:0 KH/s
00:28:06.114 > Pool workers:0  poolHash:0.0000
00:28:06.116 > WiFi: IoT 192.168.0.185
00:28:07.149 > >>> shares:0  valids:0  Khashes:66524  avg:0 KH/s
00:28:07.152 > Pool workers:0  poolHash:0.0000
00:28:07.155 > WiFi: IoT 192.168.0.185
00:28:07.322 >   Receiving: {"jsonrpc":"2.0","method":"mining.notify","params":["0000c6b8","528410e5b83ed556e7fae99b90ee46ac920571c10000f9ca0000000000000000","01000000010000000000000000000000000000000000000000000000000000000000000000ffffffff1d03511f0e04e732296900","0a4d696e696e67636f726500000000020000000000000000266a24aa21a9ed2fc093a1693aa895f1aa5cff5c19ac53ac770f740de47aa842ffeab65cc2efff5cfaa01200000000160014a0a75500479fe2e6ebf5d6504542c19b46fba57200000000",["052666c258b3ff42104bd451bfd4df78b47bb52b97a897acb79eb37286107d69","19d9b50bde6966a103a73b747508d99b3c20c9f0a9616ec9b65ba463f2a1a8fd","f4ce884f2feeddc47b2a498915a2fa45021cf429956b4cacd5cdb7237ef84f2a","8e74c885b3994ed1d27fb292ead88539e68a4ca3259c1a01b8a90a8e3a26d481","eb6e0ba86200d431ae6a503c8d14596bf6b8a72132ba89a8f9e225afa9240fbe","08b8dd8761f8edc7d363b2e880a531e6720f1ba4cb33aa76dc9c43830733bac4"],"20000000","1701e2a0","692932e7",false],"id":null}
00:28:07.399 >     Parsing Method [MINING NOTIFY]
00:28:07.402 >     target: 00000000000000000001e2a00000000000000000000000000000000000000000
00:28:07.407 >     coinbase: 01000000010000000000000000000000000000000000000000000000000000000000000000ffffffff1d03511f0e04e73229690020b99819000000010a4d696e696e67636f726500000000020000000000000000266a24aa21a9ed2fc093a1693aa895f1aa5cff5c19ac53ac770f740de47aa842ffeab65cc2efff5cfaa01200000000160014a0a75500479fe2e6ebf5d6504542c19b46fba57200000000
00:28:07.438 >     merkle sha         : fb3b43a74717bdf13cf586ece0dadb86369acb60b970d439497184df85321cba
00:28:08.186 > >>> shares:0  valids:0  Khashes:66871  avg:0 KH/s
00:28:08.189 > Pool workers:0  poolHash:0.0000
00:28:08.191 > WiFi: IoT 192.168.0.185
00:28:09.228 > >>> shares:0  valids:0  Khashes:67264  avg:0 KH/s
00:28:09.229 > Pool workers:0  poolHash:0.0000
00:28:09.231 > WiFi: IoT 192.168.0.185
00:28:10.262 > >>> shares:0  valids:0  Khashes:67658  avg:0 KH/s
00:28:10.265 > Pool workers:0  poolHash:0.0000
00:28:10.272 > WiFi: IoT 192.168.0.185
00:28:11.301 > >>> shares:0  valids:0  Khashes:68051  avg:0 KH/s
00:28:11.303 > Pool workers:0  poolHash:0.0000
00:28:11.306 > WiFi: IoT 192.168.0.185
00:28:12.337 > >>> shares:0  valids:0  Khashes:68444  avg:0 KH/s
00:28:12.340 > Pool workers:0  poolHash:0.0000
00:28:12.343 > WiFi: IoT 192.168.0.185
00:28:13.379 > >>> shares:0  valids:0  Khashes:68772  avg:0 KH/s
00:28:13.379 > Pool workers:0  poolHash:0.0000
00:28:13.381 > WiFi: IoT 192.168.0.185
00:28:14.414 > >>> shares:0  valids:0  Khashes:69165  avg:0 KH/s
00:28:14.416 > Pool workers:0  poolHash:0.0000
00:28:14.419 > WiFi: IoT 192.168.0.185
00:28:15.451 > >>> shares:0  valids:0  Khashes:69558  avg:0 KH/s
00:28:15.454 > Pool workers:0  poolHash:0.0000
00:28:15.460 > WiFi: IoT 192.168.0.185
00:28:16.490 > >>> shares:0  valids:0  Khashes:69951  avg:0 KH/s
00:28:16.492 > Pool workers:0  poolHash:0.0000
00:28:16.495 > WiFi: IoT 192.168.0.185
00:28:17.345 >   Receiving: {"jsonrpc":"2.0","method":"mining.notify","params":["0000c6b9","528410e5b83ed556e7fae99b90ee46ac920571c10000f9ca0000000000000000","01000000010000000000000000000000000000000000000000000000000000000000000000ffffffff1d03511f0e04f132296900","0a4d696e696e67636f726500000000020000000000000000266a24aa21a9ed50b8abd5b460e9ccb95ae4c39a8a6815c7383e73b4ec9bde413317be6dd4ce4ed9d3a11200000000160014a0a75500479fe2e6ebf5d6504542c19b46fba57200000000",["3866680fcc1c5b075e1382bbc68d6b67766e007c960417720c6b4f13a021e76d","d996f3745cd8613c09a3c687ad19a7df011b4bb7c91f0ea62cb3950002541bea","058fbac2d9a438c9fa254a44665a0de763b94987fa8e64b8bb097fc6b9c2beee","a1a733ea8de52d1615200e030aada20e98bf74670351e91150f0347580fb0491","779bd35a6cb321054f2bd1202398d73700727132058ca8a7f3b15382b727930e","11ef1efc0abb815db277e76d068da249e9ccf86b6e5a16fd3a2978198687d65b","c3f297868efa0fa237f3f04c14eb97098d692334c9993fabaa4f35b66698832f"],"20000000","1701e2a0","692932f1",false],"id":null}
00:28:17.428 >     Parsing Method [MINING NOTIFY]
00:28:17.430 >     target: 00000000000000000001e2a00000000000000000000000000000000000000000
00:28:17.436 >     coinbase: 01000000010000000000000000000000000000000000000000000000000000000000000000ffffffff1d03511f0e04f13229690020b99819000000010a4d696e696e67636f726500000000020000000000000000266a24aa21a9ed50b8abd5b460e9ccb95ae4c39a8a6815c7383e73b4ec9bde413317be6dd4ce4ed9d3a11200000000160014a0a75500479fe2e6ebf5d6504542c19b46fba57200000000
00:28:17.466 >     merkle sha         : 7a5335bb742bbdfc0203afd5dd0ad53b923d66d7f25859b68327b20a3b82e9b7
00:28:17.527 > >>> shares:0  valids:0  Khashes:70279  avg:0 KH/s
00:28:17.530 > Pool workers:0  poolHash:0.0000
00:28:17.533 > WiFi: IoT 192.168.0.185
00:28:18.565 > >>> shares:0  valids:0  Khashes:70646  avg:0 KH/s
00:28:18.567 > Pool workers:0  poolHash:0.0000
00:28:18.570 > WiFi: IoT 192.168.0.185
00:28:19.126 >   Sending  : {"id":66,"method":"mining.submit","params":["bc1qrx29kdm75ek69zs29m9pp08z0kkczcg286t7kl.IoT 2.w3","0000c6b9","00000001","692932f1","da5ec665"]}
00:28:19.137 >    - Current diff share: 0.006528753268
00:28:19.142 >    - Current pool diff : 0.001391935220
00:28:19.145 >    - TX SHARE: 43b247c59d50928cb29d6baf00418d72b3daad72f2583f8d0c39902a99000000
00:28:19.352 >   Receiving: {"result":true,"id":66}
00:28:19.603 > >>> shares:0  valids:0  Khashes:71039  avg:0 KH/s
00:28:19.606 > Pool workers:0  poolHash:0.0000
00:28:19.608 > WiFi: IoT 192.168.0.185
00:28:19.641 > >>> shares:0  valids:0  Khashes:71039  avg:0 KH/s
00:28:19.644 > Pool workers:0  poolHash:0.0000
00:28:19.647 > WiFi: IoT 192.168.0.185
00:28:20.679 > >>> shares:0  valids:0  Khashes:71433  avg:0 KH/s
00:28:20.682 > Pool workers:0  poolHash:0.0000
00:28:20.684 > WiFi: IoT 192.168.0.185
