21:43:26.553 > [33mLicence not found in nvs, Waiting a license from UART, Device code [[0m[33m1d[0m[33m22[0m[33m6c[0m[33m1e[0m[33m37[0m[33m8a[0m[33mf7[0m[33mc4[0m[33mcb[0m[33mfe[0m[33m28[0m[33m25[0m[33mb9[0m[33m1e[0m[33m61[0m[33ma8[0m[33m58[0m[33md8[0m[33m55[0m[33me6[0m[33m12[0m[33md0[0m[33mb7[0m[33m15[0m[33m38[0m[33m03[0m[33m62[0m[33m01[0m[33mdd[0m[33ma0[0m[33m8f[0m[33m85[0m[33m]
21:43:26.553 > [0m[33mLicence not found in nvs, Waiting a license from UART, Device code [[0m[33m1d[0m[33m22[0m[33m6c[0m[33m1e[0m[33m37[0m[33m8a[0m[33mf7[0m[33mc4[0m[33mcb[0m[33mfe[0m[33m28[0m[33m25[0m[33mb9[0m[33m1e[0m[33m61[0m[33ma8[0m[33m58[0m[33md8[0m[33m55[0m[33me6[0m[33m12[0m[33md0[0m[33mb7[0m[33m15[0m[33m38[0m[33m03[0m[33m62[0m[33m01[0m[33mdd[0m[33ma0[0m[33m8f[0m[33m85[0m[33m]
21:43:26.553 > [0m[33mLicence not found in nvs, Waiting a license from UART, Device code [[0m[33m1d[0m[33m22[0m[33m6c[0m[33m1e[0m[33m37[0m[33m8a[0m[33mf7[0m[33mc4[0m[33mcb[0m[33mfe[0m[33m28[0m[33m25[0m[33mb9[0m[33m1e[0m[33m61[0m[33ma8[0m[33m58[0m[33md8[0m[33m55[0m[33me6[0m[33m12[0m[33md0[0m[33mb7[0m[33m15[0m[33m38[0m[33m03[0m[33m62[0m[33m01[0m[33mdd[0m[33ma0[0m[33m8f[0m[33m85[0m[33m]
21:43:27.434 > [0m[33mLicence not found in nvs, Waiting a license from UART, Device code [[0m[33m1d[0m[33m22[0m[33m6c[0m[33m1e[0m[33m37[0m[33m8a[0m[33mf7[0m[33mc4[0m[33mcb[0m[33mfe[0m[33m28[0m[33m25[0m[33mb9[0m[33m1e[0m[33m61[0m[33ma8[0m[33m58[0m[33md8[0m[33m55[0m[33me6[0m[33m12[0m[33md0[0m[33mb7[0m[33m15[0m[33m38[0m[33m03[0m[33m62[0m[33m01[0m[33mdd[0m[33ma0[0m[33m8f[0m[33m85[0m[33m]
21:43:28.466 > [0m[33mLicence not found in nvs, Waiting a license from UART, Device code [[0m[33m1d[0m[33m22[0m[33m6c[0m[33m1e[0m[33m37[0m[33m8a[0m[33mf7[0m[33mc4[0m[33mcb[0m[33mfe[0m[33m28[0m[33m25[0m[33mb9[0m[33m1e[0m[33m61[0m[33ma8[0m[33m58[0m[33md8[0m[33m55[0m[33me6[0m[33m12[0m[33md0[0m[33mb7[0m[33m15[0m[33m38[0m[33m03[0m[33m62[0m[33m01[0m[33mdd[0m[33ma0[0m[33m8f[0m[33m85[0m[33m]
21:43:29.498 > [0mets Jul 29 2019 12:21:46
21:43:30.257 > 
21:43:30.257 > rst:0x1 (POWERON_RESET),boot:0x13 (SPI_FAST_FLASH_BOOT)
21:43:30.262 > configsip: 0, SPIWP:0xee
21:43:30.265 > clk_drv:0x00,q_drv:0x00,d_drv:0x00,cs0_drv:0x00,hd_drv:0x00,wp_drv:0x00
21:43:30.270 > mode:DIO, clock div:2
21:43:30.272 > load:0x3fff0030,len:1184
21:43:30.275 > load:0x40078000,len:13232
21:43:30.278 > load:0x40080400,len:3028
21:43:30.278 > entry 0x400805e4
21:43:31.884 > [33m
21:43:31.885 >             ___          ___         [0m[33m
21:43:31.888 >            /\__\        /\__\    [0m[33m
21:43:31.892 >           /::|  |      /::|  |       [0m[33m
21:43:31.895 >          /:|:|  |     /:|:|  |       [0m[33m
21:43:31.901 >         /:/|:|  |__  /:/|:|__|__     [0m[33m
21:43:31.903 >        /:/ |:| /\__\/:/ |::::\__\[0m[33m
21:43:31.906 >        \/__|:|/:/  /\/__/~~/:/  /  [0m[33m
21:43:31.912 >            |:/:/  /       /:/  /     [0m[33m
21:43:31.914 >            |::/  /       /:/  /      [0m[33m
21:43:31.920 >            /:/  /       /:/  /       [0m[33m
21:43:31.923 >            \/__/        \/__/      
21:43:31.928 > [0m[32m[I/NM] NMMiner version [v1.8.22] starting...[0m
21:43:31.931 > [32m[I/NM] Initializing NVS...[0m
21:43:31.937 > [32m[I/NM] Load status from NVS, Block hits: 0, Best diff: 0.000[0m
21:43:31.943 > [32m[I/NM] NMMiner Firmware md5  : [10fd93653d196ed344c7b7400e36825b][0m
21:43:32.586 > [32m[I/NM] NMMiner Device code   : [1d226c1e378af7c4cbfe2825b91e61a858d855e612d0b71538036201dda08f85][0m
21:43:32.594 > [33m[W/NM] No licence found![0m
21:43:32.597 > [32m[I/NM] Selected coins: BTC,ETH,BCH,XRP,DOGE,LTC,SOL,BNB[0m
21:43:32.603 > [32m[I/NM] Load screen settings from NVS, Refresh interval: 2, Screen timeout: 0, Initial brightness: 100, Auto brightness: 0[0m
21:43:32.614 > [32m[I/NM] Load timezone from NVS: 8.0[0m
21:43:32.619 > [32m[I/NM] CPU 2 core(s) detected, frequency 240 MHz[0m
21:43:32.622 > [32m[I/NM] Initializing thread wtdg......[0m
21:43:32.628 > [32m[I/NM] (button) thread started on core 0...[0m
21:43:32.675 > [32m[I/NM] (led) thread started on core 0...[0m
21:43:32.774 > [32m[I/NM] (verify) thread started on core 0...[0m
21:43:32.777 > [33mLicence not found in nvs, Waiting a license from UART, Device code [[0m[33m1d[0m[33m22[0m[33m6c[0m[33m1e[0m[33m37[0m[33m8a[0m[33mf7[0m[33mc4[0m[33mcb[0m[33mfe[0m[33m28[0m[33m25[0m[33mb9[0m[33m1e[0m[33m61[0m[33ma8[0m[33m58[0m[33md8[0m[33m55[0m[33me6[0m[33m12[0m[33md0[0m[33mb7[0m[33m15[0m[33m38[0m[33m03[0m[33m62[0m[33m01[0m[33mdd[0m[33ma0[0m[33m8f[0m[33m85[0m[33m]
21:43:32.816 > [0m[33mLicence not found in nvs, Waiting a license from UART, Device code [[0m[33m1d[0m[33m22[0m[33m6c[0m[33m1e[0m[33m37[0m[33m8a[0m[33mf7[0m[33mc4[0m[33mcb[0m[33mfe[0m[33m28[0m[33m25[0m[33mb9[0m[33m1e[0m[33m61[0m[33ma8[0m[33m58[0m[33md8[0m[33m55[0m[33me6[0m[33m12[0m[33md0[0m[33mb7[0m[33m15[0m[33m38[0m[33m03[0m[33m62[0m[33m01[0m[33mdd[0m[33ma0[0m[33m8f[0m[33m85[0m[33m]
21:43:33.844 > [0m[33mLicence not found in nvs, Waiting a license from UART, Device code [[0m[33m1d[0m[33m22[0m[33m6c[0m[33m1e[0m[33m37[0m[33m8a[0m[33mf7[0m[33mc4[0m[33mcb[0m[33mfe[0m[33m28[0m[33m25[0m[33mb9[0m[33m1e[0m[33m61[0m[33ma8[0m[33m58[0m[33md8[0m[33m55[0m[33me6[0m[33m12[0m[33md0[0m[33mb7[0m[33m15[0m[33m38[0m[33m03[0m[33m62[0m[33m01[0m[33mdd[0m[33ma0[0m[33m8f[0m[33m85[0m[33m]
21:43:34.877 > [0m[33mLicence not found in nvs, Waiting a license from UART, Device code [[0m[33m1d[0m[33m22[0m[33m6c[0m[33m1e[0m[33m37[0m[33m8a[0m[33mf7[0m[33mc4[0m[33mcb[0m[33mfe[0m[33m28[0m[33m25[0m[33mb9[0m[33m1e[0m[33m61[0m[33ma8[0m[33m58[0m[33md8[0m[33m55[0m[33me6[0m[33m12[0m[33md0[0m[33mb7[0m[33m15[0m[33m38[0m[33m03[0m[33m62[0m[33m01[0m[33mdd[0m[33ma0[0m[33m8f[0m[33m85[0m[33m]
21:43:35.908 > [0m[33mLicence not found in nvs, Waiting a license from UART, Device code [[0m[33m1d[0m[33m22[0m[33m6c[0m[33m1e[0m[33m37[0m[33m8a[0m[33mf7[0m[33mc4[0m[33mcb[0m[33mfe[0m[33m28[0m[33m25[0m[33mb9[0m[33m1e[0m[33m61[0m[33ma8[0m[33m58[0m[33md8[0m[33m55[0m[33me6[0m[33m12[0m[33md0[0m[33mb7[0m[33m15[0m[33m38[0m[33m03[0m[33m62[0m[33m01[0m[33mdd[0m[33ma0[0m[33m8f[0m[33m85[0m[33m]
21:43:36.940 > [0m[33mLicence not found in nvs, Waiting a license from UART, Device code [[0m[33m1d[0m[33m22[0m[33m6c[0m[33m1e[0m[33m37[0m[33m8a[0m[33mf7[0m[33mc4[0m[33mcb[0m[33mfe[0m[33m28[0m[33m25[0m[33mb9[0m[33m1e[0m[33m61[0m[33ma8[0m[33m58[0m[33md8[0m[33m55[0m[33me6[0m[33m12[0m[33md0[0m[33mb7[0m[33m15[0m[33m38[0m[33m03[0m[33m62[0m[33m01[0m[33mdd[0m[33ma0[0m[33m8f[0m[33m85[0m[33m]
21:43:37.973 > [0m[33mLicence not found in nvs, Waiting a license from UART, Device code [[0m[33m1d[0m[33m22[0m[33m6c[0m[33m1e[0m[33m37[0m[33m8a[0m[33mf7[0m[33mc4[0m[33mcb[0m[33mfe[0m[33m28[0m[33m25[0m[33mb9[0m[33m1e[0m[33m61[0m[33ma8[0m[33m58[0m[33md8[0m[33m55[0m[33me6[0m[33m12[0m[33md0[0m[33mb7[0m[33m15[0m[33m38[0m[33m03[0m[33m62[0m[33m01[0m[33mdd[0m[33ma0[0m[33m8f[0m[33m85[0m[33m]
21:43:39.005 > [0m[33mLicence not found in nvs, Waiting a license from UART, Device code [[0m[33m1d[0m[33m22[0m[33m6c[0m[33m1e[0m[33m37[0m[33m8a[0m[33mf7[0m[33mc4[0m[33mcb[0m[33mfe[0m[33m28[0m[33m25[0m[33mb9[0m[33m1e[0m[33m61[0m[33ma8[0m[33m58[0m[33md8[0m[33m55[0m[33me6[0m[33m12[0m[33md0[0m[33mb7[0m[33m15[0m[33m38[0m[33m03[0m[33m62[0m[33m01[0m[33mdd[0m[33ma0[0m[33m8f[0m[33m85[0m[33m]
21:43:40.037 > [0m[33mLicence not found in nvs, Waiting a license from UART, Device code [[0m[33m1d[0m[33m22[0m[33m6c[0m[33m1e[0m[33m37[0m[33m8a[0m[33mf7[0m[33mc4[0m[33mcb[0m[33mfe[0m[33m28[0m[33m25[0m[33mb9[0m[33m1e[0m[33m61[0m[33ma8[0m[33m58[0m[33md8[0m[33m55[0m[33me6[0m[33m12[0m[33md0[0m[33mb7[0m[33m15[0m[33m38[0m[33m03[0m[33m62[0m[33m01[0m[33mdd[0m[33ma0[0m[33m8f[0m[33m85[0m[33m]
21:43:41.069 > [0m[33mLicence not found in nvs, Waiting a license from UART, Device code [[0m[33m1d[0m[33m22[0m[33m6c[0m[33m1e[0m[33m37[0m[33m8a[0m[33mf7[0m[33mc4[0m[33mcb[0m[33mfe[0m[33m28[0m[33m25[0m[33mb9[0m[33m1e[0m[33m61[0m[33ma8[0m[33m58[0m[33md8[0m[33m55[0m[33me6[0m[33m12[0m[33md0[0m[33mb7[0m[33m15[0m[33m38[0m[33m03[0m[33m62[0m[33m01[0m[33mdd[0m[33ma0[0m[33m8f[0m[33m85[0m[33m]
21:43:42.101 > [0m[33mLicence not found in nvs, Waiting a license from UART, Device code [[0m[33m1d[0m[33m22[0m[33m6c[0m[33m1e[0m[33m37[0m[33m8a[0m[33mf7[0m[33mc4[0m[33mcb[0m[33mfe[0m[33m28[0m[33m25[0m[33mb9[0m[33m1e[0m[33m61[0m[33ma8[0m[33m58[0m[33md8[0m[33m55[0m[33me6[0m[33m12[0m[33md0[0m[33mb7[0m[33m15[0m[33m38[0m[33m03[0m[33m62[0m[33m01[0m[33mdd[0m[33ma0[0m[33m8f[0m[33m85[0m[33m]
21:43:43.133 > [0m[33mLicence not found in nvs, Waiting a license from UART, Device code [[0m[33m1d[0m[33m22[0m[33m6c[0m[33m1e[0m[33m37[0m[33m8a[0m[33mf7[0m[33mc4[0m[33mcb[0m[33mfe[0m[33m28[0m[33m25[0m[33mb9[0m[33m1e[0m[33m61[0m[33ma8[0m[33m58[0m[33md8[0m[33m55[0m[33me6[0m[33m12[0m[33md0[0m[33mb7[0m[33m15[0m[33m38[0m[33m03[0m[33m62[0m[33m01[0m[33mdd[0m[33ma0[0m[33m8f[0m[33m85[0m[33m]
21:43:44.164 > [0m[33mLicence not found in nvs, Waiting a license from UART, Device code [[0m[33m1d[0m[33m22[0m[33m6c[0m[33m1e[0m[33m37[0m[33m8a[0m[33mf7[0m[33mc4[0m[33mcb[0m[33mfe[0m[33m28[0m[33m25[0m[33mb9[0m[33m1e[0m[33m61[0m[33ma8[0m[33m58[0m[33md8[0m[33m55[0m[33me6[0m[33m12[0m[33md0[0m[33mb7[0m[33m15[0m[33m38[0m[33m03[0m[33m62[0m[33m01[0m[33mdd[0m[33ma0[0m[33m8f[0m[33m85[0m[33m]
21:43:45.197 > [0m[33mLicence not found in nvs, Waiting a license from UART, Device code [[0m[33m1d[0m[33m22[0m[33m6c[0m[33m1e[0m[33m37[0m[33m8a[0m[33mf7[0m[33mc4[0m[33mcb[0m[33mfe[0m[33m28[0m[33m25[0m[33mb9[0m[33m1e[0m[33m61[0m[33ma8[0m[33m58[0m[33md8[0m[33m55[0m[33me6[0m[33m12[0m[33md0[0m[33mb7[0m[33m15[0m[33m38[0m[33m03[0m[33m62[0m[33m01[0m[33mdd[0m[33ma0[0m[33m8f[0m[33m85[0m[33m]
21:43:46.229 > [0m[33mLicence not found in nvs, Waiting a license from UART, Device code [[0m[33m1d[0m[33m22[0m[33m6c[0m[33m1e[0m[33m37[0m[33m8a[0m[33mf7[0m[33mc4[0m[33mcb[0m[33mfe[0m[33m28[0m[33m25[0m[33mb9[0m[33m1e[0m[33m61[0m[33ma8[0m[33m58[0m[33md8[0m[33m55[0m[33me6[0m[33m12[0m[33md0[0m[33mb7[0m[33m15[0m[33m38[0m[33m03[0m[33m62[0m[33m01[0m[33mdd[0m[33ma0[0m[33m8f[0m[33m85[0m[33m]
21:43:47.261 > [0m[33mLicence not found in nvs, Waiting a license from UART, Device code [[0m[33m1d[0m[33m22[0m[33m6c[0m[33m1e[0m[33m37[0m[33m8a[0m[33mf7[0m[33mc4[0m[33mcb[0m[33mfe[0m[33m28[0m[33m25[0m[33mb9[0m[33m1e[0m[33m61[0m[33ma8[0m[33m58[0m[33md8[0m[33m55[0m[33me6[0m[33m12[0m[33md0[0m[33mb7[0m[33m15[0m[33m38[0m[33m03[0m[33m62[0m[33m01[0m[33mdd[0m[33ma0[0m[33m8f[0m[33m85[0m[33m]
21:43:48.293 > [0m[33mLicence not found in nvs, Waiting a license from UART, Device code [[0m[33m1d[0m[33m22[0m[33m6c[0m[33m1e[0m[33m37[0m[33m8a[0m[33mf7[0m[33mc4[0m[33mcb[0m[33mfe[0m[33m28[0m[33m25[0m[33mb9[0m[33m1e[0m[33m61[0m[33ma8[0m[33m58[0m[33md8[0m[33m55[0m[33me6[0m[33m12[0m[33md0[0m[33mb7[0m[33m15[0m[33m38[0m[33m03[0m[33m62[0m[33m01[0m[33mdd[0m[33ma0[0m[33m8f[0m[33m85[0m[33m]
21:43:49.325 > [0m[33mLicence not found in nvs, Waiting a license from UART, Device code [[0m[33m1d[0m[33m22[0m[33m6c[0m[33m1e[0m[33m37[0m[33m8a[0m[33mf7[0m[33mc4[0m[33mcb[0m[33mfe[0m[33m28[0m[33m25[0m[33mb9[0m[33m1e[0m[33m61[0m[33ma8[0m[33m58[0m[33md8[0m[33m55[0m[33me6[0m[33m12[0m[33md0[0m[33mb7[0m[33m15[0m[33m38[0m[33m03[0m[33m62[0m[33m01[0m[33mdd[0m[33ma0[0m[33m8f[0m[33m85[0m[33m]
21:43:50.357 > [0m[33mLicence not found in nvs, Waiting a license from UART, Device code [[0m[33m1d[0m[33m22[0m[33m6c[0m[33m1e[0m[33m37[0m[33m8a[0m[33mf7[0m[33mc4[0m[33mcb[0m[33mfe[0m[33m28[0m[33m25[0m[33mb9[0m[33m1e[0m[33m61[0m[33ma8[0m[33m58[0m[33md8[0m[33m55[0m[33me6[0m[33m12[0m[33md0[0m[33mb7[0m[33m15[0m[33m38[0m[33m03[0m[33m62[0m[33m01[0m[33mdd[0m[33ma0[0m[33m8f[0m[33m85[0m[33m]
21:43:51.389 > [0m[33mLicence not found in nvs, Waiting a license from UART, Device code [[0m[33m1d[0m[33m22[0m[33m6c[0m[33m1e[0m[33m37[0m[33m8a[0m[33mf7[0m[33mc4[0m[33mcb[0m[33mfe[0m[33m28[0m[33m25[0m[33mb9[0m[33m1e[0m[33m61[0m[33ma8[0m[33m58[0m[33md8[0m[33m55[0m[33me6[0m[33m12[0m[33md0[0m[33mb7[0m[33m15[0m[33m38[0m[33m03[0m[33m62[0m[33m01[0m[33mdd[0m[33ma0[0m[33m8f[0m[33m85[0m[33m]
21:43:52.421 > [0m[33mLicence not found in nvs, Waiting a license from UART, Device code [[0m[33m1d[0m[33m22[0m[33m6c[0m[33m1e[0m[33m37[0m[33m8a[0m[33mf7[0m[33mc4[0m[33mcb[0m[33mfe[0m[33m28[0m[33m25[0m[33mb9[0m[33m1e[0m[33m61[0m[33ma8[0m[33m58[0m[33md8[0m[33m55[0m[33me6[0m[33m12[0m[33md0[0m[33mb7[0m[33m15[0m[33m38[0m[33m03[0m[33m62[0m[33m01[0m[33mdd[0m[33ma0[0m[33m8f[0m[33m85[0m[33m]
21:43:53.453 > [0m[33mLicence not found in nvs, Waiting a license from UART, Device code [[0m[33m1d[0m[33m22[0m[33m6c[0m[33m1e[0m[33m37[0m[33m8a[0m[33mf7[0m[33mc4[0m[33mcb[0m[33mfe[0m[33m28[0m[33m25[0m[33mb9[0m[33m1e[0m[33m61[0m[33ma8[0m[33m58[0m[33md8[0m[33m55[0m[33me6[0m[33m12[0m[33md0[0m[33mb7[0m[33m15[0m[33m38[0m[33m03[0m[33m62[0m[33m01[0m[33mdd[0m[33ma0[0m[33m8f[0m[33m85[0m[33m]
21:43:54.485 > [0m[33mLicence not found in nvs, Waiting a license from UART, Device code [[0m[33m1d[0m[33m22[0m[33m6c[0m[33m1e[0m[33m37[0m[33m8a[0m[33mf7[0m[33mc4[0m[33mcb[0m[33mfe[0m[33m28[0m[33m25[0m[33mb9[0m[33m1e[0m[33m61[0m[33ma8[0m[33m58[0m[33md8[0m[33m55[0m[33me6[0m[33m12[0m[33md0[0m[33mb7[0m[33m15[0m[33m38[0m[33m03[0m[33m62[0m[33m01[0m[33mdd[0m[33ma0[0m[33m8f[0m[33m85[0m[33m]
21:43:55.517 > [0m[33mLicence not found in nvs, Waiting a license from UART, Device code [[0m[33m1d[0m[33m22[0m[33m6c[0m[33m1e[0m[33m37[0m[33m8a[0m[33mf7[0m[33mc4[0m[33mcb[0m[33mfe[0m[33m28[0m[33m25[0m[33mb9[0m[33m1e[0m[33m61[0m[33ma8[0m[33m58[0m[33md8[0m[33m55[0m[33me6[0m[33m12[0m[33md0[0m[33mb7[0m[33m15[0m[33m38[0m[33m03[0m[33m62[0m[33m01[0m[33mdd[0m[33ma0[0m[33m8f[0m[33m85[0m[33m]
21:43:56.549 > [0m[33mLicence not found in nvs, Waiting a license from UART, Device code [[0m[33m1d[0m[33m22[0m[33m6c[0m[33m1e[0m[33m37[0m[33m8a[0m[33mf7[0m[33mc4[0m[33mcb[0m[33mfe[0m[33m28[0m[33m25[0m[33mb9[0m[33m1e[0m[33m61[0m[33ma8[0m[33m58[0m[33md8[0m[33m55[0m[33me6[0m[33m12[0m[33md0[0m[33mb7[0m[33m15[0m[33m38[0m[33m03[0m[33m62[0m[33m01[0m[33mdd[0m[33ma0[0m[33m8f[0m[33m85[0m[33m]
21:43:57.581 > [0m[33mLicence not found in nvs, Waiting a license from UART, Device code [[0m[33m1d[0m[33m22[0m[33m6c[0m[33m1e[0m[33m37[0m[33m8a[0m[33mf7[0m[33mc4[0m[33mcb[0m[33mfe[0m[33m28[0m[33m25[0m[33mb9[0m[33m1e[0m[33m61[0m[33ma8[0m[33m58[0m[33md8[0m[33m55[0m[33me6[0m[33m12[0m[33md0[0m[33mb7[0m[33m15[0m[33m38[0m[33m03[0m[33m62[0m[33m01[0m[33mdd[0m[33ma0[0m[33m8f[0m[33m85[0m[33m]
21:43:58.613 > [0m[33mLicence not found in nvs, Waiting a license from UART, Device code [[0m[33m1d[0m[33m22[0m[33m6c[0m[33m1e[0m[33m37[0m[33m8a[0m[33mf7[0m[33mc4[0m[33mcb[0m[33mfe[0m[33m28[0m[33m25[0m[33mb9[0m[33m1e[0m[33m61[0m[33ma8[0m[33m58[0m[33md8[0m[33m55[0m[33me6[0m[33m12[0m[33md0[0m[33mb7[0m[33m15[0m[33m38[0m[33m03[0m[33m62[0m[33m01[0m[33mdd[0m[33ma0[0m[33m8f[0m[33m85[0m[33m]
21:43:59.645 > [0m[33mLicence not found in nvs, Waiting a license from UART, Device code [[0m[33m1d[0m[33m22[0m[33m6c[0m[33m1e[0m[33m37[0m[33m8a[0m[33mf7[0m[33mc4[0m[33mcb[0m[33mfe[0m[33m28[0m[33m25[0m[33mb9[0m[33m1e[0m[33m61[0m[33ma8[0m[33m58[0m[33md8[0m[33m55[0m[33me6[0m[33m12[0m[33md0[0m[33mb7[0m[33m15[0m[33m38[0m[33m03[0m[33m62[0m[33m01[0m[33mdd[0m[33ma0[0m[33m8f[0m[33m85[0m[33m]
21:44:00.677 > [0m[33mLicence not found in nvs, Waiting a license from UART, Device code [[0m[33m1d[0m[33m22[0m[33m6c[0m[33m1e[0m[33m37[0m[33m8a[0m[33mf7[0m[33mc4[0m[33mcb[0m[33mfe[0m[33m28[0m[33m25[0m[33mb9[0m[33m1e[0m[33m61[0m[33ma8[0m[33m58[0m[33md8[0m[33m55[0m[33me6[0m[33m12[0m[33md0[0m[33mb7[0m[33m15[0m[33m38[0m[33m03[0m[33m62[0m[33m01[0m[33mdd[0m[33ma0[0m[33m8f[0m[33m85[0m[33m]
21:44:01.709 > [0m[33mLicence not found in nvs, Waiting a license from UART, Device code [[0m[33m1d[0m[33m22[0m[33m6c[0m[33m1e[0m[33m37[0m[33m8a[0m[33mf7[0m[33mc4[0m[33mcb[0m[33mfe[0m[33m28[0m[33m25[0m[33mb9[0m[33m1e[0m[33m61[0m[33ma8[0m[33m58[0m[33md8[0m[33m55[0m[33me6[0m[33m12[0m[33md0[0m[33mb7[0m[33m15[0m[33m38[0m[33m03[0m[33m62[0m[33m01[0m[33mdd[0m[33ma0[0m[33m8f[0m[33m85[0m[33m]
21:44:02.741 > [0m[33mLicence not found in nvs, Waiting a license from UART, Device code [[0m[33m1d[0m[33m22[0m[33m6c[0m[33m1e[0m[33m37[0m[33m8a[0m[33mf7[0m[33mc4[0m[33mcb[0m[33mfe[0m[33m28[0m[33m25[0m[33mb9[0m[33m1e[0m[33m61[0m[33ma8[0m[33m58[0m[33md8[0m[33m55[0m[33me6[0m[33m12[0m[33md0[0m[33mb7[0m[33m15[0m[33m38[0m[33m03[0m[33m62[0m[33m01[0m[33mdd[0m[33ma0[0m[33m8f[0m[33m85[0m[33m]
21:44:03.773 > [0m[33mLicence not found in nvs, Waiting a license from UART, Device code [[0m[33m1d[0m[33m22[0m[33m6c[0m[33m1e[0m[33m37[0m[33m8a[0m[33mf7[0m[33mc4[0m[33mcb[0m[33mfe[0m[33m28[0m[33m25[0m[33mb9[0m[33m1e[0m[33m61[0m[33ma8[0m[33m58[0m[33md8[0m[33m55[0m[33me6[0m[33m12[0m[33md0[0m[33mb7[0m[33m15[0m[33m38[0m[33m03[0m[33m62[0m[33m01[0m[33mdd[0m[33ma0[0m[33m8f[0m[33m85[0m[33m]
21:44:04.805 > [0m[33mLicence not found in nvs, Waiting a license from UART, Device code [[0m[33m1d[0m[33m22[0m[33m6c[0m[33m1e[0m[33m37[0m[33m8a[0m[33mf7[0m[33mc4[0m[33mcb[0m[33mfe[0m[33m28[0m[33m25[0m[33mb9[0m[33m1e[0m[33m61[0m[33ma8[0m[33m58[0m[33md8[0m[33m55[0m[33me6[0m[33m12[0m[33md0[0m[33mb7[0m[33m15[0m[33m38[0m[33m03[0m[33m62[0m[33m01[0m[33mdd[0m[33ma0[0m[33m8f[0m[33m85[0m[33m]
21:44:05.837 > [0m[33mLicence not found in nvs, Waiting a license from UART, Device code [[0m[33m1d[0m[33m22[0m[33m6c[0m[33m1e[0m[33m37[0m[33m8a[0m[33mf7[0m[33mc4[0m[33mcb[0m[33mfe[0m[33m28[0m[33m25[0m[33mb9[0m[33m1e[0m[33m61[0m[33ma8[0m[33m58[0m[33md8[0m[33m55[0m[33me6[0m[33m12[0m[33md0[0m[33mb7[0m[33m15[0m[33m38[0m[33m03[0m[33m62[0m[33m01[0m[33mdd[0m[33ma0[0m[33m8f[0m[33m85[0m[33m]
21:44:06.869 > [0m[33mLicence not found in nvs, Waiting a license from UART, Device code [[0m[33m1d[0m[33m22[0m[33m6c[0m[33m1e[0m[33m37[0m[33m8a[0m[33mf7[0m[33mc4[0m[33mcb[0m[33mfe[0m[33m28[0m[33m25[0m[33mb9[0m[33m1e[0m[33m61[0m[33ma8[0m[33m58[0m[33md8[0m[33m55[0m[33me6[0m[33m12[0m[33md0[0m[33mb7[0m[33m15[0m[33m38[0m[33m03[0m[33m62[0m[33m01[0m[33mdd[0m[33ma0[0m[33m8f[0m[33m85[0m[33m]
21:44:07.901 > [0m[33mLicence not found in nvs, Waiting a license from UART, Device code [[0m[33m1d[0m[33m22[0m[33m6c[0m[33m1e[0m[33m37[0m[33m8a[0m[33mf7[0m[33mc4[0m[33mcb[0m[33mfe[0m[33m28[0m[33m25[0m[33mb9[0m[33m1e[0m[33m61[0m[33ma8[0m[33m58[0m[33md8[0m[33m55[0m[33me6[0m[33m12[0m[33md0[0m[33mb7[0m[33m15[0m[33m38[0m[33m03[0m[33m62[0m[33m01[0m[33mdd[0m[33ma0[0m[33m8f[0m[33m85[0m[33m]
21:44:08.933 > [0m