18:59:47.371 > ets Jul 29 2019 12:21:46
18:59:47.372 > 
18:59:47.372 > rst:0x1 (POWERON_RESET),boot:0x13 (SPI_FAST_FLASH_BOOT)
18:59:47.378 > configsip: 0, SPIWP:0xee
18:59:47.380 > clk_drv:0x00,q_drv:0x00,d_drv:0x00,cs0_drv:0x00,hd_drv:0x00,wp_drv:0x00
18:59:47.385 > mode:DIO, clock div:2
18:59:47.388 > load:0x3fff0030,len:1184
18:59:47.391 > load:0x40078000,len:13232
18:59:47.393 > load:0x40080400,len:3028
18:59:47.393 > entry 0x400805e4
18:59:47.859 > 
18:59:47.863 > *** NerdMiner Multi-threaded Micro-benchmark Mode ***
18:59:47.863 > Spawning 4 worker(s). Reporting every 5000 ms
19:00:24.848 > ets Jul 29 2019 12:21:46
19:00:24.849 > 
19:00:24.849 > rst:0x1 (POWERON_RESET),boot:0x13 (SPI_FAST_FLASH_BOOT)
19:00:24.854 > configsip: 0, SPIWP:0xee
19:00:24.856 > clk_drv:0x00,q_drv:0x00,d_drv:0x00,cs0_drv:0x00,hd_drv:0x00,wp_drv:0x00
19:00:24.861 > mode:DIO, clock div:2
19:00:24.864 > load:0x3fff0030,len:1184
19:00:24.867 > load:0x40078000,len:13232
19:00:24.870 > load:0x40080400,len:3028
19:00:24.870 > entry 0x400805e4
19:00:25.337 > 
19:00:25.337 > *** NerdMiner Multi-threaded Micro-benchmark Mode ***
19:00:25.338 > Spawning 4 worker(s). Reporting every 5000 ms
