22:24:16.788 > 00000000000266a24aa21a9ed2f2e821e967e6b36bb90422eae2aa306face35bd440881fc96c11b16d99439061968b31200000000160014a0a75500479fe2e6ebf5d6504542c19b46fba57200000000",["380d2fcb501fbf04fa9920418bb110d24585260c6af293adc007a40db4c8f242","e1a8110683ef2f28baa48631917fa010ce6945f9ea49da8613dc824c54831bcd","0b880df48a82a43cb753eea3b3d6404ff62e6c38a85911851b3a20d6c7fbcf65","328963798f829aaa93f96007452327549a1efd1c7588c7a39230e4b47c3fd2ea","e81ae3de1c3144d0a3050c15c121fe913af974bd8a69473efa74eb959b6cacac","72e9829c80dbe0a1503839c005a6bd7ee3d8085cd56cf0ed7d8cc1afb01c89c0","e569694df98910f18b07f736bca02095314397e0510da380af2fb60cb06b773c","c55bfc73e5070dbc875aeeb542c288e82a10aabec2b0671478abde81f8075648","f1cac684aae9892c511aa8dfdac100ee1a40b6d2f998f564c0f49a5bbd99b897","7928157ab66a386406663f93204bbec78f38dc9dbd116440d458c19bde4cf0c3","4939e3e23460a7f5c9a75658706ac24b25242bb31930f2a9a4ab979d8a174e62"],"20000000","1701e2a0","692915de",false],"id":null}
22:24:16.788 >     Parsing Method [MINING NOTIFY]
22:24:16.788 >     target: 00000000000000000001e2a00000000000000000000000000000000000000000
22:24:16.788 >     coinbase: 01000000010000000000000000000000000000000000000000000000000000000000000000ffffffff1d03471f0e04de1529690020b7757d000000010a4d696e696e67636f726500000000020000000000000000266a24aa21a9ed2f2e821e967e6b36bb90422eae2aa306face35bd440881fc96c11b16d99439061968b31200000000160014a0a75500479fe2e6ebf5d6504542c19b46fba57200000000
22:24:16.788 >     merkle sha         : 7fbd74d1835339ecf7e22b3054291c7929be1822c961bd6fc7e08e25a344f5d1
22:24:16.788 > >>> shares:0  valids:0  Khashes:4414  avg:354.9 KH/s
22:24:16.788 > Pool workers:0  poolHash:0.0000
22:24:16.788 > WiFi: IoT 192.168.0.185
22:24:16.788 >   Sending  : {"id":12,"method":"mining.submit","params":["bc1qrx29kdm75ek69zs29m9pp08z0kkczcg286t7kl.IoT 2.w0","0000c3cc","00000001","692915de","da5b3260"]}
22:24:16.788 >    - Current diff share: 0.000151011850
22:24:16.788 >    - Current pool diff : 0.000150000000
22:24:16.788 >    - TX SHARE: 3377d1328ae5b1b552018cdbdc5dc6299ad9e1db69318e5dfe0e56e5dd190000
22:24:16.788 >   Sending  : {"id":13,"method":"mining.submit","params":["bc1qrx29kdm75ek69zs29m9pp08z0kkczcg286t7kl.IoT 2.w2","0000c3cc","00000001","692915de","da5ce60a"]}
22:24:16.789 >    - Current diff share: 0.000256897727
22:24:16.789 >    - Current pool diff : 0.000150000000
22:24:16.789 >    - TX SHARE: 0236b5d0494b3924ee0e83d49b5f933991fba26eef13063b0d5d4d8a340f0000
22:24:16.789 >   Receiving: {"result":true,"id":12}
22:24:16.789 >   Receiving: {"result":true,"id":13}
22:24:16.789 > >>> shares:0  valids:0  Khashes:4808  avg:355.1 KH/s
22:24:16.789 > Pool workers:0  poolHash:0.0000
22:24:16.789 > WiFi: IoT 192.168.0.185
22:24:17.533 > >>> shares:0  valids:0  Khashes:5135  avg:342.1 KH/s
22:24:17.536 > Pool workers:0  poolHash:0.0000
22:24:17.539 > WiFi: IoT 192.168.0.185
22:24:18.082 >   Sending  : {"id":14,"method":"mining.submit","params":["bc1qrx29kdm75ek69zs29m9pp08z0kkczcg286t7kl.IoT 2.w3","0000c3cc","00000001","692915de","da68f8b9"]}
22:24:18.093 >    - Current diff share: 0.000309532996
22:24:18.098 >    - Current pool diff : 0.000150000000
22:24:18.101 >    - TX SHARE: 6ef5c929dda8c3c75d9f50048a4c6253ede7433c8c814f9fc388c19f9e0c0000
22:24:18.258 >   Receiving: {"result":true,"id":14}
22:24:18.570 > >>> shares:0  valids:0  Khashes:5529  avg:355.1 KH/s
22:24:18.572 > Pool workers:0  poolHash:0.0000
22:24:18.575 > WiFi: IoT 192.168.0.185
22:24:19.509 >   Sending  : {"id":15,"method":"mining.submit","params":["bc1qrx29kdm75ek69zs29m9pp08z0kkczcg286t7kl.IoT 2.w3","0000c3cc","00000001","692915de","da6ed8d5"]}
22:24:19.520 >    - Current diff share: 0.000905580610
22:24:19.525 >    - Current pool diff : 0.000150000000
22:24:19.528 >    - TX SHARE: d46eb637dac2ca65d0788d3241200205017a5c0f6cdd2ddedd6e403f50040000
22:24:19.607 > >>> shares:0  valids:0  Khashes:5922  avg:355.1 KH/s
22:24:19.610 > Pool workers:0  poolHash:0.0000
22:24:19.612 > WiFi: IoT 192.168.0.185
22:24:19.684 >   Receiving: {"result":true,"id":15}
22:24:20.587 >   Sending  : {"id":16,"method":"mining.submit","params":["bc1qrx29kdm75ek69zs29m9pp08z0kkczcg286t7kl.IoT 2.w2","0000c3cc","00000001","692915de","da749b26"]}
22:24:20.596 >    - Current diff share: 0.000172232868
22:24:20.601 >    - Current pool diff : 0.000150000000
22:24:20.604 >    - TX SHARE: 364bb0388fff85f3585bd784f32ee597dc898c62bdb5b8fbdbec0e01ae160000
22:24:20.644 > >>> shares:0  valids:0  Khashes:6315  avg:366.6 KH/s
22:24:20.646 > Pool workers:0  poolHash:0.0000
22:24:20.649 > WiFi: IoT 192.168.0.185
22:24:20.762 >   Receiving: {"result":true,"id":16}
22:24:21.681 > >>> shares:0  valids:0  Khashes:6643  avg:353.9 KH/s
22:24:21.685 > Pool workers:0  poolHash:0.0000
22:24:21.687 > WiFi: IoT 192.168.0.185
22:24:22.718 > >>> shares:0  valids:0  Khashes:7036  avg:366.6 KH/s
22:24:22.720 > Pool workers:0  poolHash:0.0000
22:24:22.723 > WiFi: IoT 192.168.0.185
22:24:23.755 > >>> shares:0  valids:0  Khashes:7429  avg:366.5 KH/s
22:24:23.757 > Pool workers:0  poolHash:0.0000
22:24:23.762 > WiFi: IoT 192.168.0.185
22:24:24.791 > >>> shares:0  valids:0  Khashes:7822  avg:366.5 KH/s
22:24:24.794 > Pool workers:0  poolHash:0.0000
22:24:24.796 > WiFi: IoT 192.168.0.185
22:24:24.867 >   Receiving: {"jsonrpc":"2.0","method":"mining.notify","params":["0000c3cd","d232e08952eeab17ba19151890982d7b8acff46e000130890000000000000000","01000000010000000000000000000000000000000000000000000000000000000000000000ffffffff1d03471f0e04e815296900","0a4d696e696e67636f726500000000020000000000000000266a24aa21a9ed00b06170839415e578c495ae05f3ad18786644f2eb21ebde2f7ff730064a693def88b31200000000160014a0a75500479fe2e6ebf5d6504542c19b46fba57200000000",["380d2fcb501fbf04fa9920418bb110d24585260c6af293adc007a40db4c8f242","e1a8110683ef2f28baa48631917fa010ce6945f9ea49da8613dc824c54831bcd","0b880df48a82a43cb753eea3b3d6404ff62e6c38a85911851b3a20d6c7fbcf65","328963798f829aaa93f96007452327549a1efd1c7588c7a39230e4b47c3fd2ea","e81ae3de1c3144d0a3050c15c121fe913af974bd8a69473efa74eb959b6cacac","b28ce860d75f266849245d74481f6c4a30815f33189ab5e3d1a200f53fb9ea70","6e07d60f6265826eb0c66caf629d223ac51f1e4ed659ec549d124203e2dd5c10","83b59f82a0c1a3f3d4258dd106e12d3c000cbac80c64b1475830866be69ec2ac","9bc3a7f3daa40a0f827b9fd9682922b024364af9924eea62c1915b5d12aadd4a","31534ac240dca991081ab15383bcc581940592d69a63a99de4bfb4dbede5bbd7","408f7efbd37e29df02a78ecab8c3098d38724de4839cbc6f206631fd64d0a94a"],"20000000","1701e2a0","692915e8",false],"id":null}
22:24:24.972 >     Parsing Method [MINING NOTIFY]
22:24:24.975 >     target: 00000000000000000001e2a00000000000000000000000000000000000000000
22:24:24.983 >     coinbase: 01000000010000000000000000000000000000000000000000000000000000000000000000ffffffff1d03471f0e04e81529690020b7757d000000010a4d696e696e67636f726500000000020000000000000000266a24aa21a9ed00b06170839415e578c495ae05f3ad18786644f2eb21ebde2f7ff730064a693def88b31200000000160014a0a75500479fe2e6ebf5d6504542c19b46fba57200000000
22:24:25.011 >     merkle sha         : 70484d8a68d3eb01b73a44cd1ef549807508f5a3e91b6d5df122a53246a4a44d
22:24:25.827 > >>> shares:0  valids:0  Khashes:8180  avg:359.8 KH/s
22:24:25.830 > Pool workers:0  poolHash:0.0000
22:24:25.833 > WiFi: IoT 192.168.0.185
22:24:26.318 >   Sending  : {"id":17,"method":"mining.submit","params":["bc1qrx29kdm75ek69zs29m9pp08z0kkczcg286t7kl.IoT 2.w3","0000c3cd","00000001","692915e8","da5f5b12"]}
22:24:26.329 >    - Current diff share: 0.000569691457
22:24:26.334 >    - Current pool diff : 0.000150000000
22:24:26.337 >    - TX SHARE: 474cb4a7e8c0c0ae38dc925c391fd32ab5299fcdc210d595109b314fdb060000
22:24:26.493 >   Receiving: {"result":true,"id":17}
22:24:26.864 > >>> shares:0  valids:0  Khashes:8508  avg:359.8 KH/s
22:24:26.867 > Pool workers:0  poolHash:0.0000
22:24:26.869 > WiFi: IoT 192.168.0.185
22:24:27.901 > >>> shares:0  valids:0  Khashes:8901  avg:359.8 KH/s
22:24:27.904 > Pool workers:0  poolHash:0.0000
22:24:27.906 > WiFi: IoT 192.168.0.185
22:24:28.938 > >>> shares:0  valids:0  Khashes:9294  avg:359.8 KH/s
22:24:28.940 > Pool workers:0  poolHash:0.0000
22:24:28.943 > WiFi: IoT 192.168.0.185
22:24:29.976 > >>> shares:0  valids:0  Khashes:9688  avg:360.0 KH/s
22:24:29.977 > Pool workers:0  poolHash:0.0000
22:24:29.980 > WiFi: IoT 192.168.0.185
22:24:30.794 >   Sending  : {"id":18,"method":"mining.submit","params":["bc1qrx29kdm75ek69zs29m9pp08z0kkczcg286t7kl.IoT 2.w0","0000c3cd","00000001","692915e8","da75a1a5"]}
22:24:30.805 >    - Current diff share: 0.000185279514
22:24:30.810 >    - Current pool diff : 0.000150000000
22:24:30.813 >    - TX SHARE: 204687862b2f84378ef4da85c565d0562a2f946ee98f24d4d9f51c2b15150000
22:24:30.969 >   Receiving: {"result":true,"id":18}
22:24:31.011 > >>> shares:0  valids:0  Khashes:10081  avg:366.7 KH/s
22:24:31.013 > Pool workers:0  poolHash:0.0000
22:24:31.016 > WiFi: IoT 192.168.0.185
22:24:31.047 > >>> shares:0  valids:0  Khashes:10081  avg:2147483647 KH/s
22:24:31.050 > Pool workers:0  poolHash:0.0000
22:24:31.053 > WiFi: IoT 192.168.0.185
22:24:31.370 >   Sending  : {"id":19,"method":"mining.submit","params":["bc1qrx29kdm75ek69zs29m9pp08z0kkczcg286t7kl.IoT 2.w3","0000c3cd","00000001","692915e8","da782465"]}
22:24:31.381 >    - Current diff share: 0.001067623698
22:24:31.386 >    - Current pool diff : 0.000150000000
22:24:31.389 >    - TX SHARE: 5a1050642ae9926f04086e6a1bc110278917736ffac25a0932c533a5a8030000
22:24:31.545 >   Receiving: {"result":true,"id":19}
22:24:31.896 >   Sending  : {"id":20,"method":"mining.submit","params":["bc1qrx29kdm75ek69zs29m9pp08z0kkczcg286t7kl.IoT 2.w1","0000c3cd","00000001","692915e8","da7b09a1"]}
22:24:31.907 >    - Current diff share: 0.001180834869
22:24:31.913 >    - Current pool diff : 0.000150000000
22:24:31.915 >    - TX SHARE: eb5e3147b672612dd42a9d7b1e9869802973dd3ed3df2c5fa14175d84e030000
22:24:32.072 >   Receiving: {"result":true,"id":20}
22:24:32.084 > >>> shares:0  valids:0  Khashes:10408  avg:2147483647 KH/s
22:24:32.087 > Pool workers:0  poolHash:0.0000
22:24:32.090 > WiFi: IoT 192.168.0.185
22:24:33.122 > >>> shares:0  valids:0  Khashes:10802  avg:2147483647 KH/s
22:24:33.125 > Pool workers:0  poolHash:0.0000
22:24:33.127 > WiFi: IoT 192.168.0.185
22:24:34.159 > >>> shares:0  valids:0  Khashes:11195  avg:2147483647 KH/s
22:24:34.161 > Pool workers:0  poolHash:0.0000
22:24:34.164 > WiFi: IoT 192.168.0.185
22:24:34.879 >   Receiving: {"jsonrpc":"2.0","method":"mining.notify","params":["0000c3ce","d232e08952eeab17ba19151890982d7b8acff46e000130890000000000000000","01000000010000000000000000000000000000000000000000000000000000000000000000ffffffff1d03471f0e04f215296900","0a4d696e696e67636f726500000000020000000000000000266a24aa21a9edec3e256fe986c02610a845431e74812d6b3dcd92b8a907354ecb82c02112dae421e2b31200000000160014a0a75500479fe2e6ebf5d6504542c19b46fba57200000000",["380d2fcb501fbf04fa9920418bb110d24585260c6af293adc007a40db4c8f242","e1a8110683ef2f28baa48631917fa010ce6945f9ea49da8613dc824c54831bcd","0b880df48a82a43cb753eea3b3d6404ff62e6c38a85911851b3a20d6c7fbcf65","328963798f829aaa93f96007452327549a1efd1c7588c7a39230e4b47c3fd2ea","e81ae3de1c3144d0a3050c15c121fe913af974bd8a69473efa74eb959b6cacac","3feffd0d8550d5ad90e096f646f7def29d2efc76d4f87f5d7652299897b25c6b","233fc69d4a5704aa24c90e3fb61a5b9ab14b71fb634f13831a3f3b67ad31e59e","4b193517c0b9672bbcba053ffe490d52511b3e71e93d9458ba1622d90fad8a9d","1219f9c7fd33288cd4b3dbb45758d0f8248acf4465f3b2ddea7d2fdd16420536","89f0c2edff5516b9d43f95178ac83ba13d1a5033875434530ca065fa5c2ec1ff","82c8751c3f0b864953f6dcbd44796ce7d764f717ea0b70ad3880d41fd55e3f1b"],"20000000","1701e2a0","692915f2",false],"id":null}
22:24:34.985 >     Parsing Method [MINING NOTIFY]
22:24:34.988 >     target: 00000000000000000001e2a00000000000000000000000000000000000000000
22:24:34.996 >     coinbase: 01000000010000000000000000000000000000000000000000000000000000000000000000ffffffff1d03471f0e04f21529690020b7757d000000010a4d696e696e67636f726500000000020000000000000000266a24aa21a9edec3e256fe986c02610a845431e74812d6b3dcd92b8a907354ecb82c02112dae421e2b31200000000160014a0a75500479fe2e6ebf5d6504542c19b46fba57200000000
22:24:35.024 >     merkle sha         : d99f22cfb7335f978657b26f4f6d06eb48b07ae53e4599c352313afa74301d77
22:24:35.196 > >>> shares:0  valids:0  Khashes:11548  avg:2147483647 KH/s
22:24:35.200 > Pool workers:0  poolHash:0.0000
22:24:35.202 > WiFi: IoT 192.168.0.185
22:24:36.234 > >>> shares:0  valids:0  Khashes:11941  avg:0 KH/s
22:24:36.236 > Pool workers:0  poolHash:0.0000
22:24:36.238 > WiFi: IoT 192.168.0.185
22:24:36.481 >   Sending  : {"id":21,"method":"mining.submit","params":["bc1qrx29kdm75ek69zs29m9pp08z0kkczcg286t7kl.IoT 2.w1","0000c3ce","00000001","692915f2","da5d2f81"]}
22:24:36.492 >    - Current diff share: 0.000242590089
22:24:36.497 >    - Current pool diff : 0.000150000000
22:24:36.500 >    - TX SHARE: 14b5739a7cc1fd4c0225764c867da322c60ec6ee838b3730260af71d1a100000
22:24:36.656 >   Receiving: {"result":true,"id":21}
22:24:37.270 > >>> shares:0  valids:0  Khashes:12334  avg:0 KH/s
22:24:37.273 > Pool workers:0  poolHash:0.0000
22:24:37.276 > WiFi: IoT 192.168.0.185
22:24:37.407 >   Sending  : {"id":22,"method":"mining.submit","params":["bc1qrx29kdm75ek69zs29m9pp08z0kkczcg286t7kl.IoT 2.w1","0000c3ce","00000001","692915f2","da64f3b5"]}
22:24:37.418 >    - Current diff share: 0.000150643273
22:24:37.423 >    - Current pool diff : 0.000150000000
22:24:37.426 >    - TX SHARE: e9233258bdc67cbaa55108fa845fcedb0268264ffc820bf5284df918ee190000
22:24:37.582 >   Receiving: {"result":true,"id":22}
22:24:38.309 > >>> shares:0  valids:0  Khashes:12662  avg:0 KH/s
22:24:38.310 > Pool workers:0  poolHash:0.0000
22:24:38.313 > WiFi: IoT 192.168.0.185
22:24:39.344 > >>> shares:0  valids:0  Khashes:13055  avg:0 KH/s
22:24:39.347 > Pool workers:0  poolHash:0.0000
22:24:39.349 > WiFi: IoT 192.168.0.185
22:24:40.381 > >>> shares:0  valids:0  Khashes:13448  avg:0 KH/s
22:24:40.384 > Pool workers:0  poolHash:0.0000
22:24:40.386 > WiFi: IoT 192.168.0.185
22:24:41.418 > >>> shares:0  valids:0  Khashes:13776  avg:0 KH/s
22:24:41.421 > Pool workers:0  poolHash:0.0000
22:24:41.423 > WiFi: IoT 192.168.0.185
22:24:42.455 > >>> shares:0  valids:0  Khashes:14169  avg:0 KH/s
22:24:42.459 > Pool workers:0  poolHash:0.0000
22:24:42.461 > WiFi: IoT 192.168.0.185
22:24:43.492 > >>> shares:0  valids:0  Khashes:14563  avg:0 KH/s
22:24:43.495 > Pool workers:0  poolHash:0.0000
22:24:43.497 > WiFi: IoT 192.168.0.185
22:24:44.235 >   Sending  : {"id":23,"method":"mining.submit","params":["bc1qrx29kdm75ek69zs29m9pp08z0kkczcg286t7kl.IoT 2.w0","0000c3ce","00000001","692915f2","da88545c"]}
22:24:44.246 >    - Current diff share: 0.000449699231
22:24:44.251 >    - Current pool diff : 0.000150000000
22:24:44.254 >    - TX SHARE: bae623aaf86b99691e6f6310f101e7b7287ae9da340ded1e9325b0acaf080000
22:24:44.410 >   Receiving: {"result":true,"id":23}
22:24:44.529 > >>> shares:0  valids:0  Khashes:14956  avg:0 KH/s
22:24:44.532 > Pool workers:0  poolHash:0.0000
22:24:44.535 > WiFi: IoT 192.168.0.185
22:24:44.966 >   Receiving: {"jsonrpc":"2.0","method":"mining.notify","params":["0000c3cf","d232e08952eeab17ba19151890982d7b8acff46e000130890000000000000000","01000000010000000000000000000000000000000000000000000000000000000000000000ffffffff1d03471f0e04fc15296900","0a4d696e696e67636f726500000000020000000000000000266a24aa21a9edf98fc233254400316a06271808dcb98732d36547c03d6b03d1f854724ebade5f5c1db41200000000160014a0a75500479fe2e6ebf5d6504542c19b46fba57200000000",["380d2fcb501fbf04fa9920418bb110d24585260c6af293adc007a40db4c8f242","e1a8110683ef2f28baa48631917fa010ce6945f9ea49da8613dc824c54831bcd","0b880df48a82a43cb753eea3b3d6404ff62e6c38a85911851b3a20d6c7fbcf65","bc3ec45fb23bcffbccde326e56987903285186ae08000fed27e66ef3fdd3a4e3","375ad506911edc420d499e5383dfd10ed8a4b3f180c1c07cb134de2b27c8207c","4469cb4d6808419c33e6883971c8447297d4e8de390d658dcc846e3a01574313","5b7f3059ee71c63d7a6654ff7cc00c368a69853dcc047697f6d3715431bd4010","ed8e2d6651cdb976eaa3ed6eec05c2d4b848536d83fb24b73d3c4f4d40f79fa8","22f0f0638718b087b2bf435072760f7e4c1dfa8700899b5d271a704232dbada3","7bec2a3c20e27034041d3b252cd4240c5458d6c1ce3c9e332306d2045840a732","55a9039f01e70346bbcfe271656af6487c05e6039f164e1dfeec4ca3d6f8f1ec"],"20000000","1701e2a0","692915fc",false],"id":null}
22:24:45.071 >     Parsing Method [MINING NOTIFY]
22:24:45.074 >     target: 00000000000000000001e2a00000000000000000000000000000000000000000
22:24:45.082 >     coinbase: 01000000010000000000000000000000000000000000000000000000000000000000000000ffffffff1d03471f0e04fc1529690020b7757d000000010a4d696e696e67636f726500000000020000000000000000266a24aa21a9edf98fc233254400316a06271808dcb98732d36547c03d6b03d1f854724ebade5f5c1db41200000000160014a0a75500479fe2e6ebf5d6504542c19b46fba57200000000
22:24:45.110 >     merkle sha         : 284983c33db905401a5d64215b092a6582d9d68e78725e4944c9fff9ba0e9c0b
22:24:45.570 > >>> shares:0  valids:0  Khashes:15335  avg:0 KH/s
22:24:45.570 > Pool workers:0  poolHash:0.0000
22:24:45.572 > WiFi: IoT 192.168.0.185
22:24:45.868 >   Sending  : {"id":24,"method":"mining.submit","params":["bc1qrx29kdm75ek69zs29m9pp08z0kkczcg286t7kl.IoT 2.w0","0000c3cf","00000001","692915fc","da599453"]}
22:24:45.878 >    - Current diff share: 0.000272581748
22:24:45.883 >    - Current pool diff : 0.000150000000
22:24:45.886 >    - TX SHARE: fe8009fa8e7aad6efba26dceb82b4c33d63389a7512b27f3db697791540e0000
22:24:46.041 >   Receiving: {"result":true,"id":24}
22:24:46.603 > >>> shares:0  valids:0  Khashes:15662  avg:0 KH/s
22:24:46.606 > Pool workers:0  poolHash:0.0000
22:24:46.608 > WiFi: IoT 192.168.0.185
22:24:47.492 >   Sending  : {"id":25,"method":"mining.submit","params":["bc1qrx29kdm75ek69zs29m9pp08z0kkczcg286t7kl.IoT 2.w2","0000c3cf","00000001","692915fc","da628afb"]}
22:24:47.503 >    - Current diff share: 0.000866663221
22:24:47.508 >    - Current pool diff : 0.000150000000
22:24:47.511 >    - TX SHARE: e0ddc968322c484c2188a91cc2eed23216b64198cf0a5482c25648d581040000
22:24:47.640 > >>> shares:0  valids:0  Khashes:16056  avg:0 KH/s
22:24:47.643 > Pool workers:0  poolHash:0.0000
22:24:47.646 > WiFi: IoT 192.168.0.185
22:24:47.666 >   Receiving: {"result":true,"id":25}
22:24:48.677 > >>> shares:0  valids:0  Khashes:16449  avg:0 KH/s
22:24:48.681 > Pool workers:0  poolHash:0.0000
22:24:48.683 > WiFi: IoT 192.168.0.185
22:24:49.714 > >>> shares:0  valids:0  Khashes:16842  avg:0 KH/s
22:24:49.717 > Pool workers:0  poolHash:0.0000
22:24:49.722 > WiFi: IoT 192.168.0.185
22:24:50.167 >   Sending  : {"id":26,"method":"mining.submit","params":["bc1qrx29kdm75ek69zs29m9pp08z0kkczcg286t7kl.IoT 2.w0","0000c3cf","00000001","692915fc","da71dfcd"]}
22:24:50.178 >    - Current diff share: 0.000386476853
22:24:50.183 >    - Current pool diff : 0.000150000000
22:24:50.186 >    - TX SHARE: 82a72be20d27f95e02206faa8273ae6470dde6a2166ac23a287506701b0a0000
22:24:50.342 >   Receiving: {"result":true,"id":26}
22:24:50.693 >   Sending  : {"id":27,"method":"mining.submit","params":["bc1qrx29kdm75ek69zs29m9pp08z0kkczcg286t7kl.IoT 2.w1","0000c3cf","00000001","692915fc","da7436da"]}
22:24:50.704 >    - Current diff share: 0.000190185133
22:24:50.709 >    - Current pool diff : 0.000150000000
22:24:50.712 >    - TX SHARE: 895911c6608efb4268c9b919ad3491ce31c84e870473e75af67f4df489140000
22:24:50.751 > >>> shares:0  valids:0  Khashes:17235  avg:0 KH/s
22:24:50.754 > Pool workers:0  poolHash:0.0000
22:24:50.757 > WiFi: IoT 192.168.0.185
22:24:50.869 >   Receiving: {"result":true,"id":27}
22:24:51.420 >   Sending  : {"id":28,"method":"mining.submit","params":["bc1qrx29kdm75ek69zs29m9pp08z0kkczcg286t7kl.IoT 2.w1","0000c3cf","00000001","692915fc","da78de61"]}
22:24:51.431 >    - Current diff share: 0.000182573623
22:24:51.437 >    - Current pool diff : 0.000150000000
22:24:51.439 >    - TX SHARE: 8d18d60ba53aadb0ca3a22d78578f8a6210943ea590a61bf11e2ab2865150000
22:24:51.595 >   Receiving: {"result":true,"id":28}
22:24:51.788 > >>> shares:0  valids:0  Khashes:17563  avg:0 KH/s
22:24:51.791 > Pool workers:0  poolHash:0.0000
22:24:51.793 > WiFi: IoT 192.168.0.185
22:24:52.825 > >>> shares:0  valids:0  Khashes:17956  avg:0 KH/s
22:24:52.828 > Pool workers:0  poolHash:0.0000
22:24:52.831 > WiFi: IoT 192.168.0.185
22:24:53.046 >   Sending  : {"id":29,"method":"mining.submit","params":["bc1qrx29kdm75ek69zs29m9pp08z0kkczcg286t7kl.IoT 2.w0","0000c3cf","00000001","692915fc","da81a83e"]}
22:24:53.057 >    - Current diff share: 0.000162155181
22:24:53.062 >    - Current pool diff : 0.000150000000
22:24:53.065 >    - TX SHARE: e3cb610ddb7ea039095ae68c12221a2e77df9c0357f48ce3bb358ad616180000
22:24:53.221 >   Receiving: {"result":true,"id":29}
22:24:53.863 > >>> shares:0  valids:0  Khashes:18349  avg:0 KH/s
22:24:53.865 > Pool workers:0  poolHash:0.0000
22:24:53.868 > WiFi: IoT 192.168.0.185
22:24:54.878 >   Receiving: {"jsonrpc":"2.0","method":"mining.notify","params":["0000c3d0","d232e08952eeab17ba19151890982d7b8acff46e000130890000000000000000","01000000010000000000000000000000000000000000000000000000000000000000000000ffffffff1d03471f0e040616296900","0a4d696e696e67636f726500000000020000000000000000266a24aa21a9edfbab0bc0bf98c29ef1cad2d4e0a5080bf37bfb754ea58ade4decae5060bad587022cb41200000000160014a0a75500479fe2e6ebf5d6504542c19b46fba57200000000",["380d2fcb501fbf04fa9920418bb110d24585260c6af293adc007a40db4c8f242","e1a8110683ef2f28baa48631917fa010ce6945f9ea49da8613dc824c54831bcd","0b880df48a82a43cb753eea3b3d6404ff62e6c38a85911851b3a20d6c7fbcf65","bc3ec45fb23bcffbccde326e56987903285186ae08000fed27e66ef3fdd3a4e3","375ad506911edc420d499e5383dfd10ed8a4b3f180c1c07cb134de2b27c8207c","4469cb4d6808419c33e6883971c8447297d4e8de390d658dcc846e3a01574313","5b7f3059ee71c63d7a6654ff7cc00c368a69853dcc047697f6d3715431bd4010","e9086d4add7c939b1de890a59f4bf72dee9f7c12408e3702ae6ab550e78d642f","3f73e95ca27845a30a457dea7109b66f4f7bfbd8bda6d7a9aa6687a8c55b188b","270a1985f80afcce37c81976a8ef95d13ff60a908a69567390bb787e3dc64dce","971a1185f6063011c60ee1bec429ce8e45e54b83caa04ed613d88997708c4e6d"],"20000000","1701e2a0","69291606",false],"id":null}>>> shares:0  valids:0  Khashes:18743  avg:0 KH/s
22:24:54.989 > Pool workers:0  poolHash:0.0000
22:24:54.991 > 
22:24:54.991 > WiFi: IoT 192.168.0.185
22:24:54.994 >     Parsing Method [MINING NOTIFY]
22:24:54.997 >     target: 00000000000000000001e2a00000000000000000000000000000000000000000
22:24:55.002 >     coinbase: 01000000010000000000000000000000000000000000000000000000000000000000000000ffffffff1d03471f0e04061629690020b7757d000000010a4d696e696e67636f726500000000020000000000000000266a24aa21a9edfbab0bc0bf98c29ef1cad2d4e0a5080bf37bfb754ea58ade4decae5060bad587022cb41200000000160014a0a75500479fe2e6ebf5d6504542c19b46fba57200000000
22:24:55.033 >     merkle sha         : 7f95a642aa0e365059bfebfc7eb3f189b1570470b48ed7a9d78fb83f6153f631
22:24:55.928 > >>> shares:0  valids:0  Khashes:19064  avg:0 KH/s
22:24:55.931 > Pool workers:0  poolHash:0.0000
22:24:55.933 > WiFi: IoT 192.168.0.185
22:24:56.340 >   Sending  : {"id":30,"method":"mining.submit","params":["bc1qrx29kdm75ek69zs29m9pp08z0kkczcg286t7kl.IoT 2.w3","0000c3d0","00000001","69291606","da5f201a"]}
22:24:56.351 >    - Current diff share: 0.000150954003
22:24:56.356 >    - Current pool diff : 0.000150000000
22:24:56.359 >    - TX SHARE: 5aac2a5f2afe6832da35797112ed7b9fba99445cf46f3911e40ef36ee0190000
22:24:56.514 >   Receiving: {"result":true,"id":30}
22:24:56.965 > >>> shares:0  valids:0  Khashes:19458  avg:0 KH/s
22:24:56.968 > Pool workers:0  poolHash:0.0000
22:24:56.972 > WiFi: IoT 192.168.0.185
22:24:58.002 > >>> shares:0  valids:0  Khashes:19785  avg:0 KH/s
22:24:58.005 > Pool workers:0  poolHash:0.0000
22:24:58.008 > WiFi: IoT 192.168.0.185
22:24:59.039 > >>> shares:0  valids:0  Khashes:20178  avg:0 KH/s
22:24:59.043 > Pool workers:0  poolHash:0.0000
22:24:59.045 > WiFi: IoT 192.168.0.185
22:25:00.076 > >>> shares:0  valids:0  Khashes:20572  avg:0 KH/s
22:25:00.079 > Pool workers:0  poolHash:0.0000
22:25:00.082 > WiFi: IoT 192.168.0.185
22:25:01.113 > >>> shares:0  valids:0  Khashes:20965  avg:0 KH/s
22:25:01.116 > Pool workers:0  poolHash:0.0000
22:25:01.119 > WiFi: IoT 192.168.0.185
22:25:01.150 > >>> shares:0  valids:0  Khashes:20965  avg:0 KH/s
22:25:01.153 > Pool workers:0  poolHash:0.0000
22:25:01.155 > WiFi: IoT 192.168.0.185
22:25:02.187 > >>> shares:0  valids:0  Khashes:21358  avg:0 KH/s
22:25:03.679 > 
22:25:03.679 > ####### Pool Data OK!
22:25:03.679 > Pool workers:0  poolHash:0.0000
22:25:03.681 > WiFi: IoT 192.168.0.185
22:25:03.818 > >>> shares:0  valids:0  Khashes:21882  avg:0 KH/s
22:25:03.820 > Pool workers:0  poolHash:0.0000
22:25:03.823 > WiFi: IoT 192.168.0.185
22:25:04.855 > >>> shares:0  valids:0  Khashes:22276  avg:0 KH/s
22:25:04.859 > Pool workers:0  poolHash:0.0000
22:25:04.863 > WiFi: IoT 192.168.0.185
22:25:04.863 >   Receiving: {"jsonrpc":"2.0","method":"mining.notify","params":["0000c3d1","d232e08952eeab17ba19151890982d7b8acff46e000130890000000000000000","01000000010000000000000000000000000000000000000000000000000000000000000000ffffffff1d03471f0e041016296900","0a4d696e696e67636f726500000000020000000000000000266a24aa21a9ed8ad777e40358525b03fe752954e08e2a757af4a86d4d9bc18696c6dfc6408ee8a54cb41200000000160014a0a75500479fe2e6ebf5d6504542c19b46fba57200000000",["380d2fcb501fbf04fa9920418bb110d24585260c6af293adc007a40db4c8f242","e1a8110683ef2f28baa48631917fa010ce6945f9ea49da8613dc824c54831bcd","0b880df48a82a43cb753eea3b3d6404ff62e6c38a85911851b3a20d6c7fbcf65","bc3ec45fb23bcffbccde326e56987903285186ae08000fed27e66ef3fdd3a4e3","375ad506911edc420d499e5383dfd10ed8a4b3f180c1c07cb134de2b27c8207c","4469cb4d6808419c33e6883971c8447297d4e8de390d658dcc846e3a01574313","515c0368df2672498fa1d7a54fbd9b12898ce2cc0b1759d843d1b6d9af446741","22f3b31830cd3c7dce25cf6723cc530f62c58e3b17afdf5df09003ddd6f0c4f6","29ba96cec929d3ad006927aad0b669ae4e7e4d1fc3668e7c2c5d44c8c6980473","af986d488e6904ac47b9ebc76f02de2ee27598f436fab8514c32cc05da63e8be","34e50bad5b75abcb74986a0b77fbff5210b4683b7649339486cce6d6efa74f51"],"20000000","1701e2a0","69291610",false],"id":null}
22:25:04.971 >     Parsing Method [MINING NOTIFY]
22:25:04.974 >     target: 00000000000000000001e2a00000000000000000000000000000000000000000
22:25:04.980 >     coinbase: 01000000010000000000000000000000000000000000000000000000000000000000000000ffffffff1d03471f0e04101629690020b7757d000000010a4d696e696e67636f726500000000020000000000000000266a24aa21a9ed8ad777e40358525b03fe752954e08e2a757af4a86d4d9bc18696c6dfc6408ee8a54cb41200000000160014a0a75500479fe2e6ebf5d6504542c19b46fba57200000000
22:25:05.010 >     merkle sha         : e3403ca244e10c146d4a1393ebf6491d9ef43a4b6ddef45ae4dd65616b803941
22:25:05.892 > >>> shares:0  valids:0  Khashes:22606  avg:0 KH/s
22:25:05.895 > Pool workers:0  poolHash:0.0000
22:25:05.897 > WiFi: IoT 192.168.0.185
22:25:06.818 >   Sending  : {"id":31,"method":"mining.submit","params":["bc1qrx29kdm75ek69zs29m9pp08z0kkczcg286t7kl.IoT 2.w1","0000c3d1","00000001","69291610","da623b04"]}
22:25:06.829 >    - Current diff share: 0.000221794367
22:25:06.834 >    - Current pool diff : 0.000150000000
22:25:06.837 >    - TX SHARE: 532682c1653c86d6c859f2d0e7eeee84faf868c693c126f1c43bab9c9c110000
22:25:06.929 > >>> shares:0  valids:0  Khashes:22999  avg:0 KH/s
22:25:06.931 > Pool workers:0  poolHash:0.0000
22:25:06.934 > WiFi: IoT 192.168.0.185
22:25:06.996 >   Receiving: {"result":true,"id":31}
22:25:07.197 >   Sending  : {"id":32,"method":"mining.submit","params":["bc1qrx29kdm75ek69zs29m9pp08z0kkczcg286t7kl.IoT 2.w0","0000c3d1","00000001","69291610","da612e22"]}
22:25:07.208 >    - Current diff share: 0.000178277266
22:25:07.213 >    - Current pool diff : 0.000150000000
22:25:07.216 >    - TX SHARE: b4bde9b03c590c0e62a60f50156b7401a5e5cd9764733425b55a9227e9150000
22:25:07.371 >   Sending  : {"id":33,"method":"mining.submit","params":["bc1qrx29kdm75ek69zs29m9pp08z0kkczcg286t7kl.IoT 2.w3","0000c3d1","00000001","69291610","da5f5bae"]}
22:25:07.382 >    - Current diff share: 0.000575508964
22:25:07.387 >    - Current pool diff : 0.000150000000
22:25:07.390 >    - TX SHARE: 89024d7b3ec0881d71120ed040d2dd6ef6e1384a4d3f61361ebfdd90c9060000
22:25:07.398 >   Receiving: {"result":true,"id":32}
22:25:07.546 >   Receiving: {"result":true,"id":33}
22:25:07.966 > >>> shares:0  valids:0  Khashes:23327  avg:0 KH/s
22:25:07.969 > Pool workers:0  poolHash:0.0000
22:25:07.971 > WiFi: IoT 192.168.0.185
22:25:09.003 > >>> shares:0  valids:0  Khashes:23720  avg:0 KH/s
22:25:09.005 > Pool workers:0  poolHash:0.0000
22:25:09.008 > WiFi: IoT 192.168.0.185
22:25:10.039 > >>> shares:0  valids:0  Khashes:24113  avg:0 KH/s
22:25:10.042 > Pool workers:0  poolHash:0.0000
22:25:10.044 > WiFi: IoT 192.168.0.185
22:25:11.076 > >>> shares:0  valids:0  Khashes:24507  avg:0 KH/s
22:25:11.079 > Pool workers:0  poolHash:0.0000
22:25:11.082 > WiFi: IoT 192.168.0.185
22:25:12.113 > >>> shares:0  valids:0  Khashes:24900  avg:0 KH/s
22:25:12.115 > Pool workers:0  poolHash:0.0000
22:25:12.119 > WiFi: IoT 192.168.0.185
22:25:13.147 >   Sending  : {"id":34,"method":"mining.submit","params":["bc1qrx29kdm75ek69zs29m9pp08z0kkczcg286t7kl.IoT 2.w1","0000c3d1","00000001","69291610","da7fdf34"]}
22:25:13.158 > >>> shares:0  valids:0  Khashes:25228  avg:0 KH/s
22:25:13.164 > Pool workers:0  poolHash:0.0000
22:25:13.166 > WiFi: IoT 192.168.0.185
22:25:13.169 >    - Current diff share: 0.000393446690
22:25:13.172 >    - Current pool diff : 0.000150000000
22:25:13.175 >    - TX SHARE: 01d01bf1f07cfe8e9729516be040949ed04159150055c85f6146039aed090000
22:25:13.330 >   Receiving: {"result":true,"id":34}
22:25:14.204 > >>> shares:0  valids:0  Khashes:25621  avg:0 KH/s
22:25:14.207 > Pool workers:0  poolHash:0.0000
22:25:14.210 > WiFi: IoT 192.168.0.185
22:25:14.886 >   Receiving: {"jsonrpc":"2.0","method":"mining.notify","params":["0000c3d2","d232e08952eeab17ba19151890982d7b8acff46e000130890000000000000000","01000000010000000000000000000000000000000000000000000000000000000000000000ffffffff1d03471f0e041a16296900","0a4d696e696e67636f726500000000020000000000000000266a24aa21a9ed7514b99cf9992b8032f6cc9da127c84acd743d0ee7866279311073874221482ad087b41200000000160014a0a75500479fe2e6ebf5d6504542c19b46fba57200000000",["380d2fcb501fbf04fa9920418bb110d24585260c6af293adc007a40db4c8f242","e1a8110683ef2f28baa48631917fa010ce6945f9ea49da8613dc824c54831bcd","0b880df48a82a43cb753eea3b3d6404ff62e6c38a85911851b3a20d6c7fbcf65","bc3ec45fb23bcffbccde326e56987903285186ae08000fed27e66ef3fdd3a4e3","375ad506911edc420d499e5383dfd10ed8a4b3f180c1c07cb134de2b27c8207c","4469cb4d6808419c33e6883971c8447297d4e8de390d658dcc846e3a01574313","325cfe48a88f9625bf8990f9c74a19636381c814f0380576bfda63d04ee8698f","6d95e2f6699187b2361da88cd765e8eeca70266b6532d811d63340fd4877b3cc","3c9d261e82f912ba6f957f2e1583b139dc7b2b8162549c87a3225f294d9a9842","c3ca91d4e28e9f2034b0dc6a6fbde1d662acd1d5ac62bfad341cbeee498e7a7c","cc65c88f8c8aa0c6874d9afe20c2f77a766e231d3c19ab16fbba237f7fdddde7"],"20000000","1701e2a0","6929161a",false],"id":null}
22:25:14.991 >     Parsing Method [MINING NOTIFY]
22:25:14.994 >     target: 00000000000000000001e2a00000000000000000000000000000000000000000
22:25:15.002 >     coinbase: 01000000010000000000000000000000000000000000000000000000000000000000000000ffffffff1d03471f0e041a1629690020b7757d000000010a4d696e696e67636f726500000000020000000000000000266a24aa21a9ed7514b99cf9992b8032f6cc9da127c84acd743d0ee7866279311073874221482ad087b41200000000160014a0a75500479fe2e6ebf5d6504542c19b46fba57200000000
22:25:15.030 >     merkle sha         : 907a7e952919af3b0a8e19172906dae02ea38c3735ce6ca70b91f503d572deb7
22:25:15.241 > >>> shares:0  valids:0  Khashes:25981  avg:0 KH/s
22:25:15.244 > Pool workers:0  poolHash:0.0000
22:25:15.247 > WiFi: IoT 192.168.0.185
22:25:15.987 >   Sending  : {"id":35,"method":"mining.submit","params":["bc1qrx29kdm75ek69zs29m9pp08z0kkczcg286t7kl.IoT 2.w2","0000c3d2","00000001","6929161a","da5a88b8"]}
22:25:15.998 >    - Current diff share: 0.000185625340
22:25:16.003 >    - Current pool diff : 0.000150000000
22:25:16.006 >    - TX SHARE: 0a795a74c90ed4e837addf5fd03d7ed05cde1d96f37052fa52c8011d0b150000
22:25:16.162 >   Receiving: {"result":true,"id":35}
22:25:16.278 > >>> shares:0  valids:0  Khashes:26374  avg:0 KH/s
22:25:16.280 > Pool workers:0  poolHash:0.0000
22:25:16.283 > WiFi: IoT 192.168.0.185
22:25:17.315 > >>> shares:0  valids:0  Khashes:26768  avg:0 KH/s
22:25:17.318 > Pool workers:0  poolHash:0.0000
22:25:17.320 > WiFi: IoT 192.168.0.185
22:25:18.113 >   Sending  : {"id":36,"method":"mining.submit","params":["bc1qrx29kdm75ek69zs29m9pp08z0kkczcg286t7kl.IoT 2.w2","0000c3d2","00000001","6929161a","da669300"]}
22:25:18.124 >    - Current diff share: 0.018327652284
22:25:18.129 >    - Current pool diff : 0.000150000000
22:25:18.132 >    - TX SHARE: 7c7832484373279440f90f757ed137d4aad03e451d07422f1b66c08f36000000
22:25:18.288 >   Sending  : {"id":37,"method":"mining.submit","params":["bc1qrx29kdm75ek69zs29m9pp08z0kkczcg286t7kl.IoT 2.w3","0000c3d2","00000001","6929161a","da67123e"]}
22:25:18.299 >    - Current diff share: 0.000605110696
22:25:18.304 >    - Current pool diff : 0.000150000000
22:25:18.307 >    - TX SHARE: fb474332098227507b2dd6d52dddb5cfb9975c220befc9202728a29074060000
22:25:18.315 >   Receiving: {"result":true,"id":36}
22:25:18.352 > >>> shares:0  valids:0  Khashes:27161  avg:0 KH/s
22:25:18.354 > Pool workers:0  poolHash:0.0000
22:25:18.357 > WiFi: IoT 192.168.0.185
22:25:18.463 >   Receiving: {"result":true,"id":37}
22:25:19.389 > >>> shares:0  valids:0  Khashes:27489  avg:0 KH/s
22:25:19.391 > Pool workers:0  poolHash:0.0000
22:25:19.394 > WiFi: IoT 192.168.0.185
22:25:20.426 > >>> shares:0  valids:0  Khashes:27882  avg:0 KH/s
22:25:20.428 > Pool workers:0  poolHash:0.0000
22:25:20.431 > WiFi: IoT 192.168.0.185
22:25:20.464 >   Sending  : {"id":38,"method":"mining.submit","params":["bc1qrx29kdm75ek69zs29m9pp08z0kkczcg286t7kl.IoT 2.w3","0000c3d2","00000001","6929161a","da734e64"]}
22:25:20.475 >    - Current diff share: 0.000407049784
22:25:20.480 >    - Current pool diff : 0.000150000000
22:25:20.483 >    - TX SHARE: 1a2505ad4c74ed653d885b2688024556d6a206e6c3d99b8dabac1aaa98090000
22:25:20.639 >   Sending  : {"id":39,"method":"mining.submit","params":["bc1qrx29kdm75ek69zs29m9pp08z0kkczcg286t7kl.IoT 2.w0","0000c3d2","00000001","6929161a","da7421bd"]}
22:25:20.650 >    - Current diff share: 0.000754449985
22:25:20.655 >    - Current pool diff : 0.000150000000
22:25:20.658 >    - TX SHARE: 2941cc3f06a50e5e205b0a408a89af9d977ccf19ed30a6e6511bdd722d050000
22:25:20.666 >   Receiving: {"result":true,"id":38}
22:25:20.814 >   Receiving: {"result":true,"id":39}
22:25:21.462 > >>> shares:0  valids:0  Khashes:28275  avg:0 KH/s
22:25:21.464 > Pool workers:0  poolHash:0.0000
22:25:21.467 > WiFi: IoT 192.168.0.185
22:25:22.500 > >>> shares:0  valids:0  Khashes:28668  avg:0 KH/s
22:25:22.502 > Pool workers:0  poolHash:0.0000
22:25:22.504 > WiFi: IoT 192.168.0.185
22:25:23.367 >   Sending  : {"id":40,"method":"mining.submit","params":["bc1qrx29kdm75ek69zs29m9pp08z0kkczcg286t7kl.IoT 2.w3","0000c3d2","00000001","6929161a","da836991"]}
22:25:23.377 >    - Current diff share: 0.000243603064
22:25:23.382 >    - Current pool diff : 0.000150000000
22:25:23.385 >    - TX SHARE: ef1d413e9d41e8de056638429073da47c8d6c4811f4ac8c7e6deddf908100000
22:25:23.535 > >>> shares:0  valids:0  Khashes:28996  avg:0 KH/s
22:25:23.537 > Pool workers:0  poolHash:0.0000
22:25:23.540 > WiFi: IoT 192.168.0.185
22:25:23.543 >   Receiving: {"result":true,"id":40}
22:25:24.242 >   Sending  : {"id":41,"method":"mining.submit","params":["bc1qrx29kdm75ek69zs29m9pp08z0kkczcg286t7kl.IoT 2.w0","0000c3d2","00000001","6929161a","da87f2d9"]}
22:25:24.253 >    - Current diff share: 0.000330242024
22:25:24.259 >    - Current pool diff : 0.000150000000
22:25:24.261 >    - TX SHARE: a31f5f666fd45fbd85f3cb638f174877486d2acb0362f5b0e7133809d40b0000
22:25:24.518 >   Receiving: {"result":true,"id":41}
22:25:24.572 > >>> shares:0  valids:0  Khashes:29389  avg:0 KH/s
22:25:24.575 > Pool workers:0  poolHash:0.0000
22:25:24.577 > WiFi: IoT 192.168.0.185
22:25:24.872 >   Receiving: {"jsonrpc":"2.0","method":"mining.notify","params":["0000c3d3","d232e08952eeab17ba19151890982d7b8acff46e000130890000000000000000","01000000010000000000000000000000000000000000000000000000000000000000000000ffffffff1d03471f0e042416296900","0a4d696e696e67636f726500000000020000000000000000266a24aa21a9edca312bb90c72e452e3289ff5407c01e66dec716226cc788a9a62223d786a126f379db41200000000160014a0a75500479fe2e6ebf5d6504542c19b46fba57200000000",["380d2fcb501fbf04fa9920418bb110d24585260c6af293adc007a40db4c8f242","e1a8110683ef2f28baa48631917fa010ce6945f9ea49da8613dc824c54831bcd","0b880df48a82a43cb753eea3b3d6404ff62e6c38a85911851b3a20d6c7fbcf65","bc3ec45fb23bcffbccde326e56987903285186ae08000fed27e66ef3fdd3a4e3","375ad506911edc420d499e5383dfd10ed8a4b3f180c1c07cb134de2b27c8207c","4469cb4d6808419c33e6883971c8447297d4e8de390d658dcc846e3a01574313","325cfe48a88f9625bf8990f9c74a19636381c814f0380576bfda63d04ee8698f","ec4e9db378ce80996a1b912ad4b44482147a9e59879ef8bca9b3f3b2df677eea","e83bcfaea5c02885dfd21a26d7a4d20db40197f1994a64e5618a6808f27ce7d7","4980ae23666ba5fd41b89f75854fa3d48cbd9ceb6cc5a201c9de57e9a3d5c9fa","a386e9900a11eac4ca391a7188a3e7d58d0854737d2ecf7e2ba3ff0cb2dfa671"],"20000000","1701e2a0","69291624",false],"id":null}
22:25:24.977 >     Parsing Method [MINING NOTIFY]
22:25:24.980 >     target: 00000000000000000001e2a00000000000000000000000000000000000000000
22:25:24.988 >     coinbase: 01000000010000000000000000000000000000000000000000000000000000000000000000ffffffff1d03471f0e04241629690020b7757d000000010a4d696e696e67636f726500000000020000000000000000266a24aa21a9edca312bb90c72e452e3289ff5407c01e66dec716226cc788a9a62223d786a126f379db41200000000160014a0a75500479fe2e6ebf5d6504542c19b46fba57200000000
22:25:25.016 >     merkle sha         : 6a3b92cfb20059598fa885a8dd6a25a1a717914d37e113daace761aefb4dd4e2
22:25:25.609 > >>> shares:0  valids:0  Khashes:29725  avg:0 KH/s
22:25:25.612 > Pool workers:0  poolHash:0.0000
22:25:25.614 > WiFi: IoT 192.168.0.185
22:25:25.776 >   Sending  : {"id":42,"method":"mining.submit","params":["bc1qrx29kdm75ek69zs29m9pp08z0kkczcg286t7kl.IoT 2.w0","0000c3d3","00000001","69291624","da59563e"]}
22:25:25.787 >    - Current diff share: 0.001286257878
22:25:25.792 >    - Current pool diff : 0.000150000000
22:25:25.795 >    - TX SHARE: 69f2359b4016d712bc35e1196bf62874727b0d27e4b6a5363a43ed6f09030000
22:25:25.951 >   Sending  : {"id":43,"method":"mining.submit","params":["bc1qrx29kdm75ek69zs29m9pp08z0kkczcg286t7kl.IoT 2.w2","0000c3d3","00000001","69291624","da5a396b"]}
22:25:25.962 >    - Current diff share: 0.000408116222
22:25:25.967 >    - Current pool diff : 0.000150000000
22:25:25.970 >    - TX SHARE: fbd1ca959ae3e8ee3a5030cba1d2b09fc9a689bc00cb49699ec5b93e92090000
22:25:25.978 >   Receiving: {"result":true,"id":42}
22:25:26.127 >   Sending  : {"id":44,"method":"mining.submit","params":["bc1qrx29kdm75ek69zs29m9pp08z0kkczcg286t7kl.IoT 2.w3","0000c3d3","00000001","69291624","da5b4b5c"]}
22:25:26.138 >    - Current diff share: 0.000356046058
22:25:26.143 >    - Current pool diff : 0.000150000000
22:25:26.146 >    - TX SHARE: cfec6b1d7edcf663ae983938255209242564589ad78092297a762195f80a0000
22:25:26.604 >   Receiving: {"jsonrpc":"2.0","method":"mining.notify","params":["0000c3d4","9d37cb8b4ddf4a2a03c9fbba40a2c85fb71d729b0001d62d0000000000000000","01000000010000000000000000000000000000000000000000000000000000000000000000ffffffff1d03481f0e042516296900","0a4d696e696e67636f726500000000020000000000000000266a24aa21a9ed2408412a33e7722d373ed5718d31a33328f0cdcfb3501b1c699c8eb8ab13200382e6a01200000000160014a0a75500479fe2e6ebf5d6504542c19b46fba57200000000",["b58c1887d9746eea452323e856ab4d05654bb9778ddee7e307d4cc6820924b16","f9c897735e2a744805d8f72ea6092512ffcac0fd96ca9bea4a1d5d176433af12","c2f6f1552850a8a1a76249e2af4fa12cdf45afb01036fb20db84d7bccc7f0b7e","ee568f711c7ff3604da4545bcfc8f327340d69fce0603085a5b650403645e8e9","11129806b8861bccbf6afd555057603bf8bb7f47eff7b7c834c1f3294d63f0a4","b28ee1e8293c5674afbe7030da68f13b34ef224c07f57baa2b3c8cafb8207c06"],"20000000","1701e2a0","69291625",true],"id":null}>>> shares:0  valids:0  Khashes:30118  avg:0 KH/s
22:25:26.684 > Pool workers:0  poolHash:0.0000
22:25:26.687 > 
22:25:26.687 > WiFi: IoT 192.168.0.185
22:25:26.689 >     Parsing Method [MINING NOTIFY]
22:25:26.692 >     target: 00000000000000000001e2a00000000000000000000000000000000000000000
22:25:26.700 >     coinbase: 01000000010000000000000000000000000000000000000000000000000000000000000000ffffffff1d03481f0e04251629690020b7757d000000010a4d696e696e67636f726500000000020000000000000000266a24aa21a9ed2408412a33e7722d373ed5718d31a33328f0cdcfb3501b1c699c8eb8ab13200382e6a01200000000160014a0a75500479fe2e6ebf5d6504542c19b46fba57200000000
22:25:26.728 >     merkle sha         : f9c0d84a0c0cc72d71989113ce46ac73ef0a8801e28de9af2e010de6497981e9
22:25:26.737 >   Receiving: {"result":true,"id":43}
22:25:26.739 >   Receiving: {"result":true,"id":44}
22:25:27.723 > >>> shares:0  valids:0  Khashes:30523  avg:0 KH/s
22:25:27.725 > Pool workers:0  poolHash:0.0000
22:25:27.727 > WiFi: IoT 192.168.0.185
22:25:28.534 >   Sending  : {"id":45,"method":"mining.submit","params":["bc1qrx29kdm75ek69zs29m9pp08z0kkczcg286t7kl.IoT 2.w3","0000c3d4","00000001","69291625","da5fcee5"]}
22:25:28.545 >    - Current diff share: 0.002075474654
22:25:28.550 >    - Current pool diff : 0.000150000000
22:25:28.553 >    - TX SHARE: f947b68f9173c0c2fc5a984b8c5c4894c587f1b1f5531762b79465cfe1010000
22:25:28.709 >   Receiving: {"result":true,"id":45}
22:25:28.759 > >>> shares:0  valids:0  Khashes:30916  avg:0 KH/s
22:25:28.761 > Pool workers:0  poolHash:0.0000
22:25:28.764 > WiFi: IoT 192.168.0.185
22:25:29.796 > >>> shares:0  valids:0  Khashes:31244  avg:0 KH/s
22:25:29.799 > Pool workers:0  poolHash:0.0000
22:25:29.802 > WiFi: IoT 192.168.0.185
22:25:30.833 > >>> shares:0  valids:0  Khashes:31637  avg:0 KH/s
22:25:30.835 > Pool workers:0  poolHash:0.0000
22:25:30.838 > WiFi: IoT 192.168.0.185
22:25:31.869 > >>> shares:0  valids:0  Khashes:32030  avg:0 KH/s
22:25:31.872 > Pool workers:0  poolHash:0.0000
22:25:31.874 > WiFi: IoT 192.168.0.185
22:25:31.906 > >>> shares:0  valids:0  Khashes:32030  avg:0 KH/s
22:25:31.908 > Pool workers:0  poolHash:0.0000
22:25:31.911 > WiFi: IoT 192.168.0.185
22:25:32.942 > >>> shares:0  valids:0  Khashes:32423  avg:0 KH/s
22:25:32.944 > Pool workers:0  poolHash:0.0000
22:25:32.947 > WiFi: IoT 192.168.0.185
22:25:33.014 >   Sending  : {"id":46,"method":"mining.submit","params":["bc1qrx29kdm75ek69zs29m9pp08z0kkczcg286t7kl.IoT 2.w3","0000c3d4","00000001","69291625","da7bb322"]}
22:25:33.025 >    - Current diff share: 0.000168354183
22:25:33.030 >    - Current pool diff : 0.000150000000
22:25:33.033 >    - TX SHARE: e41f0d9b36387ecfa3122914227200efffcddfa170994d9b78a289c433170000
22:25:33.190 >   Receiving: {"result":true,"id":46}
22:25:33.591 >   Sending  : {"id":47,"method":"mining.submit","params":["bc1qrx29kdm75ek69zs29m9pp08z0kkczcg286t7kl.IoT 2.w0","0000c3d4","00000001","69291625","da788478"]}
22:25:33.602 >    - Current diff share: 0.000493587348
22:25:33.607 >    - Current pool diff : 0.000150000000
22:25:33.611 >    - TX SHARE: 78ae8e53888e2b580cc24704a9bca4baf69c3ae81ed816a09749f4f3e9070000
22:25:33.766 >   Receiving: {"result":true,"id":47}
22:25:33.917 >   Sending  : {"id":48,"method":"mining.submit","params":["bc1qrx29kdm75ek69zs29m9pp08z0kkczcg286t7kl.IoT 2.w3","0000c3d4","00000001","69291625","da7d1ffd"]}
22:25:33.928 >    - Current diff share: 0.019420601714
22:25:33.933 >    - Current pool diff : 0.000150000000
22:25:33.936 >    - TX SHARE: 266660d439d628650ccb886e6505f9646cc006631e37b4c7563ead7d33000000
22:25:33.979 > >>> shares:0  valids:0  Khashes:32817  avg:0 KH/s
22:25:33.982 > Pool workers:0  poolHash:0.0000
22:25:33.984 > WiFi: IoT 192.168.0.185
22:25:34.091 >   Receiving: {"result":true,"id":48}
22:25:35.016 > >>> shares:0  valids:0  Khashes:33144  avg:0 KH/s
22:25:35.019 > Pool workers:0  poolHash:0.0000
22:25:35.021 > WiFi: IoT 192.168.0.185
22:25:36.047 >   Receiving: {"jsonrpc":"2.0","method":"mining.notify","params":["0000c3d5","9d37cb8b4ddf4a2a03c9fbba40a2c85fb71d729b0001d62d0000000000000000","01000000010000000000000000000000000000000000000000000000000000000000000000ffffffff1d03481f0e042f16296900","0a4d696e696e67636f726500000000020000000000000000266a24aa21a9edb98a83540248e5deb6572bff3f277f59b827a03feaa260375300335e67245e4d28fba01200000000160014a0a75500479fe2e6ebf5d6504542c19b46fba57200000000",["b58c1887d9746eea452323e856ab4d05654bb9778ddee7e307d4cc6820924b16","9d3c9e14ef8230c31275e4dc9feaf11d02b22e861e7dd7a48a8dd50c6b75510c","d29fcbb519f644f618ec9bad3f434e13371e0e188c8b3443e4ea14cbad85378b","6bc381c102a1ec7bde50f64353b000172776bca80b0cbae9ebd3c13ecfd13723","4ee961ebe893377c682989b3ae0575c9f7684b0db4435b84960e4433e8975ca2","3179d4070ba2c262e27722d9370d9d99d92e1d1088b74d961edc419e1b7cd8b8"],"20000000","1701e2a0","6929162f",true],"id":null}>>> shares:0  valids:0  Khashes:33538  avg:0 KH/s
22:25:36.127 > Pool workers:0  poolHash:0.0000
22:25:36.130 > 
22:25:36.130 > WiFi: IoT 192.168.0.185
22:25:36.133 >     Parsing Method [MINING NOTIFY]
22:25:36.135 >     target: 00000000000000000001e2a00000000000000000000000000000000000000000
22:25:36.144 >     coinbase: 01000000010000000000000000000000000000000000000000000000000000000000000000ffffffff1d03481f0e042f1629690020b7757d000000010a4d696e696e67636f726500000000020000000000000000266a24aa21a9edb98a83540248e5deb6572bff3f277f59b827a03feaa260375300335e67245e4d28fba01200000000160014a0a75500479fe2e6ebf5d6504542c19b46fba57200000000
22:25:36.172 >     merkle sha         : 26b7792bf304bf6d0ff59a28e9216bb8b6c69c04bc20b609c00de8df501c552e
22:25:37.067 > >>> shares:0  valids:0  Khashes:33888  avg:0 KH/s
22:25:37.070 > Pool workers:0  poolHash:0.0000
22:25:37.072 > WiFi: IoT 192.168.0.185
22:25:37.476 >   Sending  : {"id":49,"method":"mining.submit","params":["bc1qrx29kdm75ek69zs29m9pp08z0kkczcg286t7kl.IoT 2.w2","0000c3d5","00000001","6929162f","da5cb3aa"]}
22:25:37.487 >    - Current diff share: 0.000857809113
22:25:37.493 >    - Current pool diff : 0.000150000000
22:25:37.495 >    - TX SHARE: 9b29bbf4c871bd5ef75043b5110bf8dd9925481149ee46228fdc23be8d040000
22:25:37.650 >   Receiving: {"result":true,"id":49}
22:25:37.653 >   Receiving: {"jsonrpc":"2.0","method":"mining.set_difficulty","params":[0.0014552831213272015],"id":null}
22:25:37.661 >     Parsing Method [SET DIFFICULTY]
22:25:37.664 >     difficulty: 0.001455283121
22:25:37.667 >   Receiving: {"jsonrpc":"2.0","method":"mining.notify","params":["0000c3d5","9d37cb8b4ddf4a2a03c9fbba40a2c85fb71d729b0001d62d0000000000000000","01000000010000000000000000000000000000000000000000000000000000000000000000ffffffff1d03481f0e042f16296900","0a4d696e696e67636f726500000000020000000000000000266a24aa21a9edb98a83540248e5deb6572bff3f277f59b827a03feaa260375300335e67245e4d28fba01200000000160014a0a75500479fe2e6ebf5d6504542c19b46fba57200000000",["b58c1887d9746eea452323e856ab4d05654bb9778ddee7e307d4cc6820924b16","9d3c9e14ef8230c31275e4dc9feaf11d02b22e861e7dd7a48a8dd50c6b75510c","d29fcbb519f644f618ec9bad3f434e13371e0e188c8b3443e4ea14cbad85378b","6bc381c102a1ec7bde50f64353b000172776bca80b0cbae9ebd3c13ecfd13723","4ee961ebe893377c682989b3ae0575c9f7684b0db4435b84960e4433e8975ca2","3179d4070ba2c262e27722d9370d9d99d92e1d1088b74d961edc419e1b7cd8b8"],"20000000","1701e2a0","6929162f",false],"id":null}
22:25:37.747 >     Parsing Method [MINING NOTIFY]
22:25:37.750 >     target: 00000000000000000001e2a00000000000000000000000000000000000000000
22:25:37.755 >     coinbase: 01000000010000000000000000000000000000000000000000000000000000000000000000ffffffff1d03481f0e042f1629690020b7757d000000010a4d696e696e67636f726500000000020000000000000000266a24aa21a9edb98a83540248e5deb6572bff3f277f59b827a03feaa260375300335e67245e4d28fba01200000000160014a0a75500479fe2e6ebf5d6504542c19b46fba57200000000
22:25:37.783 >     merkle sha         : 26b7792bf304bf6d0ff59a28e9216bb8b6c69c04bc20b609c00de8df501c552e
22:25:38.104 > >>> shares:0  valids:0  Khashes:34260  avg:0 KH/s
22:25:38.107 > Pool workers:0  poolHash:0.0000
22:25:38.110 > WiFi: IoT 192.168.0.185
22:25:39.141 > >>> shares:0  valids:0  Khashes:34653  avg:0 KH/s
22:25:39.144 > Pool workers:0  poolHash:0.0000
22:25:39.146 > WiFi: IoT 192.168.0.185
22:25:39.794 >   Sending  : {"id":50,"method":"mining.submit","params":["bc1qrx29kdm75ek69zs29m9pp08z0kkczcg286t7kl.IoT 2.w0","0000c3d5","00000001","6929162f","da608922"]}
22:25:39.805 >    - Current diff share: 0.002329433390
22:25:39.810 >    - Current pool diff : 0.001455283121
22:25:39.813 >    - TX SHARE: ba25973d0606c9a9c971e40b2a411beea6366a987854048c79f24a48ad010000
22:25:39.971 >   Receiving: {"result":true,"id":50}
22:25:40.178 > >>> shares:0  valids:0  Khashes:34980  avg:0 KH/s
22:25:40.182 > Pool workers:0  poolHash:0.0000
22:25:40.185 > WiFi: IoT 192.168.0.185
22:25:41.215 > >>> shares:0  valids:0  Khashes:35374  avg:0 KH/s
22:25:41.218 > Pool workers:0  poolHash:0.0000
22:25:41.220 > WiFi: IoT 192.168.0.185
22:25:42.252 > >>> shares:0  valids:0  Khashes:35767  avg:0 KH/s
22:25:42.256 > Pool workers:0  poolHash:0.0000
22:25:42.257 > WiFi: IoT 192.168.0.185
22:25:43.290 > >>> shares:0  valids:0  Khashes:36160  avg:0 KH/s
22:25:43.292 > Pool workers:0  poolHash:0.0000
22:25:43.295 > WiFi: IoT 192.168.0.185
22:25:44.326 > >>> shares:0  valids:0  Khashes:36553  avg:0 KH/s
22:25:44.328 > Pool workers:0  poolHash:0.0000
22:25:44.331 > WiFi: IoT 192.168.0.185
22:25:45.366 > >>> shares:0  valids:0  Khashes:36881  avg:0 KH/s
22:25:45.366 > Pool workers:0  poolHash:0.0000
22:25:45.369 > WiFi: IoT 192.168.0.185
22:25:46.024 >   Receiving: {"jsonrpc":"2.0","method":"mining.notify","params":["0000c3d6","9d37cb8b4ddf4a2a03c9fbba40a2c85fb71d729b0001d62d0000000000000000","01000000010000000000000000000000000000000000000000000000000000000000000000ffffffff1d03481f0e043916296900","0a4d696e696e67636f726500000000020000000000000000266a24aa21a9ed73704f2618e25ac1261ea101b424e6b074f349e3c4a7d842e8fff01cf73312054f2da11200000000160014a0a75500479fe2e6ebf5d6504542c19b46fba57200000000",["b58c1887d9746eea452323e856ab4d05654bb9778ddee7e307d4cc6820924b16","873d2632e8f7029ede7b1c80e6d30942dd4eb520decf8428adafe80a686b88e0","d39798ac66d9218acabbf0d413c90ce65cec6eb59cec4f069e0b7afe614b0af0","dec032ceb485cc6a42f225c56da028e6186c9eedfee9d91993eedc7667838633","2e87aca736ede2189ece1e0c6154f18230af688f62a21ba4629761cbf4bc6183","9eda4576b33dce25ccb68c42ea3fa925c324671fd7ffdc93f67556b7b60f206b","f21459a36fdce78347502ade587fd7fce506f9810b31857d482a0ac5e8019783"],"20000000","1701e2a0","69291639",false],"id":null}
22:25:46.107 >     Parsing Method [MINING NOTIFY]
22:25:46.110 >     target: 00000000000000000001e2a00000000000000000000000000000000000000000
22:25:46.116 >     coinbase: 01000000010000000000000000000000000000000000000000000000000000000000000000ffffffff1d03481f0e04391629690020b7757d000000010a4d696e696e67636f726500000000020000000000000000266a24aa21a9ed73704f2618e25ac1261ea101b424e6b074f349e3c4a7d842e8fff01cf73312054f2da11200000000160014a0a75500479fe2e6ebf5d6504542c19b46fba57200000000
22:25:46.146 >     merkle sha         : 9c7895d9d5f40526f85a3f7a83dff2218bc9d550ead3bbcc28302104ea49351e
22:25:46.400 > >>> shares:0  valids:0  Khashes:37293  avg:0 KH/s
22:25:46.403 > Pool workers:0  poolHash:0.0000
22:25:46.406 > WiFi: IoT 192.168.0.185
22:25:47.437 > >>> shares:0  valids:0  Khashes:37620  avg:0 KH/s
22:25:47.440 > Pool workers:0  poolHash:0.0000
22:25:47.444 > WiFi: IoT 192.168.0.185
22:25:48.474 > >>> shares:0  valids:0  Khashes:38014  avg:0 KH/s
22:25:48.477 > Pool workers:0  poolHash:0.0000
22:25:48.479 > WiFi: IoT 192.168.0.185
22:25:49.511 > >>> shares:0  valids:0  Khashes:38407  avg:0 KH/s
22:25:49.514 > Pool workers:0  poolHash:0.0000
22:25:49.516 > WiFi: IoT 192.168.0.185
22:25:50.548 > >>> shares:0  valids:0  Khashes:38800  avg:0 KH/s
22:25:50.551 > Pool workers:0  poolHash:0.0000
22:25:50.555 > WiFi: IoT 192.168.0.185
22:25:51.555 >   Sending  : {"id":51,"method":"mining.submit","params":["bc1qrx29kdm75ek69zs29m9pp08z0kkczcg286t7kl.IoT 2.w3","0000c3d6","00000001","69291639","da6ff0a6"]}
22:25:51.566 >    - Current diff share: 0.047352187670
22:25:51.572 >    - Current pool diff : 0.001455283121
22:25:51.574 >    - TX SHARE: 64e9a100267bb0f84d8f582a43a4cc696eb8df21821adf1089f7361e15000000
22:25:51.586 > >>> shares:0  valids:0  Khashes:39128  avg:0 KH/s
22:25:51.589 > Pool workers:0  poolHash:0.0000
22:25:51.591 > WiFi: IoT 192.168.0.185
22:25:51.731 >   Receiving: {"result":true,"id":51}
22:25:52.623 > >>> shares:0  valids:0  Khashes:39521  avg:0 KH/s
22:25:52.626 > Pool workers:0  poolHash:0.0000
22:25:52.629 > WiFi: IoT 192.168.0.185
22:25:53.661 > >>> shares:0  valids:0  Khashes:39914  avg:0 KH/s
22:25:53.663 > Pool workers:0  poolHash:0.0000
22:25:53.666 > WiFi: IoT 192.168.0.185
22:25:54.697 > >>> shares:0  valids:0  Khashes:40307  avg:0 KH/s
22:25:54.700 > Pool workers:0  poolHash:0.0000
22:25:54.702 > WiFi: IoT 192.168.0.185
22:25:55.735 > >>> shares:0  valids:0  Khashes:40700  avg:0 KH/s
22:25:55.737 > Pool workers:0  poolHash:0.0000
22:25:55.740 > WiFi: IoT 192.168.0.185
22:25:56.135 >   Receiving: {"jsonrpc":"2.0","method":"mining.notify","params":["0000c3d7","9d37cb8b4ddf4a2a03c9fbba40a2c85fb71d729b0001d62d0000000000000000","01000000010000000000000000000000000000000000000000000000000000000000000000ffffffff1d03481f0e044316296900","0a4d696e696e67636f726500000000020000000000000000266a24aa21a9ede8bc25dd7835aa4d217b7588e44028f1277eb3bb5211c89d3ba74f4f6cf0b1ec0c70a11200000000160014a0a75500479fe2e6ebf5d6504542c19b46fba57200000000",["ed07a63e778a76d83fc680d313d97767b7736d01641d45ce85f5cca1ed465b2c","343e61e657a0bddfea724be69e4106633a8ef06bab6ace085c7051b47b8bc570","468ea3b237eb01ac98dd9b7c872681f19d57fe89d623b72c72a7c7870291d18a","66dc5e9d095022dbef3b409112b9bd366fac011e5c83f53a09ba0976e9abe247","6975c1bfa842e37458502d194cd2c1e7075b5da38600c66d8546c04c53872601","83becfd07751252cf60b47bae2fde127979adc582521c37f65cc2ecd339e326c","58f6b457df0aaeb0f3f5a270b7c5b2609d7342d5a81f6c6b0b39997481b2f0fc","c5eab450aca4803ccce5ed9eb5be87d8599c99a199c63477e10df707e1b2ce7c"],"20000000","1701e2a0","69291643",false],"id":null}
22:25:56.224 >     Parsing Method [MINING NOTIFY]
22:25:56.227 >     target: 00000000000000000001e2a00000000000000000000000000000000000000000
22:25:56.235 >     coinbase: 01000000010000000000000000000000000000000000000000000000000000000000000000ffffffff1d03481f0e04431629690020b7757d000000010a4d696e696e67636f726500000000020000000000000000266a24aa21a9ede8bc25dd7835aa4d217b7588e44028f1277eb3bb5211c89d3ba74f4f6cf0b1ec0c70a11200000000160014a0a75500479fe2e6ebf5d6504542c19b46fba57200000000
22:25:56.263 >     merkle sha         : d0dc28bc63f31ca3729186164803e1d8e1df0b39246f6cde98a623c721fa94de
22:25:56.773 > >>> shares:0  valids:0  Khashes:41028  avg:0 KH/s
22:25:56.776 > Pool workers:0  poolHash:0.0000
22:25:56.776 > WiFi: IoT 192.168.0.185
22:25:57.808 > >>> shares:0  valids:0  Khashes:41421  avg:0 KH/s
22:25:57.811 > Pool workers:0  poolHash:0.0000
22:25:57.814 > WiFi: IoT 192.168.0.185
22:25:58.848 > >>> shares:0  valids:0  Khashes:41749  avg:0 KH/s
22:25:58.849 > Pool workers:0  poolHash:0.0000
22:25:58.850 > WiFi: IoT 192.168.0.185
22:25:59.883 > >>> shares:0  valids:0  Khashes:42142  avg:0 KH/s
22:25:59.885 > Pool workers:0  poolHash:0.0000
22:25:59.888 > WiFi: IoT 192.168.0.185
22:26:00.919 > >>> shares:0  valids:0  Khashes:42535  avg:0 KH/s
22:26:00.921 > Pool workers:0  poolHash:0.0000
22:26:00.924 > WiFi: IoT 192.168.0.185
22:26:01.958 > >>> shares:0  valids:0  Khashes:42928  avg:0 KH/s
22:26:01.959 > Pool workers:0  poolHash:0.0000
22:26:01.962 > WiFi: IoT 192.168.0.185
22:26:01.993 > >>> shares:0  valids:0  Khashes:42928  avg:0 KH/s
22:26:01.995 > Pool workers:0  poolHash:0.0000
22:26:01.998 > WiFi: IoT 192.168.0.185
22:26:03.029 > >>> shares:0  valids:0  Khashes:43321  avg:0 KH/s
22:26:03.031 > Pool workers:0  poolHash:0.0000
22:26:03.034 > WiFi: IoT 192.168.0.185
22:26:04.066 > >>> shares:0  valids:0  Khashes:43715  avg:0 KH/s
22:26:05.548 > 
22:26:05.548 > ####### Pool Data OK!
22:26:05.548 > Pool workers:0  poolHash:0.0000
22:26:05.550 > WiFi: IoT 192.168.0.185
22:26:05.686 > >>> shares:0  valids:0  Khashes:44173  avg:0 KH/s
22:26:05.689 > Pool workers:0  poolHash:0.0000
22:26:05.691 > WiFi: IoT 192.168.0.185
22:26:05.972 >   Receiving: {"jsonrpc":"2.0","method":"mining.notify","params":["0000c3d8","9d37cb8b4ddf4a2a03c9fbba40a2c85fb71d729b0001d62d0000000000000000","01000000010000000000000000000000000000000000000000000000000000000000000000ffffffff1d03481f0e044d16296900","0a4d696e696e67636f726500000000020000000000000000266a24aa21a9eda2a6dcab8a0ac463ee88c1be1fcc077736f532371d0902b15c05965e554c287d3b93a11200000000160014a0a75500479fe2e6ebf5d6504542c19b46fba57200000000",["8329d542e7f122f971334736e59f20e3e5a23061833e5ac14cff58de5789da19","3953a6d82fc50aea07d60f3d7c9135ad2e1440a59b246a7980d505c4a8c6e1b2","ec4a47e877613e09361157f7850d0cb6eb411c2a22bd485c220007a0dc4ed0b4","500b19a069d4e1395a24bc9b03c167d3862e98ca36ee9b28efecf2aae4000433","37467db76f8de48bda62e07f6b876f1e1da331b647d30e16df1b5fd4588c81e5","b6fcb4bcf08d10855af6ccdcaf520ea997490baccad49a639cf0e1930215eadf","b5f6d8cae6d333807fa1ed5e5a89d68fb589269da3db68843029e8123dd6388a","f29c6d64f78215376c2e509f97a041c864d5f3490e89bb711844af04582811eb"],"20000000","1701e2a0","6929164d",false],"id":null}
22:26:06.061 >     Parsing Method [MINING NOTIFY]
22:26:06.064 >     target: 00000000000000000001e2a00000000000000000000000000000000000000000
22:26:06.072 >     coinbase: 01000000010000000000000000000000000000000000000000000000000000000000000000ffffffff1d03481f0e044d1629690020b7757d000000010a4d696e696e67636f726500000000020000000000000000266a24aa21a9eda2a6dcab8a0ac463ee88c1be1fcc077736f532371d0902b15c05965e554c287d3b93a11200000000160014a0a75500479fe2e6ebf5d6504542c19b46fba57200000000
22:26:06.100 >     merkle sha         : 47bc38853b946d93303606673da220009a88a89b57d5ad49182d7b3ab78b0832
22:26:06.723 > >>> shares:0  valids:0  Khashes:44547  avg:0 KH/s
22:26:06.725 > Pool workers:0  poolHash:0.0000
22:26:06.728 > WiFi: IoT 192.168.0.185
22:26:07.760 > >>> shares:0  valids:0  Khashes:44875  avg:0 KH/s
22:26:07.763 > Pool workers:0  poolHash:0.0000
22:26:07.765 > WiFi: IoT 192.168.0.185
22:26:08.796 > >>> shares:0  valids:0  Khashes:45268  avg:0 KH/s
22:26:08.804 > Pool workers:0  poolHash:0.0000
22:26:08.804 > WiFi: IoT 192.168.0.185
22:26:09.833 > >>> shares:0  valids:0  Khashes:45661  avg:343 KH/s
22:26:09.836 > Pool workers:0  poolHash:0.0000
22:26:09.839 > WiFi: IoT 192.168.0.185
22:26:10.871 > >>> shares:0  valids:0  Khashes:46054  avg:362 KH/s
22:26:10.873 > Pool workers:0  poolHash:0.0000
22:26:10.875 > WiFi: IoT 192.168.0.185
22:26:11.907 > >>> shares:0  valids:0  Khashes:46447  avg:366 KH/s
22:26:11.910 > Pool workers:0  poolHash:0.0000
22:26:11.912 > WiFi: IoT 192.168.0.185
22:26:12.944 > >>> shares:0  valids:0  Khashes:46775  avg:366 KH/s
22:26:12.946 > Pool workers:0  poolHash:0.0000
22:26:12.949 > WiFi: IoT 192.168.0.185
22:26:13.980 > >>> shares:0  valids:0  Khashes:47168  avg:366 KH/s
22:26:13.983 > Pool workers:0  poolHash:0.0000
22:26:13.985 > WiFi: IoT 192.168.0.185
22:26:15.017 > >>> shares:0  valids:0  Khashes:47562  avg:366 KH/s
22:26:15.022 > Pool workers:0  poolHash:0.0000
22:26:15.022 > WiFi: IoT 192.168.0.185
22:26:16.054 > >>> shares:0  valids:0  Khashes:47955  avg:366 KH/s
22:26:16.057 > Pool workers:0  poolHash:0.0000
22:26:16.059 > WiFi: IoT 192.168.0.185
22:26:16.062 >   Receiving: {"jsonrpc":"2.0","method":"mining.notify","params":["0000c3d9","9d37cb8b4ddf4a2a03c9fbba40a2c85fb71d729b0001d62d0000000000000000","01000000010000000000000000000000000000000000000000000000000000000000000000ffffffff1d03481f0e045716296900","0a4d696e696e67636f726500000000020000000000000000266a24aa21a9edc88b6851fc6e0d4f57e4334180f13838b79f3b8cfd0f3b6a02b84fa49ab36d8c25faa11200000000160014a0a75500479fe2e6ebf5d6504542c19b46fba57200000000",["33751fd115b9372fc92dc27f50542b2a2eb7111b7668554d7e081e00888fbb2f","92e22217c93d0ff954856b3a54e2e3182e569334b32fc05e8bf9f403b774bd3c","c5b0ef79fbad85c4a2e1cb30219ace66d68a8c2dfe12f59aa49b9a474c6cfbd8","f54cb5d554f190482b99e15840005311537e8efd332078123a84d38ac0fee3de","6548c93e979e5399dcfda341ae2ba78fe8336facfc285ecb4146e28d082d8505","ef85e36a691cfe139091eeacee491344a7a5eb4ea5ddd6772001377c5ac0294c","a57d806a93d956a762cb1da20b4b8ddafe89ae01d417aeb5c5c07e191a49236f","d340d7f651790e24652ae0ffb8d63c90ba3d4ced1f06b2ee5b6fcfa65db32093"],"20000000","1701e2a0","69291657",true],"id":null}
22:26:16.151 >     Parsing Method [MINING NOTIFY]
22:26:16.154 >     target: 00000000000000000001e2a00000000000000000000000000000000000000000
22:26:16.162 >     coinbase: 01000000010000000000000000000000000000000000000000000000000000000000000000ffffffff1d03481f0e04571629690020b7757d000000010a4d696e696e67636f726500000000020000000000000000266a24aa21a9edc88b6851fc6e0d4f57e4334180f13838b79f3b8cfd0f3b6a02b84fa49ab36d8c25faa11200000000160014a0a75500479fe2e6ebf5d6504542c19b46fba57200000000
22:26:16.190 >     merkle sha         : 6433f23c72d331af475b337cdd274795326ac82a26227c42372cf5dcf980b024
22:26:16.597 >   Sending  : {"id":52,"method":"mining.submit","params":["bc1qrx29kdm75ek69zs29m9pp08z0kkczcg286t7kl.IoT 2.w2","0000c3d9","00000001","69291657","da5860e3"]}
22:26:16.608 >    - Current diff share: 0.004549875189
22:26:16.613 >    - Current pool diff : 0.001455283121
22:26:16.616 >    - TX SHARE: 20c46b3d2968b100f91b1e71446c8966a402aa70f2a9b4da8acf6bc8db000000
22:26:16.824 >   Receiving: {"result":true,"id":52}
22:26:17.092 > >>> shares:0  valids:0  Khashes:48281  avg:353 KH/s
22:26:17.094 > Pool workers:0  poolHash:0.0000
22:26:17.097 > WiFi: IoT 192.168.0.185
22:26:18.129 > >>> shares:0  valids:0  Khashes:48674  avg:366 KH/s
22:26:18.131 > Pool workers:0  poolHash:0.0000
22:26:18.134 > WiFi: IoT 192.168.0.185
22:26:19.168 > >>> shares:0  valids:0  Khashes:49068  avg:366 KH/s
22:26:19.169 > Pool workers:0  poolHash:0.0000
22:26:19.171 > WiFi: IoT 192.168.0.185
22:26:20.203 > >>> shares:0  valids:0  Khashes:49395  avg:353 KH/s
22:26:20.205 > Pool workers:0  poolHash:0.0000
22:26:20.208 > WiFi: IoT 192.168.0.185
22:26:21.240 > >>> shares:0  valids:0  Khashes:49788  avg:353 KH/s
22:26:21.243 > Pool workers:0  poolHash:0.0000
22:26:21.245 > WiFi: IoT 192.168.0.185
22:26:22.277 > >>> shares:0  valids:0  Khashes:50182  avg:366 KH/s
22:26:22.279 > Pool workers:0  poolHash:0.0000
22:26:22.282 > WiFi: IoT 192.168.0.185
22:26:23.313 > >>> shares:0  valids:0  Khashes:50575  avg:366 KH/s
22:26:23.315 > Pool workers:0  poolHash:0.0000
22:26:23.318 > WiFi: IoT 192.168.0.185
22:26:24.350 > >>> shares:0  valids:0  Khashes:50968  avg:366 KH/s
22:26:24.352 > Pool workers:0  poolHash:0.0000
22:26:24.356 > WiFi: IoT 192.168.0.185
22:26:25.387 > >>> shares:0  valids:0  Khashes:51296  avg:366 KH/s
22:26:25.390 > Pool workers:0  poolHash:0.0000
22:26:25.393 > WiFi: IoT 192.168.0.185
22:26:26.424 > >>> shares:0  valids:0  Khashes:51689  avg:366 KH/s
22:26:26.426 > Pool workers:0  poolHash:0.0000
22:26:26.429 > WiFi: IoT 192.168.0.185
22:26:26.579 >   Receiving: {"jsonrpc":"2.0","method":"mining.notify","params":["0000c3da","9d37cb8b4ddf4a2a03c9fbba40a2c85fb71d729b0001d62d0000000000000000","01000000010000000000000000000000000000000000000000000000000000000000000000ffffffff1d03481f0e046116296900","0a4d696e696e67636f726500000000020000000000000000266a24aa21a9ed1927969c2496c20134bc3e758c7f1a2049dc27b3ebcf08b54cf6456f68379f811421a21200000000160014a0a75500479fe2e6ebf5d6504542c19b46fba57200000000",["33751fd115b9372fc92dc27f50542b2a2eb7111b7668554d7e081e00888fbb2f","92e22217c93d0ff954856b3a54e2e3182e569334b32fc05e8bf9f403b774bd3c","c5b0ef79fbad85c4a2e1cb30219ace66d68a8c2dfe12f59aa49b9a474c6cfbd8","7dce1547d6cf8b45476ae4e4dab660adc5b6865daede419e0e9d726b0a487f0f","f50f1a973c617bf7971e77b141617f1e33ccff77a685b1fef6ec5894c1f95081","9de94f9464013b074182b5d397beb84989ac8f188db74c00829252f9876451d1","74fc2582d6ef04edbf48a98850fef30bcd8ed8dcacdceb9f7e52daf4e04be71b","9a58e385f1c00b806ba027b1e1db1b06da36c42650193a775303b6d44aad5f2d"],"20000000","1701e2a0","69291661",false],"id":null}
22:26:26.668 >     Parsing Method [MINING NOTIFY]
22:26:26.671 >     target: 00000000000000000001e2a00000000000000000000000000000000000000000
22:26:26.679 >     coinbase: 01000000010000000000000000000000000000000000000000000000000000000000000000ffffffff1d03481f0e04611629690020b7757d000000010a4d696e696e67636f726500000000020000000000000000266a24aa21a9ed1927969c2496c20134bc3e758c7f1a2049dc27b3ebcf08b54cf6456f68379f811421a21200000000160014a0a75500479fe2e6ebf5d6504542c19b46fba57200000000
22:26:26.707 >     merkle sha         : 45acbb07bd60cfe296cdac51c5cba4bb2360a48901426b1d2cc445e812dba135
22:26:27.460 > >>> shares:0  valids:0  Khashes:52037  avg:357 KH/s
22:26:27.463 > Pool workers:0  poolHash:0.0000
22:26:27.466 > WiFi: IoT 192.168.0.185
22:26:28.497 > >>> shares:0  valids:0  Khashes:52430  avg:357 KH/s
22:26:28.499 > Pool workers:0  poolHash:0.0000
22:26:28.502 > WiFi: IoT 192.168.0.185
22:26:29.533 > >>> shares:0  valids:0  Khashes:52823  avg:357 KH/s
22:26:29.536 > Pool workers:0  poolHash:0.0000
22:26:29.538 > WiFi: IoT 192.168.0.185
22:26:30.570 > >>> shares:0  valids:0  Khashes:53217  avg:370 KH/s
22:26:30.572 > Pool workers:0  poolHash:0.0000
22:26:30.575 > WiFi: IoT 192.168.0.185
22:26:31.606 > >>> shares:0  valids:0  Khashes:53610  avg:370 KH/s
22:26:31.608 > Pool workers:0  poolHash:0.0000
22:26:31.611 > WiFi: IoT 192.168.0.185
22:26:32.643 > >>> shares:0  valids:0  Khashes:53937  avg:366 KH/s
22:26:32.645 > Pool workers:0  poolHash:0.0000
22:26:32.648 > WiFi: IoT 192.168.0.185
22:26:32.680 > >>> shares:0  valids:0  Khashes:53937  avg:2147483647 KH/s
22:26:32.682 > Pool workers:0  poolHash:0.0000
22:26:32.685 > WiFi: IoT 192.168.0.185
22:26:33.716 > >>> shares:0  valids:0  Khashes:54331  avg:2147483647 KH/s
22:26:33.719 > Pool workers:0  poolHash:0.0000
22:26:33.722 > WiFi: IoT 192.168.0.185
22:26:34.753 > >>> shares:0  valids:0  Khashes:54724  avg:2147483647 KH/s
22:26:34.755 > Pool workers:0  poolHash:0.0000
22:26:34.758 > WiFi: IoT 192.168.0.185
22:26:35.790 > >>> shares:0  valids:0  Khashes:55117  avg:2147483647 KH/s
22:26:35.793 > Pool workers:0  poolHash:0.0000
22:26:35.796 > WiFi: IoT 192.168.0.185
22:26:36.827 > >>> shares:0  valids:0  Khashes:55510  avg:2147483647 KH/s
22:26:36.830 > Pool workers:0  poolHash:0.0000
22:26:36.833 > WiFi: IoT 192.168.0.185
22:26:37.864 > >>> shares:0  valids:0  Khashes:55838  avg:0 KH/s
22:26:37.867 > Pool workers:0  poolHash:0.0000
22:26:37.870 > WiFi: IoT 192.168.0.185
22:26:38.901 > >>> shares:0  valids:0  Khashes:56231  avg:0 KH/s
22:26:38.903 > Pool workers:0  poolHash:0.0000
22:26:38.906 > WiFi: IoT 192.168.0.185
22:26:39.938 > >>> shares:0  valids:0  Khashes:56624  avg:0 KH/s
22:26:39.941 > Pool workers:0  poolHash:0.0000
22:26:39.944 > WiFi: IoT 192.168.0.185
22:26:40.975 > >>> shares:0  valids:0  Khashes:57018  avg:0 KH/s
22:26:40.977 > Pool workers:0  poolHash:0.0000
22:26:40.980 > WiFi: IoT 192.168.0.185
