19:40:36.537 >   Receiving: {"id":2,"error":null,"result":true}
19:40:36.537 >   Receiving: {"id":null,"method":"mining.set_difficulty","params":[100000]}
19:40:36.537 >     Parsing Method [SET DIFFICULTY]
19:40:36.537 >     difficulty: 100000.000000000000
19:40:36.537 >   Receiving: {"id":null,"method":"mining.notify","params":["2ed0b32","2c961de89ffca03c18988ecde80c71306f0d174200012bc30000000000000000","02000000010000000000000000000000000000000000000000000000000000000000000000ffffffff1703311f0e5075626c69632d506f6f6c","ffffffff027887c1120000000016001419945b377ea66da28a0a2eca10bce27dad81610a0000000000000000266a24aa21a9ed220f20e9c2ecd5ed88278ee6c94bbe6c81e4ccaceaa67d8c1c87ebc571265e1900000000",["3ea2836ebb3d5582abfd2464599914e26122fa164f36dfed22ce195d7a06d3d9","325c933ae31cf53c1a9b4bb4d21d0645e55ae074ec5b5e32d4775cde009e456b","849e94c9d9456e20d80d6ce3ba144687e1f643d8ced649d460bad92d88b267bd","414ffdafa4d7d1d72d60d33919795fba70ea72056683ae81104cea81561918d9","7a02da4659242a6d17bd4155ea383e09b28e1c97db53dafa50317a97e523990b","3ec8bb05ee8a10992791d9b5ee29546e415a0d9a033753b378ff8bd9c133a389","186fb7335603b22c90998fec142cbfcbce298e5b8327ef8308962881ccf57883","26e7a8a320587f5fe8d1a43a29c7f318c65c2d6cb027faa60dabf82afa7eac4f","60f500ea0c5ecb8c619b35b4087b026e11410210c4dde7108f01a0ab8fb1f39a","43a9288178bd255b07b73aa9e53feaaecdbe331b21d179a084eedd086a3cf5a6","95fae9b3e27f400a098b8481ece2d86b91dee0520f44b2e2d59377f4c6c32b78","c4f8fdd23f1cc52442ec3b7cb54497302d7a46f1d9261388eb82151b52e7c504"],"20000000","1701e2a0","6928ef71",true]}
19:40:36.537 >     Parsing Method [MINING NOTIFY]
19:40:36.537 >     target: 00000000000000000001e2a00000000000000000000000000000000000000000
19:40:36.537 >     coinbase: 02000000010000000000000000000000000000000000000000000000000000000000000000ffffffff1703311f0e5075626c69632d506f6f6ca0cacf5600000001ffffffff027887c1120000000016001419945b377ea66da28a0a2eca10bce27dad81610a0000000000000000266a24aa21a9ed220f20e9c2ecd5ed88278ee6c94bbe6c81e4ccaceaa67d8c1c87ebc571265e1900000000
19:40:36.537 >     merkle sha         : 2e566de512688ca1c1ba9384512573ca25972492a1a53753c5ac45a8126d960a
19:40:36.537 >   Receiving: {"id":null,"method":"mining.set_difficulty","params":[0.00015]}
19:40:36.537 >     Parsing Method [SET DIFFICULTY]
19:40:36.537 >     difficulty: 0.000150000000
19:40:36.537 > 
19:40:36.537 > ####### Pool Data OK!
19:40:36.537 > Pool workers:1  poolHash:387.4K
19:40:36.537 > WiFi: IoT 192.168.0.185
19:40:36.537 > >>> [i] Miner: newJob>true / inRun>true) - Client: connected>true / subscribed>true / wificonnected>true
19:40:36.537 > >>> shares:0  valids:0  Khashes:131  avg:20.36 KH/s
19:40:36.537 > Pool workers:1  poolHash:387.4K
19:40:36.537 > WiFi: IoT 192.168.0.185
19:40:37.309 > >>> shares:0  valids:0  Khashes:458  avg:118.4 KH/s
19:40:37.311 > Pool workers:1  poolHash:387.4K
19:40:37.314 > WiFi: IoT 192.168.0.185
19:40:38.144 >   Sending  : {"id":4,"method":"mining.submit","params":["bc1qrx29kdm75ek69zs29m9pp08z0kkczcg286t7kl.IoT 2.w2","2ed0b32","00000001","6928ef71","da61dd4a"]}
19:40:38.157 >    - Current diff share: 0.000552163017
19:40:38.162 >    - Current pool diff : 0.000150000000
19:40:38.167 >    - TX SHARE: 2dc9cf78a9660f17550dcf4c84ccdccd7f678bc2650ce40e080b1f0813070000
19:40:38.347 > >>> shares:0  valids:0  Khashes:786  avg:167.8 KH/s
19:40:38.349 > Pool workers:1  poolHash:387.4K
19:40:38.352 > WiFi: IoT 192.168.0.185
19:40:38.373 >   Receiving: {"id":4,"error":null,"result":true}
19:40:39.387 > >>> shares:0  valids:0  Khashes:1179  avg:209.9 KH/s
19:40:39.389 > Pool workers:1  poolHash:387.4K
19:40:39.391 > WiFi: IoT 192.168.0.185
19:40:40.425 > >>> shares:0  valids:0  Khashes:1507  avg:273.0 KH/s
19:40:40.428 > Pool workers:1  poolHash:387.4K
19:40:40.431 > WiFi: IoT 192.168.0.185
19:40:41.465 > >>> shares:0  valids:0  Khashes:1835  avg:327.9 KH/s
19:40:41.467 > Pool workers:1  poolHash:387.4K
19:40:41.470 > WiFi: IoT 192.168.0.185
19:40:42.504 > >>> shares:0  valids:0  Khashes:2228  avg:340.7 KH/s
19:40:42.506 > Pool workers:1  poolHash:387.4K
19:40:42.511 > WiFi: IoT 192.168.0.185
19:40:42.584 >   Sending  : {"id":5,"method":"mining.submit","params":["bc1qrx29kdm75ek69zs29m9pp08z0kkczcg286t7kl.IoT 2.w0","2ed0b32","00000001","6928ef71","da788847"]}
19:40:42.597 >    - Current diff share: 0.000167561937
19:40:42.603 >    - Current pool diff : 0.000150000000
19:40:42.605 >    - TX SHARE: 2eb482cc30e105484cd726663a7bd5ca259dc8bfe5d930330d1df5d94f170000
19:40:42.964 >   Receiving: {"id":5,"error":null,"result":true}
19:40:43.165 >   Sending  : {"id":6,"method":"mining.submit","params":["bc1qrx29kdm75ek69zs29m9pp08z0kkczcg286t7kl.IoT 2.w0","2ed0b32","00000001","6928ef71","da7b0aad"]}
19:40:43.177 >    - Current diff share: 0.000291667323
19:40:43.183 >    - Current pool diff : 0.000150000000
19:40:43.186 >    - TX SHARE: 63b639c03814cbbc5f00b3eff464f258eabf6d4f0a30a235bd9aea82640d0000
19:40:43.394 >   Receiving: {"id":6,"error":null,"result":true}
19:40:43.543 > >>> shares:0  valids:0  Khashes:2555  avg:340.5 KH/s
19:40:43.545 > Pool workers:1  poolHash:387.4K
19:40:43.548 > WiFi: IoT 192.168.0.185
19:40:44.583 > >>> shares:0  valids:0  Khashes:2883  avg:327.9 KH/s
19:40:44.585 > Pool workers:1  poolHash:387.4K
19:40:44.588 > WiFi: IoT 192.168.0.185
19:40:44.752 >   Sending  : {"id":7,"method":"mining.submit","params":["bc1qrx29kdm75ek69zs29m9pp08z0kkczcg286t7kl.IoT 2.w2","2ed0b32","00000001","6928ef71","da830ef5"]}
19:40:44.765 >    - Current diff share: 0.000153081781
19:40:44.772 >    - Current pool diff : 0.000150000000
19:40:44.773 >    - TX SHARE: 237a11f1b606ab9f85cc43d60fe6e5552cff0453fff93aa0bc4a385b84190000
19:40:45.030 >   Receiving: {"id":7,"error":null,"result":true}
19:40:45.623 > >>> shares:0  valids:0  Khashes:3276  avg:340.5 KH/s
19:40:45.625 > Pool workers:1  poolHash:387.4K
19:40:45.631 > WiFi: IoT 192.168.0.185
19:40:46.661 > >>> shares:0  valids:0  Khashes:3604  avg:340.5 KH/s
19:40:46.663 > Pool workers:1  poolHash:387.4K
19:40:46.666 > WiFi: IoT 192.168.0.185
19:40:47.700 > >>> shares:0  valids:0  Khashes:3997  avg:340.5 KH/s
19:40:47.702 > Pool workers:1  poolHash:387.4K
19:40:47.705 > WiFi: IoT 192.168.0.185
19:40:48.739 > >>> shares:0  valids:0  Khashes:4325  avg:340.7 KH/s
19:40:48.747 > Pool workers:1  poolHash:387.4K
19:40:48.747 > WiFi: IoT 192.168.0.185
19:40:49.536 >   Sending  : {"id":8,"method":"mining.submit","params":["bc1qrx29kdm75ek69zs29m9pp08z0kkczcg286t7kl.IoT 2.w0","2ed0b32","00000001","6928ef71","da9c955e"]}
19:40:49.549 >    - Current diff share: 0.003076796521
19:40:49.554 >    - Current pool diff : 0.000150000000
19:40:49.557 >    - TX SHARE: 6edc91acb7ddbee9a2ed0656f69ac2ba646bba994b2590b0cc12270245010000
19:40:49.778 > >>> shares:0  valids:0  Khashes:4718  avg:353.2 KH/s
19:40:49.781 > Pool workers:1  poolHash:387.4K
19:40:49.783 > WiFi: IoT 192.168.0.185
19:40:49.966 >   Receiving: {"id":8,"error":null,"result":true}
19:40:50.817 > >>> shares:0  valids:0  Khashes:5046  avg:340.7 KH/s
19:40:50.820 > Pool workers:1  poolHash:387.4K
19:40:50.823 > WiFi: IoT 192.168.0.185
19:40:51.669 >   Sending  : {"id":9,"method":"mining.submit","params":["bc1qrx29kdm75ek69zs29m9pp08z0kkczcg286t7kl.IoT 2.w1","2ed0b32","00000001","6928ef71","daa9dbed"]}
19:40:51.681 >    - Current diff share: 0.004762156312
19:40:51.687 >    - Current pool diff : 0.000150000000
19:40:51.690 >    - TX SHARE: 9ea6a