21:21:44.381 > ets Jul 29 2019 12:21:46
21:21:44.381 > 
21:21:44.381 > rst:0x1 (POWERON_RESET),boot:0x13 (SPI_FAST_FLASH_BOOT)
21:21:44.426 > invalid header: 0xffffffff
21:21:44.470 > invalid header: 0xffffffff
21:21:44.514 > invalid header: 0xffffffff
21:21:44.559 > invalid header: 0xffffffff
21:21:44.603 > invalid header: 0xffffffff
21:21:44.648 > invalid header: 0xffffffff
21:21:44.692 > invalid header: 0xffffffff
21:21:44.731 > ets Jul 29 2019 12:21:46
21:21:44.732 > 
21:21:44.732 > rst:0x10 (RTCWDT_RTC_RESET),boot:0x13 (SPI_FAST_FLASH_BOOT)
21:21:44.777 > invalid header: 0xffffffff
21:21:44.822 > invalid header: 0xffffffff
21:21:44.866 > invalid header: 0xffffffff
21:21:44.910 > invalid header: 0xffffffff
21:21:44.955 > invalid header: 0xffffffff
21:21:45.000 > invalid header: 0xffffffff
21:21:45.043 > invalid header: 0xffffffff
21:21:45.083 > ets Jul 29 2019 12:21:46
21:21:45.083 > 
21:21:45.083 > rst:0x10 (RTCWDT_RTC_RESET),boot:0x13 (SPI_FAST_FLASH_BOOT)
21:21:45.129 > invalid header: 0xffffffff
21:21:45.174 > invalid header: 0xffffffff
21:21:45.218 > invalid header: 0xffffffff
21:21:45.262 > invalid header: 0xffffffff
21:21:45.306 > invalid header: 0xffffffff
21:21:45.350 > invalid header: 0xffffffff
21:21:45.395 > invalid header: 0xffffffff
21:21:45.434 > ets Jul 29 2019 12:21:46
21:21:45.434 > 
21:21:45.434 > rst:0x10 (RTCWDT_RTC_RESET),boot:0x13 (SPI_FAST_FLASH_BOOT)
21:21:45.480 > invalid header: 0xffffffff
21:21:45.525 > invalid header: 0xffffffff
21:21:45.569 > invalid header: 0xffffffff
21:21:45.613 > invalid header: 0xffffffff
21:21:45.657 > invalid header: 0xffffffff
21:21:45.702 > invalid header: 0xffffffff
21:21:45.746 > invalid header: 0xffffffff
21:21:45.785 > ets Jul 29 2019 12:21:46
21:21:45.785 > 
21:21:45.785 > rst:0x10 (RTCWDT_RTC_RESET),boot:0x13 (SPI_FAST_FLASH_BOOT)
21:21:45.832 > invalid header: 0xffffffff
21:21:45.876 > invalid header: 0xffffffff
21:21:45.920 > invalid header: 0xffffffff
21:21:45.965 > invalid header: 0xffffffff
21:21:46.009 > invalid header: 0xffffffff
21:21:46.053 > invalid header: 0xffffffff
21:21:46.098 > invalid header: 0xffffffff
21:21:46.137 > ets Jul 29 2019 12:21:46
21:21:46.137 > 
21:21:46.137 > rst:0x10 (RTCWDT_RTC_RESET),boot:0x13 (SPI_FAST_FLASH_BOOT)
21:21:46.183 > invalid header: 0xffffffff
21:21:46.227 > invalid header: 0xffffffff
21:21:46.271 > invalid header: 0xffffffff
21:21:46.316 > invalid header: 0xffffffff
21:21:46.360 > invalid header: 0xffffffff
21:21:46.405 > invalid header: 0xffffffff
21:21:46.449 > invalid header: 0xffffffff
21:21:46.488 > ets Jul 29 2019 12:21:46
21:21:46.488 > 
21:21:46.488 > rst:0x10 (RTCWDT_RTC_RESET),boot:0x13 (SPI_FAST_FLASH_BOOT)
21:21:46.534 > invalid header: 0xffffffff
21:21:46.579 > invalid header: 0xffffffff
21:21:46.623 > invalid header: 0xffffffff
21:21:46.667 > invalid header: 0xffffffff
21:21:46.712 > invalid header: 0xffffffff
21:21:46.756 > invalid header: 0xffffffff
21:21:46.800 > invalid header: 0xffffffff
21:21:46.839 > ets Jul 29 2019 12:21:46
21:21:46.840 > 
21:21:46.840 > rst:0x10 (RTCWDT_RTC_RESET),boot:0x13 (SPI_FAST_FLASH_BOOT)
21:21:46.885 > invalid header: 0xffffffff
21:21:46.930 > invalid header: 0xffffffff
21:21:46.974 > invalid header: 0xffffffff
21:21:47.018 > invalid header: 0xffffffff
21:21:47.063 > invalid header: 0xffffffff
21:21:47.107 > invalid header: 0xffffffff
21:21:47.152 > invalid header: 0xffffffff
21:21:47.191 > ets Jul 29 2019 12:21:46
21:21:47.192 > 
21:21:47.192 > rst:0x10 (RTCWDT_RTC_RESET),boot:0x13 (SPI_FAST_FLASH_BOOT)
21:21:47.237 > invalid header: 0xffffffff
21:21:47.282 > invalid header: 0xffffffff
21:21:47.326 > invalid header: 0xffffffff
21:21:47.370 > invalid header: 0xffffffff
21:21:47.414 > invalid header: 0xffffffff
21:21:47.459 > invalid header: 0xffffffff
21:21:47.504 > invalid header: 0xffffffff
21:21:47.542 > ets Jul 29 2019 12:21:46
21:21:47.542 > 
21:21:47.542 > rst:0x10 (RTCWDT_RTC_RESET),boot:0x13 (SPI_FAST_FLASH_BOOT)
21:21:47.589 > invalid header: 0xffffffff
21:21:47.633 > invalid header: 0xffffffff
21:21:47.677 > invalid header: 0xffffffff
21:21:47.722 > invalid header: 0xffffffff
21:21:47.766 > invalid header: 0xffffffff
21:21:47.810 > invalid header: 0xffffffff
21:21:47.855 > invalid header: 0xffffffff
21:21:47.894 > ets Jul 29 2019 12:21:46
21:21:47.894 > 
21:21:47.894 > rst:0x10 (RTCWDT_RTC_RESET),boot:0x13 (SPI_FAST_FLASH_BOOT)
21:21:47.940 > invalid header: 0xffffffff
21:21:47.984 > invalid header: 0xffffffff
21:21:48.028 > invalid header: 0xffffffff
21:21:48.073 > invalid header: 0xffffffff
21:21:48.117 > invalid header: 0xffffffff
21:21:48.162 > invalid header: 0xffffffff
21:21:48.206 > invalid header: 0xffffffff
21:21:48.245 > ets Jul 29 2019 12:21:46
21:21:48.245 > 
21:21:48.245 > rst:0x10 (RTCWDT_RTC_RESET),boot:0x13 (SPI_FAST_FLASH_BOOT)
21:21:48.291 > invalid header: 0xffffffff
21:21:48.336 > invalid header: 0xffffffff
21:21:48.380 > invalid header: 0xffffffff
21:21:48.424 > invalid header: 0xffffffff
21:21:48.469 > invalid header: 0xffffffff
21:21:48.513 > invalid header: 0xffffffff
21:21:48.557 > invalid header: 0xffffffff
21:21:48.597 > ets Jul 29 2019 12:21:46
21:21:48.597 > 
21:21:48.597 > rst:0x10 (RTCWDT_RTC_RESET),boot:0x13 (SPI_FAST_FLASH_BOOT)
21:21:48.643 > invalid header: 0xffffffff
21:21:48.687 > invalid header: 0xffffffff
21:21:48.732 > invalid header: 0xffffffff
21:21:48.776 > invalid header: 0xffffffff
21:21:48.820 > invalid header: 0xffffffff
21:21:48.864 > invalid header: 0xffffffff
21:21:48.909 > invalid header: 0xffffffff
21:21:48.948 > ets Jul 29 2019 12:21:46
21:21:48.948 > 
21:21:48.948 > rst:0x10 (RTCWDT_RTC_RESET),boot:0x13 (SPI_FAST_FLASH_BOOT)
21:21:48.994 > invalid header: 0xffffffff
21:21:49.038 > invalid header: 0xffffffff
21:21:49.083 > invalid header: 0xffffffff
21:21:49.128 > invalid header: 0xffffffff
21:21:49.171 > invalid header: 0xffffffff
21:21:49.215 > invalid header: 0xffffffff
21:21:49.260 > invalid header: 0xffffffff
21:21:49.299 > ets Jul 29 2019 12:21:46
21:21:49.299 > 
21:21:49.299 > rst:0x10 (RTCWDT_RTC_RESET),boot:0x13 (SPI_FAST_FLASH_BOOT)
21:21:49.345 > invalid header: 0xffffffff
21:21:49.390 > invalid header: 0xffffffff
21:21:49.434 > invalid header: 0xffffffff
21:21:49.479 > invalid header: 0xffffffff
21:21:49.523 > invalid header: 0xffffffff
21:21:49.567 > invalid header: 0xffffffff
21:21:49.611 > invalid header: 0xffffffff
21:21:49.651 > ets Jul 29 2019 12:21:46
21:21:49.651 > 
21:21:49.651 > rst:0x10 (RTCWDT_RTC_RESET),boot:0x13 (SPI_FAST_FLASH_BOOT)
21:21:49.697 > invalid header: 0xffffffff
21:21:49.741 > invalid header: 0xffffffff
21:21:49.785 > invalid header: 0xffffffff
21:21:49.830 > invalid header: 0xffffffff
21:21:49.874 > invalid header: 0xffffffff
21:21:49.918 > invalid header: 0xffffffff
21:21:49.963 > invalid header: 0xffffffff
21:21:50.002 > ets Jul 29 2019 12:21:46
21:21:50.002 > 
21:21:50.002 > rst:0x10 (RTCWDT_RTC_RESET),boot:0x13 (SPI_FAST_FLASH_BOOT)
21:21:50.048 > invalid header: 0xffffffff
21:21:50.093 > invalid header: 0xffffffff
21:21:50.137 > invalid header: 0xffffffff
21:21:50.181 > invalid header: 0xffffffff
21:21:50.226 > invalid header: 0xffffffff
21:21:50.270 > invalid header: 0xffffffff
21:21:50.314 > invalid header: 0xffffffff
21:21:50.353 > ets Jul 29 2019 12:21:46
21:21:50.354 > 
21:21:50.354 > rst:0x10 (RTCWDT_RTC_RESET),boot:0x13 (SPI_FAST_FLASH_BOOT)
21:21:50.400 > invalid header: 0xffffffff
21:21:50.444 > invalid header: 0xffffffff
21:21:50.488 > invalid header: 0xffffffff
21:21:50.533 > invalid header: 0xffffffff
21:21:50.577 > invalid header: 0xffffffff
21:21:50.622 > invalid header: 0xffffffff
21:21:50.666 > invalid header: 0xffffffff
21:21:50.705 > ets Jul 29 2019 12:21:46
21:21:50.705 > 
21:21:50.705 > rst:0x10 (RTCWDT_RTC_RESET),boot:0x13 (SPI_FAST_FLASH_BOOT)
21:21:50.751 > invalid header: 0xffffffff
21:21:50.796 > invalid header: 0xffffffff
21:21:50.840 > invalid header: 0xffffffff
21:21:50.884 > invalid header: 0xffffffff
21:21:50.929 > invalid header: 0xffffffff
21:21:50.973 > invalid header: 0xffffffff
21:21:51.017 > invalid header: 0xffffffff
21:21:51.056 > ets Jul 29 2019 12:21:46
21:21:51.057 > 
21:21:51.057 > rst:0x10 (RTCWDT_RTC_RESET),boot:0x13 (SPI_FAST_FLASH_BOOT)
21:21:51.103 > invalid header: 0xffffffff
21:21:51.147 > invalid header: 0xffffffff
21:21:51.191 > invalid header: 0xffffffff
21:21:51.236 > invalid header: 0xffffffff
21:21:51.280 > invalid header: 0xffffffff
21:21:51.324 > invalid header: 0xffffffff
21:21:51.369 > invalid header: 0xffffffff
21:21:51.408 > ets Jul 29 2019 12:21:46
21:21:51.408 > 
21:21:51.408 > rst:0x10 (RTCWDT_RTC_RESET),boot:0x13 (SPI_FAST_FLASH_BOOT)
21:21:51.454 > invalid header: 0xffffffff
21:21:51.498 > invalid header: 0xffffffff
21:21:51.543 > invalid header: 0xffffffff
21:21:51.587 > invalid header: 0xffffffff
21:21:51.632 > invalid header: 0xffffffff
21:21:51.676 > invalid header: 0xffffffff
21:21:51.720 > invalid header: 0xffffffff
21:21:51.759 > ets Jul 29 2019 12:21:46
21:21:51.759 > 
21:21:51.759 > rst:0x10 (RTCWDT_RTC_RESET),boot:0x13 (SPI_FAST_FLASH_BOOT)
21:21:51.806 > invalid header: 0xffffffff
21:21:51.850 > invalid header: 0xffffffff
21:21:51.894 > invalid header: 0xffffffff
21:21:51.939 > invalid header: 0xffffffff
21:21:51.983 > invalid header: 0xffffffff
21:21:52.027 > invalid header: 0xffffffff
21:21:52.072 > invalid header: 0xffffffff
21:21:52.111 > ets Jul 29 2019 12:21:46
21:21:52.111 > 
21:21:52.111 > rst:0x10 (RTCWDT_RTC_RESET),boot:0x13 (SPI_FAST_FLASH_BOOT)
21:21:52.157 > invalid header: 0xffffffff
21:21:52.201 > invalid header: 0xffffffff
21:21:52.246 > invalid header: 0xffffffff
21:21:52.290 > invalid header: 0xffffffff
21:21:52.334 > invalid header: 0xffffffff
21:21:52.379 > invalid header: 0xffffffff
21:21:52.423 > invalid header: 0xffffffff
21:21:52.462 > ets Jul 29 2019 12:21:46
21:21:52.462 > 
21:21:52.462 > rst:0x10 (RTCWDT_RTC_RESET),boot:0x13 (SPI_FAST_FLASH_BOOT)
21:21:52.508 > invalid header: 0xffffffff
21:21:52.553 > invalid header: 0xffffffff
21:21:52.597 > invalid header: 0xffffffff
21:21:52.641 > invalid header: 0xffffffff
21:21:52.686 > invalid header: 0xffffffff
21:21:52.730 > invalid header: 0xffffffff
21:21:52.774 > invalid header: 0xffffffff
21:21:52.814 > ets Jul 29 2019 12:21:46
21:21:52.814 > 
21:21:52.814 > rst:0x10 (RTCWDT_RTC_RESET),boot:0x13 (SPI_FAST_FLASH_BOOT)
21:21:52.860 > invalid header: 0xffffffff
21:21:52.904 > invalid header: 0xffffffff
21:21:52.949 > invalid header: 0xffffffff
21:21:52.993 > invalid header: 0xffffffff
21:21:53.037 > invalid header: 0xffffffff
21:21:53.082 > invalid header: 0xffffffff
21:21:53.126 > invalid header: 0xffffffff
21:21:53.165 > ets Jul 29 2019 12:21:46
21:21:53.165 > 
21:21:53.165 > rst:0x10 (RTCWDT_RTC_RESET),boot:0x13 (SPI_FAST_FLASH_BOOT)
21:21:53.211 > invalid header: 0xffffffff
21:21:53.256 > invalid header: 0xffffffff
21:21:53.300 > invalid header: 0xffffffff
21:21:53.344 > invalid header: 0xffffffff
21:21:53.389 > invalid header: 0xffffffff
21:21:53.433 > invalid header: 0xffffffff
21:21:53.477 > invalid header: 0xffffffff
21:21:53.516 > ets Jul 29 2019 12:21:46
21:21:53.517 > 
21:21:53.517 > rst:0x10 (RTCWDT_RTC_RESET),boot:0x13 (SPI_FAST_FLASH_BOOT)
21:21:53.563 > invalid header: 0xffffffff
21:21:53.607 > invalid header: 0xffffffff
21:21:53.651 > invalid header: 0xffffffff
21:21:53.696 > invalid header: 0xffffffff
21:21:53.740 > invalid header: 0xffffffff
21:21:53.784 > invalid header: 0xffffffff
21:21:53.829 > invalid header: 0xffffffff
21:21:53.868 > ets Jul 29 2019 12:21:46
21:21:53.868 > 
21:21:53.868 > rst:0x10 (RTCWDT_RTC_RESET),boot:0x13 (SPI_FAST_FLASH_BOOT)
21:21:53.914 > invalid header: 0xffffffff
21:21:53.958 > invalid header: 0xffffffff
21:21:54.003 > invalid header: 0xffffffff
21:21:54.047 > invalid header: 0xffffffff
21:21:54.092 > invalid header: 0xffffffff
21:21:54.136 > invalid header: 0xffffffff
21:21:54.180 > invalid header: 0xffffffff
21:21:54.219 > ets Jul 29 2019 12:21:46
21:21:54.219 > 
21:21:54.219 > rst:0x10 (RTCWDT_RTC_RESET),boot:0x13 (SPI_FAST_FLASH_BOOT)
21:21:54.266 > invalid header: 0xffffffff
21:21:54.310 > invalid header: 0xffffffff
21:21:54.354 > invalid header: 0xffffffff
21:21:54.398 > invalid header: 0xffffffff
21:21:54.443 > invalid header: 0xffffffff
21:21:54.487 > invalid header: 0xffffffff
21:21:54.532 > invalid header: 0xffffffff
21:21:54.571 > ets Jul 29 2019 12:21:46
21:21:54.571 > 
21:21:54.571 > rst:0x10 (RTCWDT_RTC_RESET),boot:0x13 (SPI_FAST_FLASH_BOOT)
21:21:54.617 > invalid header: 0xffffffff
21:21:54.661 > invalid header: 0xffffffff
21:21:54.706 > invalid header: 0xffffffff
21:21:54.750 > invalid header: 0xffffffff
21:21:54.794 > invalid header: 0xffffffff
21:21:54.839 > invalid header: 0xffffffff
21:21:54.883 > invalid header: 0xffffffff
21:21:54.922 > ets Jul 29 2019 12:21:46
21:21:54.922 > 
21:21:54.922 > rst:0x10 (RTCWDT_RTC_RESET),boot:0x13 (SPI_FAST_FLASH_BOOT)
21:21:54.969 > invalid header: 0xffffffff
21:21:55.013 > invalid header: 0xffffffff
21:21:55.057 > invalid header: 0xffffffff
21:21:55.102 > invalid header: 0xffffffff
21:21:55.146 > invalid header: 0xffffffff
21:21:55.190 > invalid header: 0xffffffff
21:21:55.234 > invalid header: 0xffffffff
21:21:55.274 > ets Jul 29 2019 12:21:46
21:21:55.274 > 
21:21:55.274 > rst:0x10 (RTCWDT_RTC_RESET),boot:0x13 (SPI_FAST_FLASH_BOOT)
21:21:55.320 > invalid header: 0xffffffff
21:21:55.364 > invalid header: 0xffffffff
21:21:55.409 > invalid header: 0xffffffff
21:21:55.453 > invalid header: 0xffffffff
21:21:55.497 > invalid header: 0xffffffff
21:21:55.541 > invalid header: 0xffffffff
21:21:55.586 > invalid header: 0xffffffff
21:21:55.625 > ets Jul 29 2019 12:21:46
21:21:55.625 > 
21:21:55.625 > rst:0x10 (RTCWDT_RTC_RESET),boot:0x13 (SPI_FAST_FLASH_BOOT)
21:21:55.671 > invalid header: 0xffffffff
21:21:55.716 > invalid header: 0xffffffff
21:21:55.760 > invalid header: 0xffffffff
21:21:55.805 > invalid header: 0xffffffff
21:21:55.849 > invalid header: 0xffffffff
21:21:55.893 > invalid header: 0xffffffff
21:21:55.937 > invalid header: 0xffffffff
21:21:55.976 > ets Jul 29 2019 12:21:46
21:21:55.976 > 
21:21:55.976 > rst:0x10 (RTCWDT_RTC_RESET),boot:0x13 (SPI_FAST_FLASH_BOOT)
21:21:56.023 > invalid header: 0xffffffff
21:21:56.067 > invalid header: 0xffffffff
21:21:56.111 > invalid header: 0xffffffff
21:21:56.156 > invalid header: 0xffffffff
21:21:56.200 > invalid header: 0xffffffff
21:21:56.245 > invalid header: 0xffffffff
21:21:56.289 > invalid header: 0xffffffff
21:21:56.328 > ets Jul 29 2019 12:21:46
21:21:56.328 > 
21:21:56.328 > rst:0x10 (RTCWDT_RTC_RESET),boot:0x13 (SPI_FAST_FLASH_BOOT)
21:21:56.374 > invalid header: 0xffffffff
21:21:56.419 > invalid header: 0xffffffff
21:21:56.463 > invalid header: 0xffffffff
21:21:56.507 > invalid header: 0xffffffff
21:21:56.552 > invalid header: 0xffffffff
21:21:56.596 > invalid header: 0xffffffff
21:21:56.640 > invalid header: 0xffffffff
21:21:56.680 > ets Jul 29 2019 12:21:46
21:21:56.680 > 
21:21:56.680 > rst:0x10 (RTCWDT_RTC_RESET),boot:0x13 (SPI_FAST_FLASH_BOOT)
21:21:56.726 > invalid header: 0xffffffff
21:21:56.770 > invalid header: 0xffffffff
21:21:56.814 > invalid header: 0xffffffff
21:21:56.859 > invalid header: 0xffffffff
21:21:56.903 > invalid header: 0xffffffff
21:21:57.040 > ets Jul 29 2019 12:21:46
21:21:57.040 > 
21:21:57.040 > rst:0x1 (POWERON_RESET),boot:0x3 (DOWNLOAD_BOOT(UART0/UART1/SDIO_REI_REO_V2))
21:21:57.048 > waiting for download
21:21:57.258 >  U