20:28:02.440 > >>> 0 shares, 552 Khashes, avg 132.7 KH/s
20:28:02.440 >   Sending  : {"id":4,"method":"mining.submit","params":["bc1q6z9kn97flg52u69zsuwjt6sg7uxgjjsqnmnn76.IoT 2","1a00df","00000001","6925060a","da602578"]}
20:28:02.440 >    - Current diff share: 0.000793373028
20:28:02.440 >    - Current pool diff : 0.000150000000
20:28:02.440 >    - TX SHARE: 31b86d789e458b79480974b92334a85b36cc58a7cb30f9c3e4d4016cec040000
20:28:02.440 >   Receiving: {"id":4,"error":null,"result":true}
20:28:02.440 > >>> 0 shares, 921 Khashes, avg 177.4 KH/s
20:28:02.590 >   Sending  : {"id":5,"method":"mining.submit","params":["bc1q6z9kn97flg52u69zsuwjt6sg7uxgjjsqnmnn76.IoT 2","1a00df","00000001","6925060a","da653280"]}
20:28:02.603 >    - Current diff share: 0.000697811262
20:28:02.609 >    - Current pool diff : 0.000150000000
20:28:02.612 >    - TX SHARE: 353f195a94f3c732807414ce976617b317d91738e8ba7beeda4ac70799050000
20:28:03.020 >   Receiving: {"id":5,"error":null,"result":true}
20:28:03.252 > >>> 0 shares, 1290 Khashes, avg 248.7 KH/s
20:28:04.174 >   Sending  : {"id":6,"method":"mining.submit","params":["bc1q6z9kn97flg52u69zsuwjt6sg7uxgjjsqnmnn76.IoT 2","1a00df","00000001","6925060a","da6c6cb7"]}
20:28:04.187 >    - Current diff share: 0.000544518558
20:28:04.193 >    - Current pool diff : 0.000150000000
20:28:04.196 >    - TX SHARE: d3446230966f17cad3039480f4272deff67a47833c7a8530dcd1e8742c070000
20:28:04.287 > >>> 0 shares, 1642 Khashes, avg 316.6 KH/s
20:28:04.306 >   Receiving: {"id":6,"error":null,"result":true}
20:28:05.323 > >>> 0 shares, 2011 Khashes, avg 349.6 KH/s
20:28:05.715 >   Sending  : {"id":7,"method":"mining.submit","params":["bc1q6z9kn97flg52u69zsuwjt6sg7uxgjjsqnmnn76.IoT 2","1a00df","00000001","6925060a","da762132"]}
20:28:05.726 >    - Current diff share: 0.000246710368
20:28:05.729 >    - Current pool diff : 0.000150000000
20:28:05.732 >    - TX SHARE: e2675a9fb53480ceb4b2b22eca9d7ee02febdc0d5c3c7c2dcdb52a46d50f0000
20:28:06.092 >   Receiving: {"id":7,"error":null,"result":true}
20:28:06.360 > >>> 0 shares, 2379 Khashes, avg 352.7 KH/s
20:28:06.395 >   Sending  : {"id":8,"method":"mining.submit","params":["bc1q6z9kn97flg52u69zsuwjt6sg7uxgjjsqnmnn76.IoT 2","1a00df","00000001","6925060a","da79d483"]}
20:28:06.408 >    - Current diff share: 0.000561079241
20:28:06.413 >    - Current pool diff : 0.000150000000
20:28:06.416 >    - TX SHARE: 249e75038953d88821cedcd34ef6b471ff12cde7ead2e2a6219a9340f6060000
20:28:06.727 >   Receiving: {"id":8,"error":null,"result":true}
20:28:07.398 > >>> 0 shares, 2732 Khashes, avg 349.6 KH/s
20:28:07.679 >   Sending  : {"id":9,"method":"mining.submit","params":["bc1q6z9kn97flg52u69zsuwjt6sg7uxgjjsqnmnn76.IoT 2","1a00df","00000001","6925060a","da80b2d8"]}
20:28:07.692 >    - Current diff share: 0.000159842033
20:28:07.697 >    - Current pool diff : 0.000150000000
20:28:07.700 >    - TX SHARE: 97b247be2207a771f5694dedb5494c9045d8de1b02ba0ea44f46cb1470180000
20:28:07.958 >   Receiving: {"id":9,"error":null,"result":true}
20:28:08.431 > >>> 0 shares, 3100 Khashes, avg 349.4 KH/s
20:28:09.466 > >>> 0 shares, 3469 Khashes, avg 352.7 KH/s
20:28:10.501 > >>> 0 shares, 3837 Khashes, avg 352.6 KH/s
20:28:10.615 >   Sending  : {"id":10,"method":"mining.submit","params":["bc1q6z9kn97flg52u69zsuwjt6sg7uxgjjsqnmnn76.IoT 2","1a00df","00000001","6925060a","da903a39"]}
20:28:10.628 >    - Current diff share: 0.000229114912
20:28:10.633 >    - Current pool diff : 0.000150000000
20:28:10.636 >    - TX SHARE: b3361fc301efcf860baca61f70c2abc4b29d2c0387aa8f9a7ad7328e0c110000
20:28:11.044 >   Receiving: {"id":10,"error":null,"result":true}
20:28:11.252 >   Sending  : {"id":11,"method":"mining.submit","params":["bc1q6z9kn97flg52u69zsuwjt6sg7uxgjjsqnmnn76.IoT 2","1a00df","00000001","6925060a","da93b908"]}
20:28:11.258 >    - Current diff share: 0.000382393577
20:28:11.264 >    - Current pool diff : 0.000150000000
20:28:11.266 >    - TX SHARE: 3cf0deefb0e723ab858d6aa1f7bd58f6571250567127571f74a01811370a0000
20:28:11.537 > >>> 0 shares, 4190 Khashes, avg 349.7 KH/s
20:28:11.625 >   Receiving: {"id":11,"error":null,"result":true}
20:28:11.878 >   Sending  : {"id":12,"method":"mining.submit","params":["bc1q6z9kn97flg52u69zsuwjt6sg7uxgjjsqnmnn76.IoT 2","1a00df","00000001","6925060a","da95517f"]}
20:28:11.890 >    - Current diff share: 0.000248834921
20:28:11.895 >    - Current pool diff : 0.000150000000
20:28:11.898 >    - TX SHARE: ec86ab0cadd9751e788cdbbff823282c412f36f8c46908b1c4a9cfaab20f0000
20:28:12.258 >   Receiving: {"id":12,"error":null,"result":true}
20:28:12.573 > >>> 0 shares, 4558 Khashes, avg 352.6 KH/s
20:28:13.609 > >>> 0 shares, 4927 Khashes, avg 352.8 KH/s
20:28:14.644 > >>> 0 shares, 5279 Khashes, avg 349.6 KH/s
20:28:15.680 > >>> 0 shares, 5648 Khashes, avg 349.8 KH/s
20:28:16.715 > >>> 0 shares, 6017 Khashes, avg 352.8 KH/s
20:28:17.019 >   Sending  : {"id":13,"method":"mining.submit","params":["bc1q6z9kn97flg52u69zsuwjt6sg7uxgjjsqnmnn76.IoT 2","1a00df","00000001","6925060a","dab26650"]}
20:28:17.032 >    - Current diff share: 0.000385337327
20:28:17.037 >    - Current pool diff : 0.000150000000
20:28:17.040 >    - TX SHARE: 609bb4e37697f7e89737415f0d2874a06e69d3c6fbfea878b9c1d616230a0000
20:28:17.148 >   Sending  : {"id":14,"method":"mining.submit","params":["bc1q6z9kn97flg52u69zsuwjt6sg7uxgjjsqnmnn76.IoT 2","1a00df","00000001","6925060a","dab340ea"]}
20:28:17.159 >    - Current diff share: 0.000262536160
20:28:17.164 >    - Current pool diff : 0.000150000000
20:28:17.167 >    - TX SHARE: 2c9b823e146dc1c4ac9580b1c5da0f7568a213a5dc7a7ca6ff5fe4f0e00e0000
20:28:17.173 >   Receiving: {"id":13,"error":null,"result":true}
20:28:17.477 >   Receiving: {"id":14,"error":null,"result":true}
20:28:17.751 > >>> 0 shares, 6369 Khashes, avg 349.8 KH/s
20:28:18.786 > >>> 0 shares, 6737 Khashes, avg 349.6 KH/s
20:28:19.583 >   Sending  : {"id":15,"method":"mining.submit","params":["bc1q6z9kn97flg52u69zsuwjt6sg7uxgjjsqnmnn76.IoT 2","1a00df","00000001","6925060a","dac04459"]}
20:28:19.595 >    - Current diff share: 0.000174849397
20:28:19.600 >    - Current pool diff : 0.000150000000
20:28:19.603 >    - TX SHARE: 6143c2d8d8388facd3542dbe01ccb59362523e8f15b862e407a9cd1e57160000
20:28:19.822 > >>> 0 shares, 7090 Khashes, avg 349.7 KH/s
20:28:19.913 >   Receiving: {"id":15,"error":null,"result":true}
20:28:20.858 > >>> 0 shares, 7462 Khashes, avg 350.3 KH/s
20:28:21.165 >   Sending  : {"id":16,"method":"mining.submit","params":["bc1q6z9kn97flg52u69zsuwjt6sg7uxgjjsqnmnn76.IoT 2","1a00df","00000001","6925060a","dac8c10f"]}
20:28:21.178 >    - Current diff share: 0.000412235602
20:28:21.183 >    - Current pool diff : 0.000150000000
20:28:21.186 >    - TX SHARE: 8a4c57dc8015733f484c93fdef81242123a519c36ff663330a97a0c279090000
20:28:21.447 >   Receiving: {"id":16,"error":null,"result":true}
20:28:21.894 > >>> 0 shares, 7827 Khashes, avg 349.5 KH/s
20:28:21.897 >   Sending  : {"id":17,"method":"mining.submit","params":["bc1q6z9kn97flg52u69zsuwjt6sg7uxgjjsqnmnn76.IoT 2","1a00df","00000001","6925060a","daccb2b1"]}
20:28:21.911 >    - Current diff share: 0.000919895956
20:28:21.913 >    - Current pool diff : 0.000150000000
20:28:21.916 >    - TX SHARE: 5de7380e11a5ff7b358d7e186f2cd1d55dbbd153cf680855877118103f040000
20:28:22.075 >   Receiving: {"id":17,"error":null,"result":true}
20:28:22.528 >   Sending  : {"id":18,"method":"mining.submit","params":["bc1q6z9kn97flg52u69zsuwjt6sg7uxgjjsqnmnn76.IoT 2","1a00df","00000001","6925060a","dad00937"]}
20:28:22.541 >    - Current diff share: 0.000362682118
20:28:22.546 >    - Current pool diff : 0.000150000000
20:28:22.549 >    - TX SHARE: cba4c503c7e2a47b05f3ecbaba4c1be99197fafe8ef48a1d728a8231c50a0000
20:28:22.707 >   Receiving: {"id":18,"error":null,"result":true}
20:28:22.810 >   Sending  : {"id":19,"method":"mining.submit","params":["bc1q6z9kn97flg52u69zsuwjt6sg7uxgjjsqnmnn76.IoT 2","1a00df","00000001","6925060a","dad162b2"]}
20:28:22.822 >    - Current diff share: 0.000403255735
20:28:22.828 >    - Current pool diff : 0.000150000000
20:28:22.831 >    - TX SHARE: 2fb45172a9630b0dbffd7141930d636ee35c4716590bf7a329a231c7af090000
20:28:22.888 >   Sending  : {"id":20,"method":"mining.submit","params":["bc1q6z9kn97flg52u69zsuwjt6sg7uxgjjsqnmnn76.IoT 2","1a00df","00000001","6925060a","dad02ba1"]}
20:28:22.899 >    - Current diff share: 0.000298774564
20:28:22.904 >    - Current pool diff : 0.000150000000
20:28:22.907 >    - TX SHARE: ad7f2d1ccf51c3af6ffe78535e0ef6ff55b1fc95f58905e6be3e3df4120d0000
20:28:22.930 > >>> 0 shares, 8163 Khashes, avg 346.3 KH/s
20:28:23.016 >   Receiving: {"id":19,"error":null,"result":true}
20:28:23.319 >   Receiving: {"id":20,"error":null,"result":true}
20:28:23.967 > >>> 0 shares, 8548 Khashes, avg 349.6 KH/s
20:28:24.723 >   Sending  : {"id":21,"method":"mining.submit","params":["bc1q6z9kn97flg52u69zsuwjt6sg7uxgjjsqnmnn76.IoT 2","1a00df","00000001","6925060a","dadba605"]}
20:28:24.736 >    - Current diff share: 0.000206170813
20:28:24.741 >    - Current pool diff : 0.000150000000
20:28:24.744 >    - TX SHARE: 27c25593ee5bccd5669747b718145ed806b2d3c7b636b8bf9d5ae845f2120000
20:28:25.002 > >>> 0 shares, 8916 Khashes, avg 352.5 KH/s
20:28:25.255 >   Receiving: {"id":21,"error":null,"result":true}
20:28:25.356 >   Sending  : {"id":22,"method":"mining.submit","params":["bc1q6z9kn97flg52u69zsuwjt6sg7uxgjjsqnmnn76.IoT 2","1a00df","00000001","6925060a","dadf0000"]}
20:28:25.367 >    - Current diff share: 0.000301507006
20:28:25.373 >    - Current pool diff : 0.000150000000
20:28:25.375 >    - TX SHARE: 82e97d2517cd01645cc67b0ca7e91dd36ed9d410f0ef3c2c520e359ff40c0000
20:28:25.533 >   Receiving: {"id":22,"error":null,"result":true}
20:28:26.039 > >>> 0 shares, 9269 Khashes, avg 348.8 KH/s
20:28:27.073 > >>> 0 shares, 9637 Khashes, avg 349.4 KH/s
20:28:28.109 > >>> 0 shares, 9990 Khashes, avg 352.8 KH/s
20:28:29.144 > >>> 0 shares, 10358 Khashes, avg 349.6 KH/s
20:28:30.180 > >>> 0 shares, 10727 Khashes, avg 349.8 KH/s
20:28:31.215 > >>> 0 shares, 11079 Khashes, avg 349.7 KH/s
20:28:31.843 >   Sending  : {"id":23,"method":"mining.submit","params":["bc1q6z9kn97flg52u69zsuwjt6sg7uxgjjsqnmnn76.IoT 2","1a00df","00000001","6925060a","db020aae"]}
20:28:31.856 >    - Current diff share: 0.000611292427
20:28:31.861 >    - Current pool diff : 0.000150000000
20:28:31.864 >    - TX SHARE: 337b502a638b1ad302b56b90f707c161098d4afdc7959ca33bb672da63060000
20:28:32.022 >   Receiving: {"id":23,"error":null,"result":true}
20:28:32.250 > >>> 0 shares, 11448 Khashes, avg 349.9 KH/s
20:28:33.286 > >>> 0 shares, 11816 Khashes, avg 352.7 KH/s
20:28:34.322 > >>> 0 shares, 12189 Khashes, avg 353.6 KH/s
20:28:35.357 > >>> 0 shares, 12537 Khashes, avg 349.6 KH/s
20:28:36.392 > >>> 0 shares, 12910 Khashes, avg 353.6 KH/s
20:28:37.081 >   Sending  : {"id":24,"method":"mining.submit","params":["bc1q6z9kn97flg52u69zsuwjt6sg7uxgjjsqnmnn76.IoT 2","1a00df","00000001","6925060a","db1df5a5"]}
20:28:37.096 >    - Current diff share: 0.000813702450
20:28:37.099 >    - Current pool diff : 0.000150000000
20:28:37.101 >    - TX SHARE: e6046ad97012d25916d544da7ae0526cabf9d7b39058aa11555a84eecc040000
20:28:37.210 >   Sending  : {"id":25,"method":"mining.submit","params":["bc1q6z9kn97flg52u69zsuwjt6sg7uxgjjsqnmnn76.IoT 2","1a00df","00000001","6925060a","db1e9aeb"]}
20:28:37.221 >    - Current diff share: 0.000278519791
20:28:37.227 >    - Current pool diff : 0.000150000000
20:28:37.229 >    - TX SHARE: a4c23b4f386c7cf66bed55cbef84f4a6381c312b2dcff91ced07b65a060e0000
20:28:37.235 >   Receiving: {"id":24,"error":null,"result":true}
20:28:37.428 > >>> 0 shares, 13279 Khashes, avg 353.7 KH/s
20:28:37.540 >   Sending  : {"id":26,"method":"mining.submit","params":["bc1q6z9kn97flg52u69zsuwjt6sg7uxgjjsqnmnn76.IoT 2","1a00df","00000001","6925060a","db207c46"]}
20:28:37.551 >    - Current diff share: 0.000230073820
20:28:37.557 >    - Current pool diff : 0.000150000000
20:28:37.560 >    - TX SHARE: eb5799c1911677b69452471ed9ea905565a2528c0cca489d28b65f5dfa100000
20:28:37.565 >   Receiving: {"id":25,"error":null,"result":true}
20:28:37.820 >   Receiving: {"id":26,"error":null,"result":true}
20:28:38.464 > >>> 0 shares, 13647 Khashes, avg 353.7 KH/s
20:28:39.499 > >>> 0 shares, 14000 Khashes, avg 349.8 KH/s
20:28:39.683 >   Receiving: {"id":null,"method":"mining.notify","params":["1a0ac5","d649393035182d1f276dd5155c4c7f1a7a9318620000a6150000000000000000","02000000010000000000000000000000000000000000000000000000000000000000000000ffffffff1703911d0e5075626c69632d506f6f6c","ffffffff02d971cb1200000000160014d08b6997c9fa28ae68a2871d25ea08f70c894a000000000000000000266a24aa21a9ede4cce60a1aade4986b6ae6f6375851334b0528f60d36e10ae9e7596d9512df7800000000",["7a9ed97f335f45cf0e1cd4a17050beee6c282d15529c9918e9c3402f502282d3","6ef9971b9e208469f54544c349735eae23ec990ab389ef50e44595cf206a3dd1","e9124576710cc2674b623268cbb266ff42776e10e6fcddf2b55a8948cbcd4c6c","ff85b34780ba67788f3dce3b7efde1379cde82bb429e1f59eee83d0d5426dbaf","2ecf2cd88a4666e5b9d79f4734195446f3c18af733318e24360cd28c666dd5ce","f16faffdc6bf4c9c416177293a51b1aa7d6384b8c36547eeb15d795e2626c5da","eb086d08c78441c3cb767e4168f2ed2b72e3bc4408625ae2def8f70d58a618fa","2c491949b3e3edcafb10fdb1384156d29de085e8477ac731a324e449d2261407","bf6c3ecdf16b642f20c3f9a0002a197aeb2a3370a946e6fe63431715bd809618","907252bac5070f532b0e730b35559071430ef5386cb4a9781f8033275c040b81","c5ec925965dfa682fb7da9be785db3ef97fb6e28ead5d2308dbbfc2ce4f2ad91"],"20000000","1701d936","69250646",false]}
20:28:39.785 >     Parsing Method [MINING NOTIFY]
20:28:39.788 >     target: 00000000000000000001d9360000000000000000000000000000000000000000
20:28:39.796 >     coinbase: 02000000010000000000000000000000000000000000000000000000000000000000000000ffffffff1703911d0e5075626c69632d506f6f6cdd58098200000001ffffffff02d971cb1200000000160014d08b6997c9fa28ae68a2871d25ea08f70c894a000000000000000000266a24aa21a9ede4cce60a1aade4986b6ae6f6375851334b0528f60d36e10ae9e7596d9512df7800000000
20:28:39.824 >     merkle sha         : e32888cceb45bdbacd10498ec5c90e16ffc6a3e9887a3321e251f388c60a7f3b
20:28:40.276 >   Sending  : {"id":27,"method":"mining.submit","params":["bc1q6z9kn97flg52u69zsuwjt6sg7uxgjjsqnmnn76.IoT 2","1a0ac5","00000001","69250646","da57218d"]}
20:28:40.287 >    - Current diff share: 0.000213884420
20:28:40.293 >    - Current pool diff : 0.000150000000
20:28:40.295 >    - TX SHARE: 2e8ea2303018e482459a5d9f7de6df3eb6e5459efae998109b25dc5943120000
20:28:40.536 > >>> 0 shares, 14348 Khashes, avg 349.8 KH/s
20:28:40.606 >   Receiving: {"id":27,"error":null,"result":true}
20:28:41.257 >   Sending  : {"id":28,"method":"mining.submit","params":["bc1q6z9kn97flg52u69zsuwjt6sg7uxgjjsqnmnn76.IoT 2","1a0ac5","00000001","69250646","da5c6dd1"]}
20:28:41.270 >    - Current diff share: 0.000299238848
20:28:41.275 >    - Current pool diff : 0.000150000000
20:28:41.278 >    - TX SHARE: 126be28672a474fb3f33a18345175ba112b68de1d9f5e26f526fd7c20d0d0000
20:28:41.572 > >>> 0 shares, 14696 Khashes, avg 344.9 KH/s
20:28:41.841 >   Receiving: {"id":28,"error":null,"result":true}
20:28:42.544 >   Sending  : {"id":29,"method":"mining.submit","params":["bc1q6z9kn97flg52u69zsuwjt6sg7uxgjjsqnmnn76.IoT 2","1a0ac5","00000001","69250646","da637d53"]}
20:28:42.557 >    - Current diff share: 0.000778072261
20:28:42.562 >    - Current pool diff : 0.000150000000
20:28:42.565 >    - TX SHARE: 72b18991f2ff953e9c7862428200b542d95732aec4e4e9f79172433505050000
20:28:42.607 > >>> 0 shares, 15081 Khashes, avg 347.9 KH/s
20:28:42.778 >   Receiving: {"id":29,"error":null,"result":true}
20:28:43.643 > >>> 0 shares, 15433 Khashes, avg 344.9 KH/s
20:28:44.677 > >>> 0 shares, 15802 Khashes, avg 347.9 KH/s
20:28:45.713 > >>> 0 shares, 16154 Khashes, avg 348.8 KH/s
20:28:46.385 >   Sending  : {"id":30,"method":"mining.submit","params":["bc1q6z9kn97flg52u69zsuwjt6sg7uxgjjsqnmnn76.IoT 2","1a0ac5","00000001","69250646","da781e5b"]}
20:28:46.397 >    - Current diff share: 0.000254219105
20:28:46.402 >    - Current pool diff : 0.000150000000
20:28:46.405 >    - TX SHARE: aa24b898a6ab57d10b204ca1df3ee2060c83d928d5cadbc580ddfc8d5d0f0000
20:28:46.462 >   Sending  : {"id":31,"method":"mining.submit","params":["bc1q6z9kn97flg52u69zsuwjt6sg7uxgjjsqnmnn76.IoT 2","1a0ac5","00000001","69250646","da784b02"]}
20:28:46.473 >    - Current diff share: 0.001333148901
20:28:46.479 >    - Current pool diff : 0.000150000000
20:28:46.481 >    - TX SHARE: 598dde883aecd3ca58b685f77f81ff75a7d3abe476a044ad8cbfa117ee020000
20:28:46.739 >   Receiving: {"id":30,"error":null,"result":true}
20:28:46.750 > >>> 0 shares, 16523 Khashes, avg 352.8 KH/s
20:28:47.092 >   Receiving: {"id":31,"error":null,"result":true}
20:28:47.787 > >>> 0 shares, 16912 Khashes, avg 353.5 KH/s
20:28:48.823 > >>> 0 shares, 17260 Khashes, avg 352.7 KH/s
20:28:49.858 > >>> 0 shares, 17633 Khashes, avg 353.5 KH/s
20:28:50.894 > >>> 0 shares, 18002 Khashes, avg 356.7 KH/s
20:28:51.101 >   Sending  : {"id":32,"method":"mining.submit","params":["bc1q6z9kn97flg52u69zsuwjt6sg7uxgjjsqnmnn76.IoT 2","1a0ac5","00000001","69250646","da9111ca"]}
20:28:51.116 >    - Current diff share: 0.000198635790
20:28:51.119 >    - Current pool diff : 0.000150000000
20:28:51.122 >    - TX SHARE: 1e0d4004ab299d42406ad6703b71f5cd82f65e69f7d3d27f3a503e43aa130000
20:28:51.382 >   Receiving: {"id":32,"error":null,"result":true}
20:28:51.833 >   Sending  : {"id":33,"method":"mining.submit","params":["bc1q6z9kn97flg52u69zsuwjt6sg7uxgjjsqnmnn76.IoT 2","1a0ac5","00000001","69250646","da9544cb"]}
20:28:51.846 >    - Current diff share: 0.001130407522
20:28:51.851 >    - Current pool diff : 0.000150000000
20:28:51.854 >    - TX SHARE: 40439f006a1cc6f9fc69014dfd159b8478d1c016787f04782e528b9f74030000
20:28:51.930 > >>> 0 shares, 18333 Khashes, avg 349.4 KH/s
20:28:52.264 >   Receiving: {"id":33,"error":null,"result":true}
20:28:52.967 > >>> 0 shares, 18723 Khashes, avg 349.6 KH/s
20:28:54.002 > >>> 0 shares, 19075 Khashes, avg 350.4 KH/s
20:28:55.039 > >>> 0 shares, 19443 Khashes, avg 349.4 KH/s
20:28:56.076 > >>> 0 shares, 19812 Khashes, avg 349.4 KH/s
20:28:56.174 >   Sending  : {"id":34,"method":"mining.submit","params":["bc1q6z9kn97flg52u69zsuwjt6sg7uxgjjsqnmnn76.IoT 2","1a0ac5","00000001","69250646","daaca500"]}
20:28:56.186 >    - Current diff share: 0.001041457617
20:28:56.192 >    - Current pool diff : 0.000150000000
20:28:56.194 >    - TX SHARE: b144875ca8e032d6adc961fd6752f5bba10e79659aa80e6a7883942dc0030000
20:28:56.303 >   Sending  : {"id":35,"method":"mining.submit","params":["bc1q6z9kn97flg52u69zsuwjt6sg7uxgjjsqnmnn76.IoT 2","1a0ac5","00000001","69250646","daad0037"]}
20:28:56.313 >    - Current diff share: 0.048861371030
20:28:56.319 >    - Current pool diff : 0.000150000000
20:28:56.322 >    - TX SHARE: 83f848ae1a92c85a69ec98767e49f19bd1476e6ffc35b98269933b7714000000
20:28:56.376 >   Sending  : {"id":36,"method":"mining.submit","params":["bc1q6z9kn97flg52u69zsuwjt6sg7uxgjjsqnmnn76.IoT 2","1a0ac5","00000001","69250646","daad72aa"]}
20:28:56.387 >    - Current diff share: 0.001196294637
20:28:56.393 >    - Current pool diff : 0.000150000000
20:28:56.396 >    - TX SHARE: 5480dbb54cb8e8a2ce76fbff94cf381de908abdf8a95f7ab74edd6e643030000
20:28:56.401 >   Receiving: {"id":34,"error":null,"result":true}
20:28:56.704 >   Receiving: {"id":35,"error":null,"result":true}
20:28:57.007 >   Receiving: {"id":36,"error":null,"result":true}
20:28:57.111 > >>> 0 shares, 20181 Khashes, avg 356.7 KH/s
20:28:57.409 >   Sending  : {"id":37,"method":"mining.submit","params":["bc1q6z9kn97flg52u69zsuwjt6sg7uxgjjsqnmnn76.IoT 2","1a0ac5","00000001","69250646","dab2f86e"]}
20:28:57.421 >    - Current diff share: 0.000395566008
20:28:57.427 >    - Current pool diff : 0.000150000000
20:28:57.429 >    - TX SHARE: c66441ded45cb8bd77377b4a223abbb229e1364ef45155b946fb08fcdf090000
20:28:57.589 >   Receiving: {"id":37,"error":null,"result":true}
20:28:58.148 > >>> 0 shares, 20529 Khashes, avg 348.6 KH/s
20:28:58.792 >   Sending  : {"id":38,"method":"mining.submit","params":["bc1q6z9kn97flg52u69zsuwjt6sg7uxgjjsqnmnn76.IoT 2","1a0ac5","00000001","69250646","daba3161"]}
20:28:58.807 >    - Current diff share: 0.000305182175
20:28:58.810 >    - Current pool diff : 0.000150000000
20:28:58.812 >    - TX SHARE: 46d916cd6ee2a580bf0aa558c977636bbbb6df6c5bbb9afbc8dc6caecc0c0000
20:28:58.821 >   Receiving: {"id":null,"method":"mining.set_difficulty","params":[0.0016]}
20:28:58.826 >     Parsing Method [SET DIFFICULTY]
20:28:58.829 >     difficulty: 0.001600000000
20:28:58.989 >   Receiving: {"id":null,"method":"mining.notify","params":["1a0af5","d649393035182d1f276dd5155c4c7f1a7a9318620000a6150000000000000000","02000000010000000000000000000000000000000000000000000000000000000000000000ffffffff1703911d0e5075626c69632d506f6f6c","ffffffff02d971cb1200000000160014d08b6997c9fa28ae68a2871d25ea08f70c894a000000000000000000266a24aa21a9ede4cce60a1aade4986b6ae6f6375851334b0528f60d36e10ae9e7596d9512df7800000000",["7a9ed97f335f45cf0e1cd4a17050beee6c282d15529c9918e9c3402f502282d3","6ef9971b9e208469f54544c349735eae23ec990ab389ef50e44595cf206a3dd1","e9124576710cc2674b623268cbb266ff42776e10e6fcddf2b55a8948cbcd4c6c","ff85b34780ba67788f3dce3b7efde1379cde82bb429e1f59eee83d0d5426dbaf","2ecf2cd88a4666e5b9d79f4734195446f3c18af733318e24360cd28c666dd5ce","f16faffdc6bf4c9c416177293a51b1aa7d6384b8c36547eeb15d795e2626c5da","eb086d08c78441c3cb767e4168f2ed2b72e3bc4408625ae2def8f70d58a618fa","2c491949b3e3edcafb10fdb1384156d29de085e8477ac731a324e449d2261407","bf6c3ecdf16b642f20c3f9a0002a197aeb2a3370a946e6fe63431715bd809618","907252bac5070f532b0e730b35559071430ef5386cb4a9781f8033275c040b81","c5ec925965dfa682fb7da9be785db3ef97fb6e28ead5d2308dbbfc2ce4f2ad91"],"20000000","1701d936","69250646",true]}
20:28:59.092 >     Parsing Method [MINING NOTIFY]
20:28:59.094 >     target: 00000000000000000001d9360000000000000000000000000000000000000000
20:28:59.103 >     coinbase: 02000000010000000000000000000000000000000000000000000000000000000000000000ffffffff1703911d0e5075626c69632d506f6f6cdd58098200000001ffffffff02d971cb1200000000160014d08b6997c9fa28ae68a2871d25ea08f70c894a000000000000000000266a24aa21a9ede4cce60a1aade4986b6ae6f6375851334b0528f60d36e10ae9e7596d9512df7800000000
20:28:59.131 >     merkle sha         : e32888cceb45bdbacd10498ec5c90e16ffc6a3e9887a3321e251f388c60a7f3b
20:28:59.139 >   Receiving: {"id":38,"result":null,"error":[23,"Difficulty too low",""]}
20:28:59.145 > ERROR: 23 | reason: Difficulty too low 
20:28:59.148 > Refuse submition 38
20:28:59.185 > >>> 0 shares, 20844 Khashes, avg 341.4 KH/s
20:29:00.220 > >>> 0 shares, 21240 Khashes, avg 346.8 KH/s
20:29:01.256 > >>> 0 shares, 21608 Khashes, avg 346.6 KH/s
20:29:02.292 > >>> 0 shares, 21981 Khashes, avg 347.4 KH/s
20:29:03.327 > >>> 0 shares, 22333 Khashes, avg 348.3 KH/s
20:29:04.363 > >>> 0 shares, 22702 Khashes, avg 358.8 KH/s
20:29:05.401 > >>> 0 shares, 23071 Khashes, avg 353.5 KH/s
20:29:06.436 > >>> 0 shares, 23423 Khashes, avg 350.5 KH/s
20:29:07.473 > >>> 0 shares, 23792 Khashes, avg 349.7 KH/s
20:29:08.507 > >>> 0 shares, 24160 Khashes, avg 352.7 KH/s
20:29:09.543 > >>> 0 shares, 24513 Khashes, avg 349.6 KH/s
20:29:10.579 > >>> 0 shares, 24881 Khashes, avg 349.4 KH/s
20:29:11.616 > >>> 0 shares, 25270 Khashes, avg 356.6 KH/s
20:29:12.651 > >>> 0 shares, 25618 Khashes, avg 352.5 KH/s
20:29:13.690 > >>> 0 shares, 25991 Khashes, avg 353.5 KH/s
20:29:14.724 > >>> 0 shares, 26360 Khashes, avg 356.6 KH/s
20:29:15.760 > >>> 0 shares, 26712 Khashes, avg 353.5 KH/s
20:29:15.778 >   Sending  : {"id":39,"method":"mining.submit","params":["bc1q6z9kn97flg52u69zsuwjt6sg7uxgjjsqnmnn76.IoT 2","1a0af5","00000001","69250646","daad0037"]}
20:29:15.791 >    - Current diff share: 0.048861371030
20:29:15.796 >    - Current pool diff : 0.001600000000
20:29:15.799 >    - TX SHARE: 83f848ae1a92c85a69ec98767e49f19bd1476e6ffc35b98269933b7714000000
20:29:16.159 >   Receiving: {"id":39,"error":null,"result":true}
20:29:16.796 > >>> 0 shares, 27081 Khashes, avg 349.6 KH/s
20:29:17.833 > >>> 0 shares, 27449 Khashes, avg 353.4 KH/s
20:29:18.869 > >>> 0 shares, 27818 Khashes, avg 352.6 KH/s
20:29:19.905 > >>> 0 shares, 28170 Khashes, avg 349.4 KH/s
20:29:20.941 > >>> 0 shares, 28539 Khashes, avg 352.6 KH/s
20:29:21.976 > >>> 0 shares, 28912 Khashes, avg 353.4 KH/s
20:29:23.012 > >>> 0 shares, 29260 Khashes, avg 349.7 KH/s
20:29:24.048 > >>> 0 shares, 29645 Khashes, avg 352.8 KH/s
20:29:25.084 > >>> 0 shares, 30018 Khashes, avg 356.8 KH/s
20:29:26.119 > >>> 0 shares, 30366 Khashes, avg 352.8 KH/s
20:29:27.156 > >>> 0 shares, 30738 Khashes, avg 352.6 KH/s
20:29:28.191 > >>> 0 shares, 31107 Khashes, avg 356.6 KH/s
20:29:29.227 > >>> 0 shares, 31459 Khashes, avg 350.3 KH/s
20:29:30.263 > >>> 0 shares, 31844 Khashes, avg 352.6 KH/s
20:29:31.299 > >>> 0 shares, 32213 Khashes, avg 356.6 KH/s
20:29:32.335 > >>> 0 shares, 32565 Khashes, avg 352.8 KH/s
20:29:33.370 > >>> 0 shares, 32934 Khashes, avg 352.8 KH/s
20:29:33.557 >   Sending  : {"id":40,"method":"mining.submit","params":["bc1q6z9kn97flg52u69zsuwjt6sg7uxgjjsqnmnn76.IoT 2","1a0af5","00000001","69250646","db0e08c7"]}
20:29:33.570 >    - Current diff share: 0.006031102516
20:29:33.573 >    - Current pool diff : 0.001600000000
20:29:33.576 >    - TX SHARE: 6dd8432db3f07a776e79091919dcad8332b4795d8fb49b2c3773fccda5000000
20:29:33.934 >   Receiving: {"id":40,"error":null,"result":true}
20:29:34.407 > >>> 0 shares, 33303 Khashes, avg 356.1 KH/s
20:29:34.840 >   Sending  : {"id":41,"method":"mining.submit","params":["bc1q6z9kn97flg52u69zsuwjt6sg7uxgjjsqnmnn76.IoT 2","1a0af5","00000001","69250646","db14e883"]}
20:29:34.854 >    - Current diff share: 0.002608106566
20:29:34.857 >    - Current pool diff : 0.001600000000
20:29:34.859 >    - TX SHARE: 4a76021715da77ebac3de42f64f3ea3a87e13c9ee410755b3b30006a7f010000
20:29:35.169 >   Receiving: {"id":41,"error":null,"result":true}
20:29:35.445 > >>> 0 shares, 33655 Khashes, avg 349.6 KH/s
20:29:35.873 >   Sending  : {"id":42,"method":"mining.submit","params":["bc1q6z9kn97flg52u69zsuwjt6sg7uxgjjsqnmnn76.IoT 2","1a0af5","00000001","69250646","db1a588d"]}
20:29:35.886 >    - Current diff share: 0.001970794964
20:29:35.891 >    - Current pool diff : 0.001600000000
20:29:35.894 >    - TX SHARE: f9f8ba8ce02941e220d70b976813888f6ce7228a9e093768feacd666fb010000
20:29:36.102 >   Receiving: {"id":42,"error":null,"result":true}
20:29:36.482 > >>> 0 shares, 34023 Khashes, avg 349.3 KH/s
20:29:37.518 > >>> 0 shares, 34392 Khashes, avg 352.4 KH/s
20:29:38.555 > >>> 0 shares, 34761 Khashes, avg 352.4 KH/s
20:29:39.512 >   Receiving: {"id":null,"method":"mining.notify","params":["1a14b8","d649393035182d1f276dd5155c4c7f1a7a9318620000a6150000000000000000","02000000010000000000000000000000000000000000000000000000000000000000000000ffffffff1703911d0e5075626c69632d506f6f6c","ffffffff02be99cc1200000000160014d08b6997c9fa28ae68a2871d25ea08f70c894a000000000000000000266a24aa21a9ede60250ceb27648aca1805289168d0c2447c53fae45c4d8e2e5c83208c1cd5a3300000000",["7a9ed97f335f45cf0e1cd4a17050beee6c282d15529c9918e9c3402f502282d3","6ef9971b9e208469f54544c349735eae23ec990ab389ef50e44595cf206a3dd1","e9124576710cc2674b623268cbb266ff42776e10e6fcddf2b55a8948cbcd4c6c","fb7105c0116d1f43da9c4f1c35e88068b3b2ce8c03bd4a00ae2e736dfa6097fe","3c6e69f097d96a6dff94935cf5a9ee325ffa7392ae525385db8cbd0189005cd3","b03bdeddca90bfe84520e08ae532696b4134b267f7f52f9790c7ad2b84882c4d","93f39f4c4163e528caedcbce8d7bd2ecc2ff33cf8cd5d916bc135025d40e8772","b661216245111142bde7bb1e40efc67ed54c46ec311d190a618c3a0ba52b03a8","0ee333bf0a83f98133760d665efcaa8aca8fcbb8f486819fd2a716d787183125","753b3ed759c72e02ccd548949d6ce49a3a00c191a60101dd1751444a8751a52e","d254bdc666ab92a44245f9ad2e26d7e306c12fabfdd103b16390dd369d44e83e"],"20000000","1701d936","69250682",false]}>>> 0 shares, 35113 Khashes, avg 349.2 KH/s
20:29:39.622 > 
20:29:39.622 >     Parsing Method [MINING NOTIFY]
20:29:39.624 >     target: 00000000000000000001d9360000000000000000000000000000000000000000
20:29:39.630 >     coinbase: 02000000010000000000000000000000000000000000000000000000000000000000000000ffffffff1703911d0e5075626c69632d506f6f6cdd58098200000001ffffffff02be99cc1200000000160014d08b6997c9fa28ae68a2871d25ea08f70c894a000000000000000000266a24aa21a9ede60250ceb27648aca1805289168d0c2447c53fae45c4d8e2e5c83208c1cd5a3300000000
20:29:39.658 >     merkle sha         : e3c3881567b3e0714a69af6e76644c4f2ba7c3ca8824a342a483a6dbd7fb688d
20:29:40.518 >   Sending  : {"id":43,"method":"mining.submit","params":["bc1q6z9kn97flg52u69zsuwjt6sg7uxgjjsqnmnn76.IoT 2","1a14b8","00000001","69250682","da57d8d1"]}
20:29:40.530 >    - Current diff share: 0.002204430699
20:29:40.535 >    - Current pool diff : 0.001600000000
20:29:40.538 >    - TX SHARE: ef5f21df929663f25e713983715e352fc71c4a248079ca359900fc9fc5010000
20:29:40.654 > >>> 0 shares, 35469 Khashes, avg 348.2 KH/s
20:29:40.749 >   Receiving: {"id":43,"error":null,"result":true}
20:29:41.691 > >>> 0 shares, 35842 Khashes, avg 349.3 KH/s
20:29:42.726 > >>> 0 shares, 36190 Khashes, avg 345.3 KH/s
20:29:43.764 > >>> 0 shares, 36563 Khashes, avg 346.1 KH/s
20:29:44.798 > >>> 0 shares, 36948 Khashes, avg 352.4 KH/s
20:29:45.837 > >>> 0 shares, 37300 Khashes, avg 353.4 KH/s
20:29:46.870 > >>> 0 shares, 37669 Khashes, avg 352.7 KH/s
20:29:47.906 > >>> 0 shares, 38038 Khashes, avg 356.8 KH/s
20:29:48.942 > >>> 0 shares, 38390 Khashes, avg 352.7 KH/s
20:29:49.978 > >>> 0 shares, 38758 Khashes, avg 349.4 KH/s
20:29:51.015 > >>> 0 shares, 39131 Khashes, avg 353.5 KH/s
20:29:52.049 > >>> 0 shares, 39479 Khashes, avg 349.5 KH/s
20:29:53.085 > >>> 0 shares, 39848 Khashes, avg 349.5 KH/s
20:29:54.121 > >>> 0 shares, 40221 Khashes, avg 353.5 KH/s
20:29:55.156 > >>> 0 shares, 40573 Khashes, avg 350.5 KH/s
20:29:56.192 > >>> 0 shares, 40958 Khashes, avg 352.8 KH/s
20:29:57.178 >   Sending  : {"id":44,"method":"mining.submit","params":["bc1q6z9kn97flg52u69zsuwjt6sg7uxgjjsqnmnn76.IoT 2","1a14b8","00000001","69250682","dab3085b"]}
20:29:57.196 >    - Current diff share: 0.009213488477
20:29:57.199 >    - Current pool diff : 0.001600000000
20:29:57.203 >    - TX SHARE: f47cc496d5246ed502924fa83c5fcf9d43ee0d45a16efabfaa01ed886c000000
20:29:57.229 > >>> 0 shares, 41327 Khashes, avg 356.8 KH/s
20:29:57.411 >   Receiving: {"id":44,"error":null,"result":true}
20:29:58.265 > >>> 0 shares, 41679 Khashes, avg 353.5 KH/s
20:29:58.966 >   Receiving: {"id":null,"method":"mining.set_difficulty","params":[0.0032]}
20:29:58.971 >     Parsing Method [SET DIFFICULTY]
20:29:58.974 >     difficulty: 0.003200000000
20:29:59.233 >   Receiving: {"id":null,"method":"mining.notify","params":["1a1507","d649393035182d1f276dd5155c4c7f1a7a9318620000a6150000000000000000","02000000010000000000000000000000000000000000000000000000000000000000000000ffffffff1703911d0e5075626c69632d506f6f6c","ffffffff02be99cc1200000000160014d08b6997c9fa28ae68a2871d25ea08f70c894a000000000000000000266a24aa21a9ede60250ceb27648aca1805289168d0c2447c53fae45c4d8e2e5c83208c1cd5a3300000000",["7a9ed97f335f45cf0e1cd4a17050beee6c282d15529c9918e9c3402f502282d3","6ef9971b9e208469f54544c349735eae23ec990ab389ef50e44595cf206a3dd1","e9124576710cc2674b623268cbb266ff42776e10e6fcddf2b55a8948cbcd4c6c","fb7105c0116d1f43da9c4f1c35e88068b3b2ce8c03bd4a00ae2e736dfa6097fe","3c6e69f097d96a6dff94935cf5a9ee325ffa7392ae525385db8cbd0189005cd3","b03bdeddca90bfe84520e08ae532696b4134b267f7f52f9790c7ad2b84882c4d","93f39f4c4163e528caedcbce8d7bd2ecc2ff33cf8cd5d916bc135025d40e8772","b661216245111142bde7bb1e40efc67ed54c46ec311d190a618c3a0ba52b03a8","0ee333bf0a83f98133760d665efcaa8aca8fcbb8f486819fd2a716d787183125","753b3ed759c72e02ccd548949d6ce49a3a00c191a60101dd1751444a8751a52e","d254bdc666ab92a44245f9ad2e26d7e306c12fabfdd103b16390dd369d44e83e"],"20000000","1701d936","69250682",true]}>>> 0 shares, 42048 Khashes, avg 352.7 KH/s
20:29:59.341 > 
20:29:59.341 >     Parsing Method [MINING NOTIFY]
20:29:59.344 >     target: 00000000000000000001d9360000000000000000000000000000000000000000
20:29:59.349 >     coinbase: 02000000010000000000000000000000000000000000000000000000000000000000000000ffffffff1703911d0e5075626c69632d506f6f6cdd58098200000001ffffffff02be99cc1200000000160014d08b6997c9fa28ae68a2871d25ea08f70c894a000000000000000000266a24aa21a9ede60250ceb27648aca1805289168d0c2447c53fae45c4d8e2e5c83208c1cd5a3300000000
20:29:59.377 >     merkle sha         : e3c3881567b3e0714a69af6e76644c4f2ba7c3ca8824a342a483a6dbd7fb688d
20:30:00.371 > >>> 0 shares, 42418 Khashes, avg 353.8 KH/s
20:30:01.408 > >>> 0 shares, 42770 Khashes, avg 347.5 KH/s
20:30:02.443 > >>> 0 shares, 43139 Khashes, avg 347.5 KH/s
20:30:03.479 > >>> 0 shares, 43507 Khashes, avg 350.6 KH/s
20:30:04.515 > >>> 0 shares, 43859 Khashes, avg 347.4 KH/s
20:30:05.550 > >>> 0 shares, 44228 Khashes, avg 349.5 KH/s
20:30:06.586 > >>> 0 shares, 44597 Khashes, avg 352.8 KH/s
20:30:07.622 > >>> 0 shares, 44949 Khashes, avg 349.5 KH/s
20:30:08.658 > >>> 0 shares, 45318 Khashes, avg 349.7 KH/s
20:30:09.694 > >>> 0 shares, 45690 Khashes, avg 353.5 KH/s
20:30:10.729 > >>> 0 shares, 46055 Khashes, avg 352.8 KH/s
20:30:11.765 > >>> 0 shares, 46424 Khashes, avg 352.8 KH/s
20:30:12.801 > >>> 0 shares, 46796 Khashes, avg 356.6 KH/s
20:30:13.836 > >>> 0 shares, 47149 Khashes, avg 353.6 KH/s
20:30:14.872 > >>> 0 shares, 47517 Khashes, avg 352.8 KH/s
20:30:15.911 > >>> 0 shares, 47886 Khashes, avg 353.5 KH/s
20:30:16.915 >   Sending  : {"id":45,"method":"mining.submit","params":["bc1q6z9kn97flg52u69zsuwjt6sg7uxgjjsqnmnn76.IoT 2","1a1507","00000001","69250682","dab3085b"]}
20:30:16.931 >    - Current diff share: 0.009213488477
20:30:16.934 >    - Current pool diff : 0.003200000000
20:30:16.937 >    - TX SHARE: f47cc496d5246ed502924fa83c5fcf9d43ee0d45a16efabfaa01ed>>> 0 shares, 48238 Khashes, avg 350.3 KH/s
20:30:16.948 > 886c000000
20:30:17.098 >   Receiving: {"id":45,"error":null,"result":true}
20:30:17.980 > >>> 0 shares, 48607 Khashes, avg 349.7 KH/s
20:30:19.016 > >>> 0 shares, 48975 Khashes, avg 352.5 KH/s
20:30:20.052 > >>> 0 shares, 49344 Khashes, avg 352.7 KH/s
20:30:21.088 > >>> 0 shares, 49696 Khashes, avg 349.4 KH/s
20:30:22.124 > >>> 0 shares, 50069 Khashes, avg 353.4 KH/s
20:30:23.160 > >>> 0 shares, 50438 Khashes, avg 353.4 KH/s
20:30:24.197 > >>> 0 shares, 50790 Khashes, avg 350.4 KH/s
20:30:25.233 > >>> 0 shares, 51159 Khashes, avg 350.4 KH/s
20:30:26.269 > >>> 0 shares, 51527 Khashes, avg 353.5 KH/s
20:30:27.304 > >>> 0 shares, 51879 Khashes, avg 349.5 KH/s
20:30:27.575 >   Sending  : {"id":46,"method":"mining.submit","params":["bc1q6z9kn97flg52u69zsuwjt6sg7uxgjjsqnmnn76.IoT 2","1a1507","00000001","69250682","daec6260"]}
20:30:27.587 >    - Current diff share: 0.006495954004
20:30:27.592 >    - Current pool diff : 0.003200000000
20:30:27.596 >    - TX SHARE: b005118c6c18c0e4e83bce7b9d5675ab59c0abb61047b4db98718bf099000000
20:30:27.803 >   Receiving: {"id":46,"error":null,"result":true}
20:30:28.341 > >>> 0 shares, 52248 Khashes, avg 349.5 KH/s
20:30:29.210 >   Sending  : {"id":47,"method":"mining.submit","params":["bc1q6z9kn97flg52u69zsuwjt6sg7uxgjjsqnmnn76.IoT 2","1a1507","00000001","69250682","daf566c4"]}
20:30:29.223 >    - Current diff share: 0.004327700924
20:30:29.228 >    - Current pool diff : 0.003200000000
20:30:29.231 >    - TX SHARE: 2c6c902cba4c8115d8b32688e028649ab05d284bb5b7e6667d65e810e7000000
20:30:29.340 >   Receiving: {"id":47,"error":null,"result":true}
20:30:29.377 > >>> 0 shares, 52633 Khashes, avg 355.8 KH/s
20:30:30.414 > >>> 0 shares, 52985 Khashes, avg 352.4 KH/s
20:30:31.450 > >>> 0 shares, 53354 Khashes, avg 352.6 KH/s
20:30:32.486 > >>> 0 shares, 53723 Khashes, avg 355.8 KH/s
20:30:33.521 > >>> 0 shares, 54091 Khashes, avg 355.7 KH/s
20:30:34.557 > >>> 0 shares, 54460 Khashes, avg 352.7 KH/s
20:30:35.593 > >>> 0 shares, 54829 Khashes, avg 356.1 KH/s
20:30:36.627 > >>> 0 shares, 55181 Khashes, avg 352.8 KH/s
20:30:37.665 > >>> 0 shares, 55549 Khashes, avg 352.6 KH/s
20:30:38.700 > >>> 0 shares, 55918 Khashes, avg 352.8 KH/s
20:30:39.609 >   Receiving: {"id":null,"method":"mining.notify","params":["1a1ebe","d649393035182d1f276dd5155c4c7f1a7a9318620000a6150000000000000000","02000000010000000000000000000000000000000000000000000000000000000000000000ffffffff1703911d0e5075626c69632d506f6f6c","ffffffff026e36cf1200000000160014d08b6997c9fa28ae68a2871d25ea08f70c894a000000000000000000266a24aa21a9ed9f908c3785586e2051fe3bd0c49d4efd27da1b1585e0042cf3f8e2c6ca300d4600000000",["7a9ed97f335f45cf0e1cd4a17050beee6c282d15529c9918e9c3402f502282d3","93916dc4210f0ef55ece2d08650bfe5c359b75efc6ace18b034b92cac3eb2db0","3ec79515cb35b988ffca4fcf5200939146f1f3f5a4c29c547356719fc5e8008e","2c36fdada8e7157f29e12148e7333cd5b7bab5c3c78247850779b3022855668e","de2d917c62e3394355ae8fa11bec53b24b27ef207ae8156ea56fc5e71551d033","4607ffb0372a87bc2f11f53064b4d74fe134cc63401e5607f6d63ca0ba483ae6","d9ce9de1cbf62f3e5cec898bbc796257577f13a500442fc0b076f02f59418631","f1ec6d7948f297b443b1a505168df0a2e38fcfc5327cc8ab5be135f69422467f","e3c722abdebd030241116c6b7000fb61469b4a2cdd32a5d9ec1a96c28cd3057d","42f8025c1e22b1e58c50ebeb35fa8a74856f0f2a2e96fcd7f38d39e460cb5616","cdc02181eb4354d548bdbc79b878d435e59d61056fb9998a2a32872eb4bc7098","d9a8de931dd923ca9c57b699a149e786d96b6b4a035df06a54976906eb348c36"],"20000000","1701d936","692506be",false]}
20:30:39.717 >     Parsing Method [MINING NOTIFY]
20:30:39.724 >     target: 00000000000000000001d9360000000000000000000000000000000000000000
20:30:39.728 >     coinbase: 02000000010000000000000000000000000000000000000000000000000000000000000000ffffffff1703911d0e5075626c69632d506f6f6cdd58098200000001ffffffff026e36cf1200000000160014d08b6997c9fa28ae68a2871d25ea08f70c894a000000000000000000266a24aa21a9ed9f908c3785586e2051fe3bd0c49d4efd27da1b1585e0042cf3f8e2c6ca300d4600000000>>> 0 shares, 56254 Khashes, avg 346.5 KH/s
20:30:39.759 > 
20:30:39.759 >     merkle sha         : 3f7da75fb2e842811478679ad5586ef3d07a06101e992553b3a35834f5b646f1
20:30:40.795 > >>> 0 shares, 56632 Khashes, avg 346.5 KH/s
20:30:41.831 > >>> 0 shares, 57001 Khashes, avg 349.8 KH/s
20:30:42.868 > >>> 0 shares, 57369 Khashes, avg 349.8 KH/s
20:30:43.903 > >>> 0 shares, 57722 Khashes, avg 346.7 KH/s
20:30:44.939 > >>> 0 shares, 58090 Khashes, avg 352.8 KH/s
20:30:45.975 > >>> 0 shares, 58463 Khashes, avg 353.5 KH/s
20:30:47.011 > >>> 0 shares, 58811 Khashes, avg 349.4 KH/s
20:30:48.048 > >>> 0 shares, 59184 Khashes, avg 350.4 KH/s
20:30:49.083 > >>> 0 shares, 59553 Khashes, avg 353.5 KH/s
20:30:50.118 > >>> 0 shares, 59905 Khashes, avg 350.5 KH/s
20:30:51.156 > >>> 0 shares, 60290 Khashes, avg 352.8 KH/s
20:30:52.190 > >>> 0 shares, 60658 Khashes, avg 356.6 KH/s
20:30:53.226 > >>> 0 shares, 61011 Khashes, avg 352.8 KH/s
20:30:54.261 > >>> 0 shares, 61379 Khashes, avg 352.6 KH/s
20:30:55.298 > >>> 0 shares, 61748 Khashes, avg 355.9 KH/s
20:30:56.337 > >>> 0 shares, 62100 Khashes, avg 349.5 KH/s
20:30:57.369 > >>> 0 shares, 62469 Khashes, avg 349.7 KH/s
20:30:58.405 > >>> 0 shares, 62858 Khashes, avg 356.6 KH/s
20:30:59.440 > >>> 0 shares, 63206 Khashes, avg 352.8 KH/s
20:31:00.476 > >>> 0 shares, 63579 Khashes, avg 353.5 KH/s
20:31:01.512 > >>> 0 shares, 63948 Khashes, avg 356.8 KH/s
20:31:02.549 > >>> 0 shares, 64300 Khashes, avg 353.5 KH/s
20:31:03.585 > >>> 0 shares, 64668 Khashes, avg 349.5 KH/s
20:31:04.620 > >>> 0 shares, 65037 Khashes, avg 353.5 KH/s
20:31:05.655 > >>> 0 shares, 65389 Khashes, avg 349.5 KH/s
20:31:06.691 > >>> 0 shares, 65774 Khashes, avg 352.6 KH/s
20:31:07.727 > >>> 0 shares, 66143 Khashes, avg 355.9 KH/s
20:31:08.765 > >>> 0 shares, 66516 Khashes, avg 356.8 KH/s
20:31:09.728 >   Sending  : KeepAlive suggest_difficulty
20:31:09.730 >   Sending  : {"id":48,"method":"mining.suggest_difficulty","params":[0.00015]}
20:31:09.799 > >>> 0 shares, 66864 Khashes, avg 352.8 KH/s
20:31:10.834 > >>> 0 shares, 67237 Khashes, avg 356.8 KH/s
20:31:11.870 > >>> 0 shares, 67585 Khashes, avg 349.7 KH/s
20:31:12.907 > >>> 0 shares, 67958 Khashes, avg 350.5 KH/s
20:31:13.943 > >>> 0 shares, 68326 Khashes, avg 349.5 KH/s
20:31:14.979 > >>> 0 shares, 68678 Khashes, avg 350.2 KH/s
20:31:16.016 > >>> 0 shares, 69047 Khashes, avg 349.4 KH/s
20:31:17.050 > >>> 0 shares, 69432 Khashes, avg 356.6 KH/s
20:31:18.086 > >>> 0 shares, 69784 Khashes, avg 352.6 KH/s
20:31:19.121 > >>> 0 shares, 70153 Khashes, avg 352.8 KH/s
20:31:20.158 > >>> 0 shares, 70522 Khashes, avg 356.1 KH/s
20:31:21.194 > >>> 0 shares, 70874 Khashes, avg 352.8 KH/s
20:31:22.229 > >>> 0 shares, 71243 Khashes, avg 349.7 KH/s
20:31:23.267 > >>> 0 shares, 71615 Khashes, avg 353.5 KH/s
20:31:24.301 > >>> 0 shares, 71963 Khashes, avg 349.5 KH/s
20:31:25.336 > >>> 0 shares, 72353 Khashes, avg 353.5 KH/s
20:31:26.372 > >>> 0 shares, 72721 Khashes, avg 356.6 KH/s
20:31:27.408 > >>> 0 shares, 73073 Khashes, avg 353.3 KH/s
20:31:28.445 > >>> 0 shares, 73442 Khashes, avg 352.8 KH/s
20:31:29.480 > >>> 0 shares, 73811 Khashes, avg 356.8 KH/s
20:31:30.522 > >>> 0 shares, 74163 Khashes, avg 349.5 KH/s
20:31:31.552 > >>> 0 shares, 74532 Khashes, avg 349.7 KH/s
20:31:32.588 > >>> 0 shares, 74900 Khashes, avg 352.8 KH/s
20:31:33.623 > >>> 0 shares, 75269 Khashes, avg 352.8 KH/s
20:31:34.659 > >>> 0 shares, 75638 Khashes, avg 352.8 KH/s
20:31:35.695 > >>> 0 shares, 76006 Khashes, avg 355.9 KH/s
20:31:36.732 > >>> 0 shares, 76358 Khashes, avg 352.6 KH/s
20:31:37.767 > >>> 0 shares, 76727 Khashes, avg 352.8 KH/s
20:31:38.802 > >>> 0 shares, 77100 Khashes, avg 353.5 KH/s
20:31:39.608 >   Receiving: {"id":null,"method":"mining.notify","params":["1a28c0","d649393035182d1f276dd5155c4c7f1a7a9318620000a6150000000000000000","02000000010000000000000000000000000000000000000000000000000000000000000000ffffffff1703911d0e5075626c69632d506f6f6c","ffffffff026ea8d01200000000160014d08b6997c9fa28ae68a2871d25ea08f70c894a000000000000000000266a24aa21a9ed0d570a4c90d1c8bed4b2bea4630533e0238160e0b61ce50022b5aa3b88b309f400000000",["7a9ed97f335f45cf0e1cd4a17050beee6c282d15529c9918e9c3402f502282d3","93916dc4210f0ef55ece2d08650bfe5c359b75efc6ace18b034b92cac3eb2db0","3ec79515cb35b988ffca4fcf5200939146f1f3f5a4c29c547356719fc5e8008e","2c36fdada8e7157f29e12148e7333cd5b7bab5c3c78247850779b3022855668e","900165f62f9831369718c779859e6cefe5a507a239fc3489beb9845d1771e971","e781e1554a49d274c7ca64bdcc15a17c1178914071d0f5b509b719bae326e210","4cdb924e7db94ac973d09c5c91a0ac64fe6af861bf1bf2818d0309a1c0263832","a528e16512ae9fb53a90b6e27b4160a7be343d8a81cccf57485f5c3cd0ba5b9e","08c2f9b99224b88651f08b929d126e74a23357f8353bb869a4f88b8a9f249d10","bbf4cfd5925f1a24e8cdbaf7fbbff90dd34d11352a18901c0cf0fa7763d78532","bb77f389e7280d6982db2e57ff8f6d1ddfa2c582a4f02a477ee9f26cb63a8538","321e6dfa651ac30d6753da52f308c89eee108668a9f549773b0159830d0f1480"],"20000000","1701d936","692506fa",false]}
20:31:39.716 >     Parsing Method [MINING NOTIFY]
20:31:39.721 >     target: 00000000000000000001d9360000000000000000000000000000000000000000
20:31:39.727 >     coinbase: 02000000010000000000000000000000000000000000000000000000000000000000000000ffffffff1703911d0e5075626c69632d506f6f6cdd58098200000001ffffffff026ea8d01200000000160014d08b6997c9fa28ae68a2871d25ea08f70c894a000000000000000000266a24aa21a9ed0d570a4c90d1c8bed4b2bea4630533e0238160e0b61ce50022b5aa3b88b309f400000000
20:31:39.755 >     merkle sha         : 2ce25b0d1925a07805372897668791b99a53aae75e33659e0e0abe225384796a
20:31:39.838 > >>> 0 shares, 77411 Khashes, avg 342.3 KH/s
20:31:40.873 > >>> 0 shares, 77822 Khashes, avg 350.6 KH/s
20:31:41.909 > >>> 0 shares, 78190 Khashes, avg 353.7 KH/s
20:31:42.945 > >>> 0 shares, 78543 Khashes, avg 350.7 KH/s
20:31:43.983 > >>> 0 shares, 78911 Khashes, avg 349.7 KH/s
20:31:45.017 > >>> 0 shares, 79280 Khashes, avg 360.9 KH/s
20:31:46.053 > >>> 0 shares, 79632 Khashes, avg 349.5 KH/s
20:31:47.089 > >>> 0 shares, 80001 Khashes, avg 349.7 KH/s
20:31:48.125 > >>> 0 shares, 80386 Khashes, avg 355.8 KH/s
20:31:49.160 > >>> 0 shares, 80738 Khashes, avg 352.8 KH/s
20:31:50.196 > >>> 0 shares, 81107 Khashes, avg 352.8 KH/s
20:31:51.233 > >>> 0 shares, 81479 Khashes, avg 356.6 KH/s
20:31:52.266 > >>> 0 shares, 81828 Khashes, avg 352.8 KH/s
20:31:53.303 > >>> 0 shares, 82200 Khashes, avg 350.3 KH/s
20:31:54.338 > >>> 0 shares, 82585 Khashes, avg 356.6 KH/s
20:31:55.375 > >>> 0 shares, 82934 Khashes, avg 352.8 KH/s
20:31:56.411 > >>> 0 shares, 83306 Khashes, avg 352.8 KH/s
20:31:57.447 > >>> 0 shares, 83675 Khashes, avg 356.6 KH/s
20:31:58.482 > >>> 0 shares, 84027 Khashes, avg 352.7 KH/s
20:31:59.518 > >>> 0 shares, 84396 Khashes, avg 349.6 KH/s
20:32:00.555 > >>> 0 shares, 84764 Khashes, avg 353.3 KH/s
20:32:01.591 > >>> 0 shares, 85117 Khashes, avg 349.6 KH/s
20:32:02.627 > >>> 0 shares, 85502 Khashes, avg 352.7 KH/s
20:32:03.663 > >>> 0 shares, 85870 Khashes, avg 355.8 KH/s
20:32:04.699 > >>> 0 shares, 86223 Khashes, avg 352.7 KH/s
20:32:05.735 > >>> 0 shares, 86591 Khashes, avg 352.7 KH/s
20:32:06.771 > >>> 0 shares, 86964 Khashes, avg 356.6 KH/s
20:32:07.808 > >>> 0 shares, 87312 Khashes, avg 349.4 KH/s
20:32:08.843 > >>> 0 shares, 87701 Khashes, avg 353.5 KH/s
20:32:09.728 >   Sending  : KeepAlive suggest_difficulty
20:32:09.730 >   Sending  : {"id":49,"method":"mining.suggest_difficulty","params":[0.00015]}
20:32:09.879 > >>> 0 shares, 88070 Khashes, avg 356.6 KH/s
20:32:10.917 > >>> 0 shares, 88422 Khashes, avg 353.5 KH/s
20:32:11.951 > >>> 0 shares, 88791 Khashes, avg 352.7 KH/s
20:32:12.987 > >>> 0 shares, 89159 Khashes, avg 356.6 KH/s
20:32:14.022 > >>> 0 shares, 89512 Khashes, avg 349.7 KH/s
20:32:15.059 > >>> 0 shares, 89880 Khashes, avg 349.5 KH/s
20:32:16.094 > >>> 0 shares, 90249 Khashes, avg 352.8 KH/s
20:32:17.130 > >>> 0 shares, 90601 Khashes, avg 349.5 KH/s
20:32:18.166 > >>> 0 shares, 90970 Khashes, avg 349.7 KH/s
20:32:19.202 > >>> 0 shares, 91343 Khashes, avg 353.5 KH/s
20:32:20.238 > >>> 0 shares, 91695 Khashes, avg 350.4 KH/s
20:32:21.274 > >>> 0 shares, 92064 Khashes, avg 350.4 KH/s
20:32:22.310 > >>> 0 shares, 92432 Khashes, avg 353.5 KH/s
20:32:23.345 > >>> 0 shares, 92801 Khashes, avg 353.5 KH/s
20:32:24.381 > >>> 0 shares, 93169 Khashes, avg 352.6 KH/s
20:32:25.417 > >>> 0 shares, 93538 Khashes, avg 355.9 KH/s
20:32:26.453 > >>> 0 shares, 93890 Khashes, avg 352.6 KH/s
20:32:27.489 > >>> 0 shares, 94259 Khashes, avg 352.8 KH/s
20:32:28.526 > >>> 0 shares, 94632 Khashes, avg 353.5 KH/s
20:32:29.561 > >>> 0 shares, 94980 Khashes, avg 349.6 KH/s
20:32:30.597 > >>> 0 shares, 95369 Khashes, avg 353.5 KH/s
20:32:31.633 > >>> 0 shares, 95738 Khashes, avg 356.8 KH/s
20:32:32.669 > >>> 0 shares, 96090 Khashes, avg 353.5 KH/s
20:32:33.706 > >>> 0 shares, 96459 Khashes, avg 352.7 KH/s
20:32:34.741 > >>> 0 shares, 96827 Khashes, avg 356.6 KH/s
20:32:35.777 > >>> 0 shares, 97179 Khashes, avg 349.4 KH/s
20:32:36.813 > >>> 0 shares, 97548 Khashes, avg 349.4 KH/s
20:32:37.850 > >>> 0 shares, 97917 Khashes, avg 352.7 KH/s
20:32:38.885 > >>> 0 shares, 98285 Khashes, avg 352.6 KH/s
20:32:39.754 >   Sending  : KeepAlive suggest_difficulty
20:32:39.758 >   Sending  : {"id":50,"method":"mining.suggest_difficulty","params":[0.00015]}
20:32:39.921 > >>> 0 shares, 98654 Khashes, avg 352.8 KH/s
20:32:40.220 >   Receiving: {"id":null,"method":"mining.notify","params":["1a32ba","d649393035182d1f276dd5155c4c7f1a7a9318620000a6150000000000000000","02000000010000000000000000000000000000000000000000000000000000000000000000ffffffff1703911d0e5075626c69632d506f6f6c","ffffffff0215ccd11200000000160014d08b6997c9fa28ae68a2871d25ea08f70c894a000000000000000000266a24aa21a9ed682e2deeaa820f7377b66eb00e99d7e99a77ac6908e5f0a9991e3da2f0e31d2100000000",["7a9ed97f335f45cf0e1cd4a17050beee6c282d15529c9918e9c3402f502282d3","79e93da73ffb560da59ed3177b3a536931a493f940bb52f7e5b3ef32cf81160e","efb8462d91229f024f2c51779293131e418a06d01248a71a9c50b6303a1e3e12","35056496e1109f105000700ad64ed23e2c52bf4a1a7d8e2f6ce3f4bca0e0968d","a87f0ce754fe3fd8cfc15a1dcc98efd22cbd91587e70bed1f242b6cb21a7d01c","7b157fc23b126ba1e2e8dfa64072a628063d92769049db6658554453adeb52e9","edaf6b467effc69f0ca88fc1451d1801973c1bca91381814a7820aff5da08f3e","c3c22e712f2246facb68d6fdeca162558a4c24516a581edd33cb536b92690d29","ad405ce00fc163a145a4a09b424142af75f50749a19f2a3104789d57e98db447","22d8f694093227d6da3b4ccaf8f2118ac8b2d1c782ebb6235f0a2343135f27f4","f293d1d164337e5cb8ab1a5086fcdc5df771dc04834bd8d46538d33ca26db5d2","1bc452ca3f98087e31b6743b901b420558c542c8d900177f238418aa96f15364"],"20000000","1701d936","69250736",false]}
20:32:40.328 >     Parsing Method [MINING NOTIFY]
20:32:40.334 >     target: 00000000000000000001d9360000000000000000000000000000000000000000
20:32:40.339 >     coinbase: 02000000010000000000000000000000000000000000000000000000000000000000000000ffffffff1703911d0e5075626c69632d506f6f6cdd58098200000001ffffffff0215ccd11200000000160014d08b6997c9fa28ae68a2871d25ea08f70c894a000000000000000000266a24aa21a9ed682e2deeaa820f7377b66eb00e99d7e99a77ac6908e5f0a9991e3da2f0e31d2100000000
20:32:40.367 >     merkle sha         : d330899f75dec68181836d475e14ca18b5eb5fe884c87372e62e97eb7ac5452a
20:32:40.958 > >>> 0 shares, 98988 Khashes, avg 349.3 KH/s
20:32:41.992 > >>> 0 shares, 99360 Khashes, avg 349.9 KH/s
20:32:43.029 > >>> 0 shares, 99729 Khashes, avg 349.9 KH/s
20:32:44.065 > >>> 0 shares, 100093 Khashes, avg 349.0 KH/s
20:32:45.101 > >>> 0 shares, 100466 Khashes, avg 349.8 KH/s
20:32:46.137 > >>> 0 shares, 100835 Khashes, avg 356.6 KH/s
20:32:47.173 > >>> 0 shares, 101187 Khashes, avg 352.7 KH/s
20:32:48.210 > >>> 0 shares, 101556 Khashes, avg 352.7 KH/s
20:32:49.245 > >>> 0 shares, 101924 Khashes, avg 353.5 KH/s
20:32:49.247 >   Sending  : {"id":51,"method":"mining.submit","params":["bc1q6z9kn97flg52u69zsuwjt6sg7uxgjjsqnmnn76.IoT 2","1a32ba","00000001","69250736","da846feb"]}
20:32:49.261 >    - Current diff share: 0.003225620128
20:32:49.264 >    - Current pool diff : 0.003200000000
20:32:49.267 >    - TX SHARE: eee647440c0f8fa989b94f840e308c1f7131fa70452c18b317855f0336010000
20:32:49.425 >   Receiving: {"id":51,"error":null,"result":true}
20:32:50.282 > >>> 0 shares, 102293 Khashes, avg 352.7 KH/s
20:32:51.317 > >>> 0 shares, 102662 Khashes, avg 352.6 KH/s
20:32:52.353 > >>> 0 shares, 103014 Khashes, avg 352.7 KH/s
20:32:53.389 > >>> 0 shares, 103383 Khashes, avg 352.7 KH/s
20:32:54.424 > >>> 0 shares, 103755 Khashes, avg 353.5 KH/s
20:32:55.460 > >>> 0 shares, 104108 Khashes, avg 350.4 KH/s
20:32:56.496 > >>> 0 shares, 104476 Khashes, avg 350.3 KH/s
20:32:57.532 > >>> 0 shares, 104845 Khashes, avg 353.5 KH/s
20:32:58.567 > >>> 0 shares, 105197 Khashes, avg 350.3 KH/s
20:32:59.602 > >>> 0 shares, 105566 Khashes, avg 349.7 KH/s
20:33:00.642 > >>> 0 shares, 105934 Khashes, avg 352.6 KH/s
20:33:01.675 > >>> 0 shares, 106287 Khashes, avg 349.7 KH/s
20:33:02.195 >   Sending  : {"id":52,"method":"mining.submit","params":["bc1q6z9kn97flg52u69zsuwjt6sg7uxgjjsqnmnn76.IoT 2","1a32ba","00000001","69250736","daca4463"]}
20:33:02.207 >    - Current diff share: 0.004639057969
20:33:02.212 >    - Current pool diff : 0.003200000000
20:33:02.215 >    - TX SHARE: d18abe158e7a55bc4d964a0324c064ad3316e7bf9b61c2c6c37dc68ed7000000
20:33:02.575 >   Receiving: {"id":52,"error":null,"result":true}
20:33:02.713 > >>> 0 shares, 106655 Khashes, avg 349.5 KH/s
20:33:03.750 > >>> 0 shares, 107024 Khashes, avg 352.6 KH/s
20:33:04.785 > >>> 0 shares, 107393 Khashes, avg 352.6 KH/s
20:33:05.821 > >>> 0 shares, 107765 Khashes, avg 353.3 KH/s
20:33:06.856 > >>> 0 shares, 108113 Khashes, avg 352.4 KH/s
20:33:07.891 > >>> 0 shares, 108486 Khashes, avg 353.4 KH/s
20:33:08.928 > >>> 0 shares, 108855 Khashes, avg 353.5 KH/s
20:33:09.964 > >>> 0 shares, 109207 Khashes, avg 350.3 KH/s
20:33:11.000 > >>> 0 shares, 109576 Khashes, avg 349.7 KH/s
20:33:12.035 > >>> 0 shares, 109944 Khashes, avg 353.5 KH/s
20:33:13.071 > >>> 0 shares, 110297 Khashes, avg 349.7 KH/s
20:33:14.107 > >>> 0 shares, 110682 Khashes, avg 352.8 KH/s
20:33:15.142 > >>> 0 shares, 111054 Khashes, avg 356.6 KH/s
20:33:16.178 > >>> 0 shares, 111403 Khashes, avg 352.8 KH/s
20:33:17.214 > >>> 0 shares, 111775 Khashes, avg 353.6 KH/s
20:33:18.251 > >>> 0 shares, 112144 Khashes, avg 356.6 KH/s
20:33:19.286 > >>> 0 shares, 112496 Khashes, avg 350.3 KH/s
20:33:20.322 > >>> 0 shares, 112865 Khashes, avg 349.7 KH/s
20:33:21.358 > >>> 0 shares, 113233 Khashes, avg 353.3 KH/s
20:33:22.395 > >>> 0 shares, 113586 Khashes, avg 349.6 KH/s
